INFO - 2023-07-22 02:12:23 --> Session: Class initialized using 'CodeIgniter\Session\Handlers\FileHandler' driver.
INFO - 2023-07-22 02:12:28 --> Session: Class initialized using 'CodeIgniter\Session\Handlers\FileHandler' driver.
INFO - 2023-07-22 02:13:12 --> Session: Class initialized using 'CodeIgniter\Session\Handlers\FileHandler' driver.
INFO - 2023-07-22 06:32:18 --> Session: Class initialized using 'CodeIgniter\Session\Handlers\FileHandler' driver.
INFO - 2023-07-22 06:32:19 --> Session: Class initialized using 'CodeIgniter\Session\Handlers\FileHandler' driver.
INFO - 2023-07-22 06:34:57 --> Session: Class initialized using 'CodeIgniter\Session\Handlers\FileHandler' driver.
INFO - 2023-07-22 06:39:07 --> Session: Class initialized using 'CodeIgniter\Session\Handlers\FileHandler' driver.
INFO - 2023-07-22 06:44:57 --> Session: Class initialized using 'CodeIgniter\Session\Handlers\FileHandler' driver.
INFO - 2023-07-22 06:45:24 --> Session: Class initialized using 'CodeIgniter\Session\Handlers\FileHandler' driver.
INFO - 2023-07-22 06:45:25 --> Session: Class initialized using 'CodeIgniter\Session\Handlers\FileHandler' driver.
INFO - 2023-07-22 06:45:42 --> Session: Class initialized using 'CodeIgniter\Session\Handlers\FileHandler' driver.
INFO - 2023-07-22 06:46:00 --> Session: Class initialized using 'CodeIgniter\Session\Handlers\FileHandler' driver.
INFO - 2023-07-22 07:34:04 --> Session: Class initialized using 'CodeIgniter\Session\Handlers\FileHandler' driver.
INFO - 2023-07-22 07:34:19 --> Session: Class initialized using 'CodeIgniter\Session\Handlers\FileHandler' driver.
INFO - 2023-07-22 07:34:37 --> Session: Class initialized using 'CodeIgniter\Session\Handlers\FileHandler' driver.
INFO - 2023-07-22 10:27:42 --> Session: Class initialized using 'CodeIgniter\Session\Handlers\FileHandler' driver.
INFO - 2023-07-22 10:27:43 --> Session: Class initialized using 'CodeIgniter\Session\Handlers\FileHandler' driver.
INFO - 2023-07-22 10:30:27 --> Session: Class initialized using 'CodeIgniter\Session\Handlers\FileHandler' driver.
ERROR - 2023-07-22 10:30:27 --> mysqli_sql_exception: Unknown column 'transaksi.id_barang' in 'on clause' in C:\Users\isaka\OneDrive\Dokumen\application\ci4\vapor\vendor\codeigniter4\framework\system\Database\MySQLi\Connection.php:295
Stack trace:
#0 C:\Users\isaka\OneDrive\Dokumen\application\ci4\vapor\vendor\codeigniter4\framework\system\Database\MySQLi\Connection.php(295): mysqli->query('SELECT *\nFROM `...', 0)
#1 C:\Users\isaka\OneDrive\Dokumen\application\ci4\vapor\vendor\codeigniter4\framework\system\Database\BaseConnection.php(691): CodeIgniter\Database\MySQLi\Connection->execute('SELECT *\nFROM `...')
#2 C:\Users\isaka\OneDrive\Dokumen\application\ci4\vapor\vendor\codeigniter4\framework\system\Database\BaseConnection.php(605): CodeIgniter\Database\BaseConnection->simpleQuery('SELECT *\nFROM `...')
#3 C:\Users\isaka\OneDrive\Dokumen\application\ci4\vapor\vendor\codeigniter4\framework\system\Database\BaseBuilder.php(1602): CodeIgniter\Database\BaseConnection->query('SELECT *\nFROM `...', Array, false)
#4 C:\Users\isaka\OneDrive\Dokumen\application\ci4\vapor\app\Models\TransaksiModel.php(37): CodeIgniter\Database\BaseBuilder->get()
#5 C:\Users\isaka\OneDrive\Dokumen\application\ci4\vapor\app\Controllers\Laporan.php(20): App\Models\TransaksiModel->joinTransaksi()
#6 C:\Users\isaka\OneDrive\Dokumen\application\ci4\vapor\vendor\codeigniter4\framework\system\CodeIgniter.php(934): App\Controllers\Laporan->index()
#7 C:\Users\isaka\OneDrive\Dokumen\application\ci4\vapor\vendor\codeigniter4\framework\system\CodeIgniter.php(499): CodeIgniter\CodeIgniter->runController(Object(App\Controllers\Laporan))
#8 C:\Users\isaka\OneDrive\Dokumen\application\ci4\vapor\vendor\codeigniter4\framework\system\CodeIgniter.php(368): CodeIgniter\CodeIgniter->handleRequest(NULL, Object(Config\Cache), false)
#9 C:\Users\isaka\OneDrive\Dokumen\application\ci4\vapor\public\index.php(67): CodeIgniter\CodeIgniter->run()
#10 C:\Users\isaka\OneDrive\Dokumen\application\ci4\vapor\vendor\codeigniter4\framework\system\Commands\Server\rewrite.php(47): require_once('C:\\Users\\isaka\\...')
#11 {main}
CRITICAL - 2023-07-22 10:30:27 --> Unknown column 'transaksi.id_barang' in 'on clause'
in SYSTEMPATH\Database\BaseConnection.php on line 645.
 1 SYSTEMPATH\Database\BaseBuilder.php(1602): CodeIgniter\Database\BaseConnection->query('SELECT *
FROM `transaksi`
JOIN `barang` ON `barang`.`id_barang` = `transaksi`.`id_barang`
JOIN `user` ON `user`.`id_user` = `transaksi`.`id_user`
JOIN `pembayaran` ON `pembayaran`.`id_pembayaran` = `transaksi`.`id_pembayaran`', [], false)
 2 APPPATH\Models\TransaksiModel.php(37): CodeIgniter\Database\BaseBuilder->get()
 3 APPPATH\Controllers\Laporan.php(20): App\Models\TransaksiModel->joinTransaksi()
 4 SYSTEMPATH\CodeIgniter.php(934): App\Controllers\Laporan->index()
 5 SYSTEMPATH\CodeIgniter.php(499): CodeIgniter\CodeIgniter->runController(Object(App\Controllers\Laporan))
 6 SYSTEMPATH\CodeIgniter.php(368): CodeIgniter\CodeIgniter->handleRequest(null, Object(Config\Cache), false)
 7 FCPATH\index.php(67): CodeIgniter\CodeIgniter->run()
 8 SYSTEMPATH\Commands\Server\rewrite.php(47): require_once('FCPATH\\index.php')
INFO - 2023-07-22 10:30:28 --> Session: Class initialized using 'CodeIgniter\Session\Handlers\FileHandler' driver.
ERROR - 2023-07-22 10:30:28 --> mysqli_sql_exception: Unknown column 'transaksi.id_barang' in 'on clause' in C:\Users\isaka\OneDrive\Dokumen\application\ci4\vapor\vendor\codeigniter4\framework\system\Database\MySQLi\Connection.php:295
Stack trace:
#0 C:\Users\isaka\OneDrive\Dokumen\application\ci4\vapor\vendor\codeigniter4\framework\system\Database\MySQLi\Connection.php(295): mysqli->query('SELECT *\nFROM `...', 0)
#1 C:\Users\isaka\OneDrive\Dokumen\application\ci4\vapor\vendor\codeigniter4\framework\system\Database\BaseConnection.php(691): CodeIgniter\Database\MySQLi\Connection->execute('SELECT *\nFROM `...')
#2 C:\Users\isaka\OneDrive\Dokumen\application\ci4\vapor\vendor\codeigniter4\framework\system\Database\BaseConnection.php(605): CodeIgniter\Database\BaseConnection->simpleQuery('SELECT *\nFROM `...')
#3 C:\Users\isaka\OneDrive\Dokumen\application\ci4\vapor\vendor\codeigniter4\framework\system\Database\BaseBuilder.php(1602): CodeIgniter\Database\BaseConnection->query('SELECT *\nFROM `...', Array, false)
#4 C:\Users\isaka\OneDrive\Dokumen\application\ci4\vapor\app\Models\TransaksiModel.php(37): CodeIgniter\Database\BaseBuilder->get()
#5 C:\Users\isaka\OneDrive\Dokumen\application\ci4\vapor\app\Controllers\Transaksi.php(20): App\Models\TransaksiModel->joinTransaksi()
#6 C:\Users\isaka\OneDrive\Dokumen\application\ci4\vapor\vendor\codeigniter4\framework\system\CodeIgniter.php(934): App\Controllers\Transaksi->index()
#7 C:\Users\isaka\OneDrive\Dokumen\application\ci4\vapor\vendor\codeigniter4\framework\system\CodeIgniter.php(499): CodeIgniter\CodeIgniter->runController(Object(App\Controllers\Transaksi))
#8 C:\Users\isaka\OneDrive\Dokumen\application\ci4\vapor\vendor\codeigniter4\framework\system\CodeIgniter.php(368): CodeIgniter\CodeIgniter->handleRequest(NULL, Object(Config\Cache), false)
#9 C:\Users\isaka\OneDrive\Dokumen\application\ci4\vapor\public\index.php(67): CodeIgniter\CodeIgniter->run()
#10 C:\Users\isaka\OneDrive\Dokumen\application\ci4\vapor\vendor\codeigniter4\framework\system\Commands\Server\rewrite.php(47): require_once('C:\\Users\\isaka\\...')
#11 {main}
CRITICAL - 2023-07-22 10:30:28 --> Unknown column 'transaksi.id_barang' in 'on clause'
in SYSTEMPATH\Database\BaseConnection.php on line 645.
 1 SYSTEMPATH\Database\BaseBuilder.php(1602): CodeIgniter\Database\BaseConnection->query('SELECT *
FROM `transaksi`
JOIN `barang` ON `barang`.`id_barang` = `transaksi`.`id_barang`
JOIN `user` ON `user`.`id_user` = `transaksi`.`id_user`
JOIN `pembayaran` ON `pembayaran`.`id_pembayaran` = `transaksi`.`id_pembayaran`', [], false)
 2 APPPATH\Models\TransaksiModel.php(37): CodeIgniter\Database\BaseBuilder->get()
 3 APPPATH\Controllers\Transaksi.php(20): App\Models\TransaksiModel->joinTransaksi()
 4 SYSTEMPATH\CodeIgniter.php(934): App\Controllers\Transaksi->index()
 5 SYSTEMPATH\CodeIgniter.php(499): CodeIgniter\CodeIgniter->runController(Object(App\Controllers\Transaksi))
 6 SYSTEMPATH\CodeIgniter.php(368): CodeIgniter\CodeIgniter->handleRequest(null, Object(Config\Cache), false)
 7 FCPATH\index.php(67): CodeIgniter\CodeIgniter->run()
 8 SYSTEMPATH\Commands\Server\rewrite.php(47): require_once('FCPATH\\index.php')
INFO - 2023-07-22 10:31:56 --> Session: Class initialized using 'CodeIgniter\Session\Handlers\FileHandler' driver.
INFO - 2023-07-22 10:33:06 --> Session: Class initialized using 'CodeIgniter\Session\Handlers\FileHandler' driver.
INFO - 2023-07-22 10:33:15 --> Session: Class initialized using 'CodeIgniter\Session\Handlers\FileHandler' driver.
INFO - 2023-07-22 10:33:41 --> Session: Class initialized using 'CodeIgniter\Session\Handlers\FileHandler' driver.
INFO - 2023-07-22 10:33:46 --> Session: Class initialized using 'CodeIgniter\Session\Handlers\FileHandler' driver.
INFO - 2023-07-22 10:33:49 --> Session: Class initialized using 'CodeIgniter\Session\Handlers\FileHandler' driver.
INFO - 2023-07-22 10:33:54 --> Session: Class initialized using 'CodeIgniter\Session\Handlers\FileHandler' driver.
INFO - 2023-07-22 10:34:01 --> Session: Class initialized using 'CodeIgniter\Session\Handlers\FileHandler' driver.
INFO - 2023-07-22 10:34:04 --> Session: Class initialized using 'CodeIgniter\Session\Handlers\FileHandler' driver.
INFO - 2023-07-22 10:34:15 --> Session: Class initialized using 'CodeIgniter\Session\Handlers\FileHandler' driver.
INFO - 2023-07-22 10:36:12 --> Session: Class initialized using 'CodeIgniter\Session\Handlers\FileHandler' driver.
INFO - 2023-07-22 10:36:43 --> Session: Class initialized using 'CodeIgniter\Session\Handlers\FileHandler' driver.
INFO - 2023-07-22 10:37:20 --> Session: Class initialized using 'CodeIgniter\Session\Handlers\FileHandler' driver.
INFO - 2023-07-22 10:38:17 --> Session: Class initialized using 'CodeIgniter\Session\Handlers\FileHandler' driver.
INFO - 2023-07-22 10:38:56 --> Session: Class initialized using 'CodeIgniter\Session\Handlers\FileHandler' driver.
INFO - 2023-07-22 10:39:05 --> Session: Class initialized using 'CodeIgniter\Session\Handlers\FileHandler' driver.
INFO - 2023-07-22 10:39:47 --> Session: Class initialized using 'CodeIgniter\Session\Handlers\FileHandler' driver.
INFO - 2023-07-22 10:40:06 --> Session: Class initialized using 'CodeIgniter\Session\Handlers\FileHandler' driver.
INFO - 2023-07-22 10:40:31 --> Session: Class initialized using 'CodeIgniter\Session\Handlers\FileHandler' driver.
INFO - 2023-07-22 10:40:48 --> Session: Class initialized using 'CodeIgniter\Session\Handlers\FileHandler' driver.
INFO - 2023-07-22 10:44:35 --> Session: Class initialized using 'CodeIgniter\Session\Handlers\FileHandler' driver.
INFO - 2023-07-22 10:45:52 --> Session: Class initialized using 'CodeIgniter\Session\Handlers\FileHandler' driver.
INFO - 2023-07-22 10:55:15 --> Session: Class initialized using 'CodeIgniter\Session\Handlers\FileHandler' driver.
INFO - 2023-07-22 10:55:41 --> Session: Class initialized using 'CodeIgniter\Session\Handlers\FileHandler' driver.
INFO - 2023-07-22 10:56:07 --> Session: Class initialized using 'CodeIgniter\Session\Handlers\FileHandler' driver.
INFO - 2023-07-22 10:58:34 --> Session: Class initialized using 'CodeIgniter\Session\Handlers\FileHandler' driver.
INFO - 2023-07-22 10:58:55 --> Session: Class initialized using 'CodeIgniter\Session\Handlers\FileHandler' driver.
INFO - 2023-07-22 10:59:10 --> Session: Class initialized using 'CodeIgniter\Session\Handlers\FileHandler' driver.
INFO - 2023-07-22 10:59:31 --> Session: Class initialized using 'CodeIgniter\Session\Handlers\FileHandler' driver.
INFO - 2023-07-22 11:01:26 --> Session: Class initialized using 'CodeIgniter\Session\Handlers\FileHandler' driver.
INFO - 2023-07-22 11:02:01 --> Session: Class initialized using 'CodeIgniter\Session\Handlers\FileHandler' driver.
INFO - 2023-07-22 11:02:18 --> Session: Class initialized using 'CodeIgniter\Session\Handlers\FileHandler' driver.
INFO - 2023-07-22 11:02:22 --> Session: Class initialized using 'CodeIgniter\Session\Handlers\FileHandler' driver.
INFO - 2023-07-22 11:02:56 --> Session: Class initialized using 'CodeIgniter\Session\Handlers\FileHandler' driver.
INFO - 2023-07-22 11:03:36 --> Session: Class initialized using 'CodeIgniter\Session\Handlers\FileHandler' driver.
INFO - 2023-07-22 11:03:55 --> Session: Class initialized using 'CodeIgniter\Session\Handlers\FileHandler' driver.
INFO - 2023-07-22 11:04:46 --> Session: Class initialized using 'CodeIgniter\Session\Handlers\FileHandler' driver.
INFO - 2023-07-22 11:05:58 --> Session: Class initialized using 'CodeIgniter\Session\Handlers\FileHandler' driver.
INFO - 2023-07-22 11:12:34 --> Session: Class initialized using 'CodeIgniter\Session\Handlers\FileHandler' driver.
INFO - 2023-07-22 11:12:38 --> Session: Class initialized using 'CodeIgniter\Session\Handlers\FileHandler' driver.
INFO - 2023-07-22 11:13:35 --> Session: Class initialized using 'CodeIgniter\Session\Handlers\FileHandler' driver.
INFO - 2023-07-22 11:15:15 --> Session: Class initialized using 'CodeIgniter\Session\Handlers\FileHandler' driver.
INFO - 2023-07-22 11:16:07 --> Session: Class initialized using 'CodeIgniter\Session\Handlers\FileHandler' driver.
INFO - 2023-07-22 11:16:30 --> Session: Class initialized using 'CodeIgniter\Session\Handlers\FileHandler' driver.
INFO - 2023-07-22 11:17:28 --> Session: Class initialized using 'CodeIgniter\Session\Handlers\FileHandler' driver.
INFO - 2023-07-22 11:17:52 --> Session: Class initialized using 'CodeIgniter\Session\Handlers\FileHandler' driver.
INFO - 2023-07-22 11:18:34 --> Session: Class initialized using 'CodeIgniter\Session\Handlers\FileHandler' driver.
INFO - 2023-07-22 11:19:02 --> Session: Class initialized using 'CodeIgniter\Session\Handlers\FileHandler' driver.
INFO - 2023-07-22 11:19:31 --> Session: Class initialized using 'CodeIgniter\Session\Handlers\FileHandler' driver.
INFO - 2023-07-22 11:20:11 --> Session: Class initialized using 'CodeIgniter\Session\Handlers\FileHandler' driver.
INFO - 2023-07-22 11:21:13 --> Session: Class initialized using 'CodeIgniter\Session\Handlers\FileHandler' driver.
INFO - 2023-07-22 11:22:03 --> Session: Class initialized using 'CodeIgniter\Session\Handlers\FileHandler' driver.
INFO - 2023-07-22 11:22:30 --> Session: Class initialized using 'CodeIgniter\Session\Handlers\FileHandler' driver.
INFO - 2023-07-22 11:23:17 --> Session: Class initialized using 'CodeIgniter\Session\Handlers\FileHandler' driver.
INFO - 2023-07-22 11:28:40 --> Session: Class initialized using 'CodeIgniter\Session\Handlers\FileHandler' driver.
INFO - 2023-07-22 11:28:40 --> Cart Class Initialized
INFO - 2023-07-22 11:28:45 --> Session: Class initialized using 'CodeIgniter\Session\Handlers\FileHandler' driver.
INFO - 2023-07-22 11:28:45 --> Cart Class Initialized
INFO - 2023-07-22 11:32:02 --> Session: Class initialized using 'CodeIgniter\Session\Handlers\FileHandler' driver.
INFO - 2023-07-22 11:32:02 --> Cart Class Initialized
INFO - 2023-07-22 11:32:34 --> Session: Class initialized using 'CodeIgniter\Session\Handlers\FileHandler' driver.
INFO - 2023-07-22 11:32:34 --> Cart Class Initialized
CRITICAL - 2023-07-22 11:32:34 --> Undefined property: App\Controllers\Transaksi::$input
in APPPATH\Controllers\Transaksi.php on line 44.
 1 APPPATH\Controllers\Transaksi.php(44): CodeIgniter\Debug\Exceptions->errorHandler(2, 'Undefined property: App\\Controllers\\Transaksi::$input', 'APPPATH\\Controllers\\Transaksi.php', 44)
 2 SYSTEMPATH\CodeIgniter.php(934): App\Controllers\Transaksi->save()
 3 SYSTEMPATH\CodeIgniter.php(499): CodeIgniter\CodeIgniter->runController(Object(App\Controllers\Transaksi))
 4 SYSTEMPATH\CodeIgniter.php(368): CodeIgniter\CodeIgniter->handleRequest(null, Object(Config\Cache), false)
 5 FCPATH\index.php(67): CodeIgniter\CodeIgniter->run()
 6 SYSTEMPATH\Commands\Server\rewrite.php(47): require_once('FCPATH\\index.php')
INFO - 2023-07-22 11:33:25 --> Session: Class initialized using 'CodeIgniter\Session\Handlers\FileHandler' driver.
INFO - 2023-07-22 11:33:25 --> Cart Class Initialized
INFO - 2023-07-22 11:33:25 --> Session: Class initialized using 'CodeIgniter\Session\Handlers\FileHandler' driver.
INFO - 2023-07-22 11:33:25 --> Cart Class Initialized
INFO - 2023-07-22 12:10:23 --> Session: Class initialized using 'CodeIgniter\Session\Handlers\FileHandler' driver.
INFO - 2023-07-22 12:10:23 --> Cart Class Initialized
CRITICAL - 2023-07-22 12:10:23 --> Undefined property: CodeIgniter\View\View::$cart
in APPPATH\Views\transaksi\create.php on line 65.
 1 APPPATH\Views\transaksi\create.php(65): CodeIgniter\Debug\Exceptions->errorHandler(2, 'Undefined property: CodeIgniter\\View\\View::$cart', 'APPPATH\\Views\\transaksi\\create.php', 65)
 2 SYSTEMPATH\View\View.php(213): include('APPPATH\\Views\\transaksi\\create.php')
 3 SYSTEMPATH\View\View.php(216): CodeIgniter\View\View->CodeIgniter\View\{closure}()
 4 SYSTEMPATH\Common.php(1177): CodeIgniter\View\View->render('transaksi/create', [], true)
 5 APPPATH\Controllers\Transaksi.php(39): view('transaksi/create', [...])
 6 SYSTEMPATH\CodeIgniter.php(934): App\Controllers\Transaksi->create()
 7 SYSTEMPATH\CodeIgniter.php(499): CodeIgniter\CodeIgniter->runController(Object(App\Controllers\Transaksi))
 8 SYSTEMPATH\CodeIgniter.php(368): CodeIgniter\CodeIgniter->handleRequest(null, Object(Config\Cache), false)
 9 FCPATH\index.php(67): CodeIgniter\CodeIgniter->run()
10 SYSTEMPATH\Commands\Server\rewrite.php(47): require_once('FCPATH\\index.php')
INFO - 2023-07-22 12:13:11 --> Session: Class initialized using 'CodeIgniter\Session\Handlers\FileHandler' driver.
INFO - 2023-07-22 12:13:11 --> Cart Class Initialized
CRITICAL - 2023-07-22 12:13:11 --> Undefined property: CodeIgniter\View\View::$cart
in APPPATH\Views\transaksi\create.php on line 65.
 1 APPPATH\Views\transaksi\create.php(65): CodeIgniter\Debug\Exceptions->errorHandler(2, 'Undefined property: CodeIgniter\\View\\View::$cart', 'APPPATH\\Views\\transaksi\\create.php', 65)
 2 SYSTEMPATH\View\View.php(213): include('APPPATH\\Views\\transaksi\\create.php')
 3 SYSTEMPATH\View\View.php(216): CodeIgniter\View\View->CodeIgniter\View\{closure}()
 4 SYSTEMPATH\Common.php(1177): CodeIgniter\View\View->render('transaksi/create', [], true)
 5 APPPATH\Controllers\Transaksi.php(39): view('transaksi/create', [...])
 6 SYSTEMPATH\CodeIgniter.php(934): App\Controllers\Transaksi->create()
 7 SYSTEMPATH\CodeIgniter.php(499): CodeIgniter\CodeIgniter->runController(Object(App\Controllers\Transaksi))
 8 SYSTEMPATH\CodeIgniter.php(368): CodeIgniter\CodeIgniter->handleRequest(null, Object(Config\Cache), false)
 9 FCPATH\index.php(67): CodeIgniter\CodeIgniter->run()
10 SYSTEMPATH\Commands\Server\rewrite.php(47): require_once('FCPATH\\index.php')
INFO - 2023-07-22 12:17:50 --> Session: Class initialized using 'CodeIgniter\Session\Handlers\FileHandler' driver.
INFO - 2023-07-22 12:17:50 --> Cart Class Initialized
CRITICAL - 2023-07-22 12:17:50 --> Undefined property: CodeIgniter\View\View::$cart
in APPPATH\Views\transaksi\create.php on line 72.
 1 APPPATH\Views\transaksi\create.php(72): CodeIgniter\Debug\Exceptions->errorHandler(2, 'Undefined property: CodeIgniter\\View\\View::$cart', 'APPPATH\\Views\\transaksi\\create.php', 72)
 2 SYSTEMPATH\View\View.php(213): include('APPPATH\\Views\\transaksi\\create.php')
 3 SYSTEMPATH\View\View.php(216): CodeIgniter\View\View->CodeIgniter\View\{closure}()
 4 SYSTEMPATH\Common.php(1177): CodeIgniter\View\View->render('transaksi/create', [], true)
 5 APPPATH\Controllers\Transaksi.php(39): view('transaksi/create', [...])
 6 SYSTEMPATH\CodeIgniter.php(934): App\Controllers\Transaksi->create()
 7 SYSTEMPATH\CodeIgniter.php(499): CodeIgniter\CodeIgniter->runController(Object(App\Controllers\Transaksi))
 8 SYSTEMPATH\CodeIgniter.php(368): CodeIgniter\CodeIgniter->handleRequest(null, Object(Config\Cache), false)
 9 FCPATH\index.php(67): CodeIgniter\CodeIgniter->run()
10 SYSTEMPATH\Commands\Server\rewrite.php(47): require_once('FCPATH\\index.php')
INFO - 2023-07-22 12:18:17 --> Session: Class initialized using 'CodeIgniter\Session\Handlers\FileHandler' driver.
INFO - 2023-07-22 12:18:17 --> Cart Class Initialized
CRITICAL - 2023-07-22 12:18:17 --> Undefined property: CodeIgniter\View\View::$cart
in APPPATH\Views\transaksi\create.php on line 72.
 1 APPPATH\Views\transaksi\create.php(72): CodeIgniter\Debug\Exceptions->errorHandler(2, 'Undefined property: CodeIgniter\\View\\View::$cart', 'APPPATH\\Views\\transaksi\\create.php', 72)
 2 SYSTEMPATH\View\View.php(213): include('APPPATH\\Views\\transaksi\\create.php')
 3 SYSTEMPATH\View\View.php(216): CodeIgniter\View\View->CodeIgniter\View\{closure}()
 4 SYSTEMPATH\Common.php(1177): CodeIgniter\View\View->render('transaksi/create', [], true)
 5 APPPATH\Controllers\Transaksi.php(39): view('transaksi/create', [...])
 6 SYSTEMPATH\CodeIgniter.php(934): App\Controllers\Transaksi->create()
 7 SYSTEMPATH\CodeIgniter.php(499): CodeIgniter\CodeIgniter->runController(Object(App\Controllers\Transaksi))
 8 SYSTEMPATH\CodeIgniter.php(368): CodeIgniter\CodeIgniter->handleRequest(null, Object(Config\Cache), false)
 9 FCPATH\index.php(67): CodeIgniter\CodeIgniter->run()
10 SYSTEMPATH\Commands\Server\rewrite.php(47): require_once('FCPATH\\index.php')
INFO - 2023-07-22 12:20:34 --> Session: Class initialized using 'CodeIgniter\Session\Handlers\FileHandler' driver.
INFO - 2023-07-22 12:20:34 --> Cart Class Initialized
CRITICAL - 2023-07-22 12:20:34 --> Undefined property: CodeIgniter\View\View::$cart
in APPPATH\Views\transaksi\create.php on line 72.
 1 APPPATH\Views\transaksi\create.php(72): CodeIgniter\Debug\Exceptions->errorHandler(2, 'Undefined property: CodeIgniter\\View\\View::$cart', 'APPPATH\\Views\\transaksi\\create.php', 72)
 2 SYSTEMPATH\View\View.php(213): include('APPPATH\\Views\\transaksi\\create.php')
 3 SYSTEMPATH\View\View.php(216): CodeIgniter\View\View->CodeIgniter\View\{closure}()
 4 SYSTEMPATH\Common.php(1177): CodeIgniter\View\View->render('transaksi/create', [], true)
 5 APPPATH\Controllers\Transaksi.php(39): view('transaksi/create', [...])
 6 SYSTEMPATH\CodeIgniter.php(934): App\Controllers\Transaksi->create()
 7 SYSTEMPATH\CodeIgniter.php(499): CodeIgniter\CodeIgniter->runController(Object(App\Controllers\Transaksi))
 8 SYSTEMPATH\CodeIgniter.php(368): CodeIgniter\CodeIgniter->handleRequest(null, Object(Config\Cache), false)
 9 FCPATH\index.php(67): CodeIgniter\CodeIgniter->run()
10 SYSTEMPATH\Commands\Server\rewrite.php(47): require_once('FCPATH\\index.php')
INFO - 2023-07-22 12:21:51 --> Session: Class initialized using 'CodeIgniter\Session\Handlers\FileHandler' driver.
INFO - 2023-07-22 12:21:51 --> Cart Class Initialized
INFO - 2023-07-22 12:22:20 --> Session: Class initialized using 'CodeIgniter\Session\Handlers\FileHandler' driver.
INFO - 2023-07-22 12:22:20 --> Cart Class Initialized
INFO - 2023-07-22 12:22:20 --> Session: Class initialized using 'CodeIgniter\Session\Handlers\FileHandler' driver.
INFO - 2023-07-22 12:22:20 --> Cart Class Initialized
INFO - 2023-07-22 12:22:51 --> Session: Class initialized using 'CodeIgniter\Session\Handlers\FileHandler' driver.
INFO - 2023-07-22 12:22:51 --> Cart Class Initialized
INFO - 2023-07-22 12:22:52 --> Session: Class initialized using 'CodeIgniter\Session\Handlers\FileHandler' driver.
INFO - 2023-07-22 12:22:52 --> Cart Class Initialized
INFO - 2023-07-22 12:24:44 --> Session: Class initialized using 'CodeIgniter\Session\Handlers\FileHandler' driver.
INFO - 2023-07-22 12:24:44 --> Cart Class Initialized
INFO - 2023-07-22 12:25:07 --> Session: Class initialized using 'CodeIgniter\Session\Handlers\FileHandler' driver.
INFO - 2023-07-22 12:25:07 --> Cart Class Initialized
INFO - 2023-07-22 12:25:08 --> Session: Class initialized using 'CodeIgniter\Session\Handlers\FileHandler' driver.
INFO - 2023-07-22 12:25:08 --> Cart Class Initialized
INFO - 2023-07-22 12:26:04 --> Session: Class initialized using 'CodeIgniter\Session\Handlers\FileHandler' driver.
INFO - 2023-07-22 12:26:04 --> Cart Class Initialized
INFO - 2023-07-22 12:26:05 --> Session: Class initialized using 'CodeIgniter\Session\Handlers\FileHandler' driver.
INFO - 2023-07-22 12:26:05 --> Cart Class Initialized
INFO - 2023-07-22 12:27:39 --> Session: Class initialized using 'CodeIgniter\Session\Handlers\FileHandler' driver.
INFO - 2023-07-22 12:27:39 --> Cart Class Initialized
INFO - 2023-07-22 12:27:45 --> Session: Class initialized using 'CodeIgniter\Session\Handlers\FileHandler' driver.
INFO - 2023-07-22 12:27:45 --> Cart Class Initialized
INFO - 2023-07-22 12:27:45 --> Session: Class initialized using 'CodeIgniter\Session\Handlers\FileHandler' driver.
INFO - 2023-07-22 12:27:45 --> Cart Class Initialized
INFO - 2023-07-22 12:27:51 --> Session: Class initialized using 'CodeIgniter\Session\Handlers\FileHandler' driver.
INFO - 2023-07-22 12:27:51 --> Cart Class Initialized
INFO - 2023-07-22 12:27:52 --> Session: Class initialized using 'CodeIgniter\Session\Handlers\FileHandler' driver.
INFO - 2023-07-22 12:27:52 --> Cart Class Initialized
INFO - 2023-07-22 12:28:46 --> Session: Class initialized using 'CodeIgniter\Session\Handlers\FileHandler' driver.
INFO - 2023-07-22 12:28:46 --> Cart Class Initialized
INFO - 2023-07-22 12:28:46 --> Session: Class initialized using 'CodeIgniter\Session\Handlers\FileHandler' driver.
INFO - 2023-07-22 12:28:47 --> Cart Class Initialized
CRITICAL - 2023-07-22 12:28:47 --> Undefined array key "id_produk"
in APPPATH\Views\transaksi\create.php on line 111.
 1 APPPATH\Views\transaksi\create.php(111): CodeIgniter\Debug\Exceptions->errorHandler(2, 'Undefined array key "id_produk"', 'APPPATH\\Views\\transaksi\\create.php', 111)
 2 SYSTEMPATH\View\View.php(213): include('APPPATH\\Views\\transaksi\\create.php')
 3 SYSTEMPATH\View\View.php(216): CodeIgniter\View\View->CodeIgniter\View\{closure}()
 4 SYSTEMPATH\Common.php(1177): CodeIgniter\View\View->render('transaksi/create', [], true)
 5 APPPATH\Controllers\Transaksi.php(40): view('transaksi/create', [...])
 6 SYSTEMPATH\CodeIgniter.php(934): App\Controllers\Transaksi->create()
 7 SYSTEMPATH\CodeIgniter.php(499): CodeIgniter\CodeIgniter->runController(Object(App\Controllers\Transaksi))
 8 SYSTEMPATH\CodeIgniter.php(368): CodeIgniter\CodeIgniter->handleRequest(null, Object(Config\Cache), false)
 9 FCPATH\index.php(67): CodeIgniter\CodeIgniter->run()
10 SYSTEMPATH\Commands\Server\rewrite.php(47): require_once('FCPATH\\index.php')
INFO - 2023-07-22 12:29:31 --> Session: Class initialized using 'CodeIgniter\Session\Handlers\FileHandler' driver.
INFO - 2023-07-22 12:29:31 --> Cart Class Initialized
CRITICAL - 2023-07-22 12:29:31 --> Undefined array key "id_produk"
in APPPATH\Views\transaksi\create.php on line 111.
 1 APPPATH\Views\transaksi\create.php(111): CodeIgniter\Debug\Exceptions->errorHandler(2, 'Undefined array key "id_produk"', 'APPPATH\\Views\\transaksi\\create.php', 111)
 2 SYSTEMPATH\View\View.php(213): include('APPPATH\\Views\\transaksi\\create.php')
 3 SYSTEMPATH\View\View.php(216): CodeIgniter\View\View->CodeIgniter\View\{closure}()
 4 SYSTEMPATH\Common.php(1177): CodeIgniter\View\View->render('transaksi/create', [], true)
 5 APPPATH\Controllers\Transaksi.php(40): view('transaksi/create', [...])
 6 SYSTEMPATH\CodeIgniter.php(934): App\Controllers\Transaksi->create()
 7 SYSTEMPATH\CodeIgniter.php(499): CodeIgniter\CodeIgniter->runController(Object(App\Controllers\Transaksi))
 8 SYSTEMPATH\CodeIgniter.php(368): CodeIgniter\CodeIgniter->handleRequest(null, Object(Config\Cache), false)
 9 FCPATH\index.php(67): CodeIgniter\CodeIgniter->run()
10 SYSTEMPATH\Commands\Server\rewrite.php(47): require_once('FCPATH\\index.php')
INFO - 2023-07-22 12:29:56 --> Session: Class initialized using 'CodeIgniter\Session\Handlers\FileHandler' driver.
INFO - 2023-07-22 12:29:56 --> Cart Class Initialized
CRITICAL - 2023-07-22 12:29:56 --> syntax error, unexpected token "}"
in APPPATH\Views\transaksi\create.php on line 122.
 1 SYSTEMPATH\View\View.php(216): CodeIgniter\View\View->CodeIgniter\View\{closure}()
 2 SYSTEMPATH\Common.php(1177): CodeIgniter\View\View->render('transaksi/create', [], true)
 3 APPPATH\Controllers\Transaksi.php(40): view('transaksi/create', [...])
 4 SYSTEMPATH\CodeIgniter.php(934): App\Controllers\Transaksi->create()
 5 SYSTEMPATH\CodeIgniter.php(499): CodeIgniter\CodeIgniter->runController(Object(App\Controllers\Transaksi))
 6 SYSTEMPATH\CodeIgniter.php(368): CodeIgniter\CodeIgniter->handleRequest(null, Object(Config\Cache), false)
 7 FCPATH\index.php(67): CodeIgniter\CodeIgniter->run()
 8 SYSTEMPATH\Commands\Server\rewrite.php(47): require_once('FCPATH\\index.php')
INFO - 2023-07-22 12:30:25 --> Session: Class initialized using 'CodeIgniter\Session\Handlers\FileHandler' driver.
INFO - 2023-07-22 12:30:25 --> Cart Class Initialized
INFO - 2023-07-22 13:56:20 --> Session: Class initialized using 'CodeIgniter\Session\Handlers\FileHandler' driver.
INFO - 2023-07-22 13:56:20 --> Cart Class Initialized
INFO - 2023-07-22 13:56:21 --> Session: Class initialized using 'CodeIgniter\Session\Handlers\FileHandler' driver.
INFO - 2023-07-22 13:56:21 --> Cart Class Initialized
INFO - 2023-07-22 13:57:23 --> Session: Class initialized using 'CodeIgniter\Session\Handlers\FileHandler' driver.
INFO - 2023-07-22 13:57:23 --> Cart Class Initialized
INFO - 2023-07-22 13:57:24 --> Session: Class initialized using 'CodeIgniter\Session\Handlers\FileHandler' driver.
INFO - 2023-07-22 13:57:24 --> Cart Class Initialized
INFO - 2023-07-22 13:57:41 --> Session: Class initialized using 'CodeIgniter\Session\Handlers\FileHandler' driver.
INFO - 2023-07-22 13:57:41 --> Cart Class Initialized
INFO - 2023-07-22 13:57:50 --> Session: Class initialized using 'CodeIgniter\Session\Handlers\FileHandler' driver.
INFO - 2023-07-22 13:57:50 --> Cart Class Initialized
INFO - 2023-07-22 13:57:50 --> Session: Class initialized using 'CodeIgniter\Session\Handlers\FileHandler' driver.
INFO - 2023-07-22 13:57:50 --> Cart Class Initialized
INFO - 2023-07-22 13:58:02 --> Session: Class initialized using 'CodeIgniter\Session\Handlers\FileHandler' driver.
INFO - 2023-07-22 13:58:02 --> Cart Class Initialized
INFO - 2023-07-22 13:58:02 --> Session: Class initialized using 'CodeIgniter\Session\Handlers\FileHandler' driver.
INFO - 2023-07-22 13:58:02 --> Cart Class Initialized
INFO - 2023-07-22 14:00:17 --> Session: Class initialized using 'CodeIgniter\Session\Handlers\FileHandler' driver.
INFO - 2023-07-22 14:00:17 --> Cart Class Initialized
INFO - 2023-07-22 14:00:18 --> Session: Class initialized using 'CodeIgniter\Session\Handlers\FileHandler' driver.
INFO - 2023-07-22 14:00:18 --> Cart Class Initialized
INFO - 2023-07-22 14:21:30 --> Session: Class initialized using 'CodeIgniter\Session\Handlers\FileHandler' driver.
INFO - 2023-07-22 14:21:30 --> Cart Class Initialized
INFO - 2023-07-22 14:22:04 --> Session: Class initialized using 'CodeIgniter\Session\Handlers\FileHandler' driver.
INFO - 2023-07-22 14:22:04 --> Cart Class Initialized
INFO - 2023-07-22 14:23:04 --> Session: Class initialized using 'CodeIgniter\Session\Handlers\FileHandler' driver.
INFO - 2023-07-22 14:23:04 --> Cart Class Initialized
INFO - 2023-07-22 14:23:04 --> Session: Class initialized using 'CodeIgniter\Session\Handlers\FileHandler' driver.
INFO - 2023-07-22 14:23:04 --> Cart Class Initialized
INFO - 2023-07-22 15:17:03 --> Session: Class initialized using 'CodeIgniter\Session\Handlers\FileHandler' driver.
INFO - 2023-07-22 15:17:04 --> Cart Class Initialized
INFO - 2023-07-22 15:17:04 --> Session: Class initialized using 'CodeIgniter\Session\Handlers\FileHandler' driver.
INFO - 2023-07-22 15:17:04 --> Cart Class Initialized
INFO - 2023-07-22 15:19:20 --> Session: Class initialized using 'CodeIgniter\Session\Handlers\FileHandler' driver.
INFO - 2023-07-22 15:19:20 --> Cart Class Initialized
CRITICAL - 2023-07-22 15:19:20 --> Undefined variable $carts
in APPPATH\Views\transaksi\create.php on line 75.
 1 APPPATH\Views\transaksi\create.php(75): CodeIgniter\Debug\Exceptions->errorHandler(2, 'Undefined variable $carts', 'APPPATH\\Views\\transaksi\\create.php', 75)
 2 SYSTEMPATH\View\View.php(213): include('APPPATH\\Views\\transaksi\\create.php')
 3 SYSTEMPATH\View\View.php(216): CodeIgniter\View\View->CodeIgniter\View\{closure}()
 4 SYSTEMPATH\Common.php(1177): CodeIgniter\View\View->render('transaksi/create', [], true)
 5 APPPATH\Controllers\Transaksi.php(40): view('transaksi/create', [...])
 6 SYSTEMPATH\CodeIgniter.php(934): App\Controllers\Transaksi->create()
 7 SYSTEMPATH\CodeIgniter.php(499): CodeIgniter\CodeIgniter->runController(Object(App\Controllers\Transaksi))
 8 SYSTEMPATH\CodeIgniter.php(368): CodeIgniter\CodeIgniter->handleRequest(null, Object(Config\Cache), false)
 9 FCPATH\index.php(67): CodeIgniter\CodeIgniter->run()
10 SYSTEMPATH\Commands\Server\rewrite.php(47): require_once('FCPATH\\index.php')
INFO - 2023-07-22 15:19:50 --> Session: Class initialized using 'CodeIgniter\Session\Handlers\FileHandler' driver.
INFO - 2023-07-22 15:19:50 --> Cart Class Initialized
CRITICAL - 2023-07-22 15:19:51 --> Undefined variable $cart
in APPPATH\Views\transaksi\create.php on line 75.
 1 APPPATH\Views\transaksi\create.php(75): CodeIgniter\Debug\Exceptions->errorHandler(2, 'Undefined variable $cart', 'APPPATH\\Views\\transaksi\\create.php', 75)
 2 SYSTEMPATH\View\View.php(213): include('APPPATH\\Views\\transaksi\\create.php')
 3 SYSTEMPATH\View\View.php(216): CodeIgniter\View\View->CodeIgniter\View\{closure}()
 4 SYSTEMPATH\Common.php(1177): CodeIgniter\View\View->render('transaksi/create', [], true)
 5 APPPATH\Controllers\Transaksi.php(40): view('transaksi/create', [...])
 6 SYSTEMPATH\CodeIgniter.php(934): App\Controllers\Transaksi->create()
 7 SYSTEMPATH\CodeIgniter.php(499): CodeIgniter\CodeIgniter->runController(Object(App\Controllers\Transaksi))
 8 SYSTEMPATH\CodeIgniter.php(368): CodeIgniter\CodeIgniter->handleRequest(null, Object(Config\Cache), false)
 9 FCPATH\index.php(67): CodeIgniter\CodeIgniter->run()
10 SYSTEMPATH\Commands\Server\rewrite.php(47): require_once('FCPATH\\index.php')
INFO - 2023-07-22 15:20:22 --> Session: Class initialized using 'CodeIgniter\Session\Handlers\FileHandler' driver.
INFO - 2023-07-22 15:20:22 --> Cart Class Initialized
CRITICAL - 2023-07-22 15:20:22 --> Undefined array key "gambar"
in APPPATH\Views\transaksi\create.php on line 117.
 1 APPPATH\Views\transaksi\create.php(117): CodeIgniter\Debug\Exceptions->errorHandler(2, 'Undefined array key "gambar"', 'APPPATH\\Views\\transaksi\\create.php', 117)
 2 SYSTEMPATH\View\View.php(213): include('APPPATH\\Views\\transaksi\\create.php')
 3 SYSTEMPATH\View\View.php(216): CodeIgniter\View\View->CodeIgniter\View\{closure}()
 4 SYSTEMPATH\Common.php(1177): CodeIgniter\View\View->render('transaksi/create', [], true)
 5 APPPATH\Controllers\Transaksi.php(40): view('transaksi/create', [...])
 6 SYSTEMPATH\CodeIgniter.php(934): App\Controllers\Transaksi->create()
 7 SYSTEMPATH\CodeIgniter.php(499): CodeIgniter\CodeIgniter->runController(Object(App\Controllers\Transaksi))
 8 SYSTEMPATH\CodeIgniter.php(368): CodeIgniter\CodeIgniter->handleRequest(null, Object(Config\Cache), false)
 9 FCPATH\index.php(67): CodeIgniter\CodeIgniter->run()
10 SYSTEMPATH\Commands\Server\rewrite.php(47): require_once('FCPATH\\index.php')
INFO - 2023-07-22 15:23:21 --> Session: Class initialized using 'CodeIgniter\Session\Handlers\FileHandler' driver.
INFO - 2023-07-22 15:23:21 --> Cart Class Initialized
CRITICAL - 2023-07-22 15:23:21 --> Undefined array key "gambar"
in APPPATH\Views\transaksi\create.php on line 117.
 1 APPPATH\Views\transaksi\create.php(117): CodeIgniter\Debug\Exceptions->errorHandler(2, 'Undefined array key "gambar"', 'APPPATH\\Views\\transaksi\\create.php', 117)
 2 SYSTEMPATH\View\View.php(213): include('APPPATH\\Views\\transaksi\\create.php')
 3 SYSTEMPATH\View\View.php(216): CodeIgniter\View\View->CodeIgniter\View\{closure}()
 4 SYSTEMPATH\Common.php(1177): CodeIgniter\View\View->render('transaksi/create', [], true)
 5 APPPATH\Controllers\Transaksi.php(40): view('transaksi/create', [...])
 6 SYSTEMPATH\CodeIgniter.php(934): App\Controllers\Transaksi->create()
 7 SYSTEMPATH\CodeIgniter.php(499): CodeIgniter\CodeIgniter->runController(Object(App\Controllers\Transaksi))
 8 SYSTEMPATH\CodeIgniter.php(368): CodeIgniter\CodeIgniter->handleRequest(null, Object(Config\Cache), false)
 9 FCPATH\index.php(67): CodeIgniter\CodeIgniter->run()
10 SYSTEMPATH\Commands\Server\rewrite.php(47): require_once('FCPATH\\index.php')
INFO - 2023-07-22 15:23:39 --> Session: Class initialized using 'CodeIgniter\Session\Handlers\FileHandler' driver.
INFO - 2023-07-22 15:23:39 --> Cart Class Initialized
INFO - 2023-07-22 15:23:43 --> Session: Class initialized using 'CodeIgniter\Session\Handlers\FileHandler' driver.
INFO - 2023-07-22 15:23:43 --> Cart Class Initialized
CRITICAL - 2023-07-22 15:23:43 --> Undefined array key "gambar"
in APPPATH\Views\transaksi\create.php on line 117.
 1 APPPATH\Views\transaksi\create.php(117): CodeIgniter\Debug\Exceptions->errorHandler(2, 'Undefined array key "gambar"', 'APPPATH\\Views\\transaksi\\create.php', 117)
 2 SYSTEMPATH\View\View.php(213): include('APPPATH\\Views\\transaksi\\create.php')
 3 SYSTEMPATH\View\View.php(216): CodeIgniter\View\View->CodeIgniter\View\{closure}()
 4 SYSTEMPATH\Common.php(1177): CodeIgniter\View\View->render('transaksi/create', [], true)
 5 APPPATH\Controllers\Transaksi.php(40): view('transaksi/create', [...])
 6 SYSTEMPATH\CodeIgniter.php(934): App\Controllers\Transaksi->create()
 7 SYSTEMPATH\CodeIgniter.php(499): CodeIgniter\CodeIgniter->runController(Object(App\Controllers\Transaksi))
 8 SYSTEMPATH\CodeIgniter.php(368): CodeIgniter\CodeIgniter->handleRequest(null, Object(Config\Cache), false)
 9 FCPATH\index.php(67): CodeIgniter\CodeIgniter->run()
10 SYSTEMPATH\Commands\Server\rewrite.php(47): require_once('FCPATH\\index.php')
INFO - 2023-07-22 15:24:25 --> Session: Class initialized using 'CodeIgniter\Session\Handlers\FileHandler' driver.
INFO - 2023-07-22 15:24:25 --> Cart Class Initialized
CRITICAL - 2023-07-22 15:24:26 --> Undefined array key "gambar"
in APPPATH\Views\transaksi\create.php on line 117.
 1 APPPATH\Views\transaksi\create.php(117): CodeIgniter\Debug\Exceptions->errorHandler(2, 'Undefined array key "gambar"', 'APPPATH\\Views\\transaksi\\create.php', 117)
 2 SYSTEMPATH\View\View.php(213): include('APPPATH\\Views\\transaksi\\create.php')
 3 SYSTEMPATH\View\View.php(216): CodeIgniter\View\View->CodeIgniter\View\{closure}()
 4 SYSTEMPATH\Common.php(1177): CodeIgniter\View\View->render('transaksi/create', [], true)
 5 APPPATH\Controllers\Transaksi.php(40): view('transaksi/create', [...])
 6 SYSTEMPATH\CodeIgniter.php(934): App\Controllers\Transaksi->create()
 7 SYSTEMPATH\CodeIgniter.php(499): CodeIgniter\CodeIgniter->runController(Object(App\Controllers\Transaksi))
 8 SYSTEMPATH\CodeIgniter.php(368): CodeIgniter\CodeIgniter->handleRequest(null, Object(Config\Cache), false)
 9 FCPATH\index.php(67): CodeIgniter\CodeIgniter->run()
10 SYSTEMPATH\Commands\Server\rewrite.php(47): require_once('FCPATH\\index.php')
INFO - 2023-07-22 15:24:30 --> Session: Class initialized using 'CodeIgniter\Session\Handlers\FileHandler' driver.
INFO - 2023-07-22 15:24:30 --> Cart Class Initialized
INFO - 2023-07-22 15:24:32 --> Session: Class initialized using 'CodeIgniter\Session\Handlers\FileHandler' driver.
INFO - 2023-07-22 15:24:32 --> Cart Class Initialized
INFO - 2023-07-22 15:24:58 --> Session: Class initialized using 'CodeIgniter\Session\Handlers\FileHandler' driver.
INFO - 2023-07-22 15:24:58 --> Cart Class Initialized
INFO - 2023-07-22 15:24:58 --> Session: Class initialized using 'CodeIgniter\Session\Handlers\FileHandler' driver.
INFO - 2023-07-22 15:24:58 --> Cart Class Initialized
INFO - 2023-07-22 15:25:11 --> Session: Class initialized using 'CodeIgniter\Session\Handlers\FileHandler' driver.
INFO - 2023-07-22 15:25:11 --> Cart Class Initialized
INFO - 2023-07-22 15:25:11 --> Session: Class initialized using 'CodeIgniter\Session\Handlers\FileHandler' driver.
INFO - 2023-07-22 15:25:11 --> Cart Class Initialized
INFO - 2023-07-22 15:30:32 --> Session: Class initialized using 'CodeIgniter\Session\Handlers\FileHandler' driver.
INFO - 2023-07-22 15:30:32 --> Cart Class Initialized
INFO - 2023-07-22 15:34:30 --> Session: Class initialized using 'CodeIgniter\Session\Handlers\FileHandler' driver.
INFO - 2023-07-22 15:34:30 --> Cart Class Initialized
INFO - 2023-07-22 15:34:52 --> Session: Class initialized using 'CodeIgniter\Session\Handlers\FileHandler' driver.
INFO - 2023-07-22 15:34:52 --> Cart Class Initialized
INFO - 2023-07-22 15:42:44 --> Session: Class initialized using 'CodeIgniter\Session\Handlers\FileHandler' driver.
INFO - 2023-07-22 15:42:44 --> Cart Class Initialized
INFO - 2023-07-22 15:44:39 --> Session: Class initialized using 'CodeIgniter\Session\Handlers\FileHandler' driver.
INFO - 2023-07-22 15:44:39 --> Cart Class Initialized
INFO - 2023-07-22 15:44:43 --> Session: Class initialized using 'CodeIgniter\Session\Handlers\FileHandler' driver.
INFO - 2023-07-22 15:44:43 --> Cart Class Initialized
INFO - 2023-07-22 16:29:12 --> Session: Class initialized using 'CodeIgniter\Session\Handlers\FileHandler' driver.
INFO - 2023-07-22 16:29:12 --> Cart Class Initialized
INFO - 2023-07-22 16:29:13 --> Session: Class initialized using 'CodeIgniter\Session\Handlers\FileHandler' driver.
INFO - 2023-07-22 16:29:13 --> Cart Class Initialized
INFO - 2023-07-22 16:30:34 --> Session: Class initialized using 'CodeIgniter\Session\Handlers\FileHandler' driver.
INFO - 2023-07-22 16:30:34 --> Cart Class Initialized
INFO - 2023-07-22 16:30:37 --> Session: Class initialized using 'CodeIgniter\Session\Handlers\FileHandler' driver.
INFO - 2023-07-22 16:30:37 --> Cart Class Initialized
INFO - 2023-07-22 16:33:54 --> Session: Class initialized using 'CodeIgniter\Session\Handlers\FileHandler' driver.
INFO - 2023-07-22 16:33:54 --> Cart Class Initialized
INFO - 2023-07-22 16:34:08 --> Session: Class initialized using 'CodeIgniter\Session\Handlers\FileHandler' driver.
INFO - 2023-07-22 16:34:08 --> Cart Class Initialized
INFO - 2023-07-22 16:34:09 --> Session: Class initialized using 'CodeIgniter\Session\Handlers\FileHandler' driver.
INFO - 2023-07-22 16:34:09 --> Cart Class Initialized
INFO - 2023-07-22 16:35:32 --> Session: Class initialized using 'CodeIgniter\Session\Handlers\FileHandler' driver.
INFO - 2023-07-22 16:35:32 --> Cart Class Initialized
INFO - 2023-07-22 16:36:56 --> Session: Class initialized using 'CodeIgniter\Session\Handlers\FileHandler' driver.
INFO - 2023-07-22 16:36:56 --> Cart Class Initialized
INFO - 2023-07-22 16:37:29 --> Session: Class initialized using 'CodeIgniter\Session\Handlers\FileHandler' driver.
INFO - 2023-07-22 16:38:48 --> Session: Class initialized using 'CodeIgniter\Session\Handlers\FileHandler' driver.
INFO - 2023-07-22 16:38:48 --> Cart Class Initialized
INFO - 2023-07-22 16:39:01 --> Session: Class initialized using 'CodeIgniter\Session\Handlers\FileHandler' driver.
INFO - 2023-07-22 16:39:01 --> Cart Class Initialized
INFO - 2023-07-22 16:39:02 --> Session: Class initialized using 'CodeIgniter\Session\Handlers\FileHandler' driver.
INFO - 2023-07-22 16:39:02 --> Cart Class Initialized
INFO - 2023-07-22 16:42:16 --> Session: Class initialized using 'CodeIgniter\Session\Handlers\FileHandler' driver.
INFO - 2023-07-22 16:42:16 --> Cart Class Initialized
INFO - 2023-07-22 16:42:20 --> Session: Class initialized using 'CodeIgniter\Session\Handlers\FileHandler' driver.
INFO - 2023-07-22 16:42:20 --> Cart Class Initialized
INFO - 2023-07-22 16:43:17 --> Session: Class initialized using 'CodeIgniter\Session\Handlers\FileHandler' driver.
INFO - 2023-07-22 16:43:17 --> Cart Class Initialized
INFO - 2023-07-22 16:43:17 --> Session: Class initialized using 'CodeIgniter\Session\Handlers\FileHandler' driver.
INFO - 2023-07-22 16:43:17 --> Cart Class Initialized
INFO - 2023-07-22 16:43:36 --> Session: Class initialized using 'CodeIgniter\Session\Handlers\FileHandler' driver.
INFO - 2023-07-22 16:43:36 --> Cart Class Initialized
INFO - 2023-07-22 16:43:52 --> Session: Class initialized using 'CodeIgniter\Session\Handlers\FileHandler' driver.
INFO - 2023-07-22 16:43:52 --> Cart Class Initialized
INFO - 2023-07-22 16:43:52 --> Session: Class initialized using 'CodeIgniter\Session\Handlers\FileHandler' driver.
INFO - 2023-07-22 16:43:52 --> Cart Class Initialized
INFO - 2023-07-22 16:44:57 --> Session: Class initialized using 'CodeIgniter\Session\Handlers\FileHandler' driver.
INFO - 2023-07-22 16:44:57 --> Cart Class Initialized
INFO - 2023-07-22 16:45:41 --> Session: Class initialized using 'CodeIgniter\Session\Handlers\FileHandler' driver.
INFO - 2023-07-22 16:45:41 --> Cart Class Initialized
INFO - 2023-07-22 16:47:13 --> Session: Class initialized using 'CodeIgniter\Session\Handlers\FileHandler' driver.
INFO - 2023-07-22 16:47:13 --> Cart Class Initialized
INFO - 2023-07-22 16:47:13 --> Session: Class initialized using 'CodeIgniter\Session\Handlers\FileHandler' driver.
INFO - 2023-07-22 16:47:13 --> Cart Class Initialized
INFO - 2023-07-22 16:47:21 --> Session: Class initialized using 'CodeIgniter\Session\Handlers\FileHandler' driver.
INFO - 2023-07-22 16:47:21 --> Cart Class Initialized
INFO - 2023-07-22 16:47:21 --> Session: Class initialized using 'CodeIgniter\Session\Handlers\FileHandler' driver.
INFO - 2023-07-22 16:47:21 --> Cart Class Initialized
INFO - 2023-07-22 16:47:31 --> Session: Class initialized using 'CodeIgniter\Session\Handlers\FileHandler' driver.
INFO - 2023-07-22 16:47:31 --> Cart Class Initialized
INFO - 2023-07-22 16:47:32 --> Session: Class initialized using 'CodeIgniter\Session\Handlers\FileHandler' driver.
INFO - 2023-07-22 16:47:32 --> Cart Class Initialized
INFO - 2023-07-22 16:48:29 --> Session: Class initialized using 'CodeIgniter\Session\Handlers\FileHandler' driver.
INFO - 2023-07-22 16:48:29 --> Cart Class Initialized
INFO - 2023-07-22 16:50:24 --> Session: Class initialized using 'CodeIgniter\Session\Handlers\FileHandler' driver.
INFO - 2023-07-22 16:50:24 --> Cart Class Initialized
INFO - 2023-07-22 16:50:43 --> Session: Class initialized using 'CodeIgniter\Session\Handlers\FileHandler' driver.
INFO - 2023-07-22 16:50:43 --> Cart Class Initialized
INFO - 2023-07-22 16:50:44 --> Session: Class initialized using 'CodeIgniter\Session\Handlers\FileHandler' driver.
INFO - 2023-07-22 16:50:44 --> Cart Class Initialized
INFO - 2023-07-22 17:33:50 --> Session: Class initialized using 'CodeIgniter\Session\Handlers\FileHandler' driver.
INFO - 2023-07-22 17:33:50 --> Cart Class Initialized
INFO - 2023-07-22 17:33:58 --> Session: Class initialized using 'CodeIgniter\Session\Handlers\FileHandler' driver.
INFO - 2023-07-22 17:33:58 --> Cart Class Initialized
INFO - 2023-07-22 17:33:59 --> Session: Class initialized using 'CodeIgniter\Session\Handlers\FileHandler' driver.
INFO - 2023-07-22 17:33:59 --> Cart Class Initialized
INFO - 2023-07-22 17:34:15 --> Session: Class initialized using 'CodeIgniter\Session\Handlers\FileHandler' driver.
INFO - 2023-07-22 17:34:15 --> Cart Class Initialized
INFO - 2023-07-22 17:34:15 --> Session: Class initialized using 'CodeIgniter\Session\Handlers\FileHandler' driver.
INFO - 2023-07-22 17:34:15 --> Cart Class Initialized
INFO - 2023-07-22 17:34:23 --> Session: Class initialized using 'CodeIgniter\Session\Handlers\FileHandler' driver.
INFO - 2023-07-22 17:34:23 --> Cart Class Initialized
INFO - 2023-07-22 17:34:24 --> Session: Class initialized using 'CodeIgniter\Session\Handlers\FileHandler' driver.
INFO - 2023-07-22 17:34:24 --> Cart Class Initialized
INFO - 2023-07-22 17:34:58 --> Session: Class initialized using 'CodeIgniter\Session\Handlers\FileHandler' driver.
INFO - 2023-07-22 17:34:58 --> Cart Class Initialized
INFO - 2023-07-22 17:34:59 --> Session: Class initialized using 'CodeIgniter\Session\Handlers\FileHandler' driver.
INFO - 2023-07-22 17:34:59 --> Cart Class Initialized
INFO - 2023-07-22 17:37:23 --> Session: Class initialized using 'CodeIgniter\Session\Handlers\FileHandler' driver.
INFO - 2023-07-22 17:37:23 --> Cart Class Initialized
INFO - 2023-07-22 17:37:46 --> Session: Class initialized using 'CodeIgniter\Session\Handlers\FileHandler' driver.
INFO - 2023-07-22 17:37:46 --> Cart Class Initialized
INFO - 2023-07-22 17:58:52 --> Session: Class initialized using 'CodeIgniter\Session\Handlers\FileHandler' driver.
INFO - 2023-07-22 17:58:52 --> Cart Class Initialized
