INFO - 2023-07-24 01:01:59 --> Session: Class initialized using 'CodeIgniter\Session\Handlers\FileHandler' driver.
INFO - 2023-07-24 01:02:17 --> Session: Class initialized using 'CodeIgniter\Session\Handlers\FileHandler' driver.
INFO - 2023-07-24 01:02:19 --> Session: Class initialized using 'CodeIgniter\Session\Handlers\FileHandler' driver.
INFO - 2023-07-24 01:02:20 --> Cart Class Initialized
INFO - 2023-07-24 01:02:29 --> Session: Class initialized using 'CodeIgniter\Session\Handlers\FileHandler' driver.
INFO - 2023-07-24 01:02:30 --> Cart Class Initialized
INFO - 2023-07-24 01:02:38 --> Session: Class initialized using 'CodeIgniter\Session\Handlers\FileHandler' driver.
INFO - 2023-07-24 01:02:38 --> Cart Class Initialized
INFO - 2023-07-24 01:02:47 --> Session: Class initialized using 'CodeIgniter\Session\Handlers\FileHandler' driver.
INFO - 2023-07-24 01:02:47 --> Cart Class Initialized
INFO - 2023-07-24 01:02:47 --> Session: Class initialized using 'CodeIgniter\Session\Handlers\FileHandler' driver.
INFO - 2023-07-24 01:02:48 --> Cart Class Initialized
INFO - 2023-07-24 01:02:55 --> Session: Class initialized using 'CodeIgniter\Session\Handlers\FileHandler' driver.
INFO - 2023-07-24 01:02:55 --> Cart Class Initialized
INFO - 2023-07-24 01:02:56 --> Session: Class initialized using 'CodeIgniter\Session\Handlers\FileHandler' driver.
INFO - 2023-07-24 01:02:56 --> Cart Class Initialized
INFO - 2023-07-24 01:03:12 --> Session: Class initialized using 'CodeIgniter\Session\Handlers\FileHandler' driver.
INFO - 2023-07-24 01:03:12 --> Cart Class Initialized
INFO - 2023-07-24 01:03:13 --> Session: Class initialized using 'CodeIgniter\Session\Handlers\FileHandler' driver.
INFO - 2023-07-24 01:03:13 --> Cart Class Initialized
INFO - 2023-07-24 01:12:10 --> Session: Class initialized using 'CodeIgniter\Session\Handlers\FileHandler' driver.
INFO - 2023-07-24 01:12:10 --> Cart Class Initialized
INFO - 2023-07-24 01:16:09 --> Session: Class initialized using 'CodeIgniter\Session\Handlers\FileHandler' driver.
INFO - 2023-07-24 01:16:09 --> Cart Class Initialized
CRITICAL - 2023-07-24 01:16:09 --> Call to undefined method App\Models\TransaksiModel::jointransaksiDetail
in SYSTEMPATH\Model.php on line 841.
 1 APPPATH\Controllers\Laporan.php(20): CodeIgniter\Model->__call('jointransaksiDetail', [])
 2 SYSTEMPATH\CodeIgniter.php(934): App\Controllers\Laporan->index()
 3 SYSTEMPATH\CodeIgniter.php(499): CodeIgniter\CodeIgniter->runController(Object(App\Controllers\Laporan))
 4 SYSTEMPATH\CodeIgniter.php(368): CodeIgniter\CodeIgniter->handleRequest(null, Object(Config\Cache), false)
 5 FCPATH\index.php(67): CodeIgniter\CodeIgniter->run()
 6 SYSTEMPATH\Commands\Server\rewrite.php(47): require_once('FCPATH\\index.php')
INFO - 2023-07-24 01:16:42 --> Session: Class initialized using 'CodeIgniter\Session\Handlers\FileHandler' driver.
INFO - 2023-07-24 01:16:42 --> Cart Class Initialized
CRITICAL - 2023-07-24 01:16:42 --> Call to undefined method App\Models\DetailModel::jointransaksiDetail
in SYSTEMPATH\Model.php on line 841.
 1 APPPATH\Controllers\Laporan.php(20): CodeIgniter\Model->__call('jointransaksiDetail', [])
 2 SYSTEMPATH\CodeIgniter.php(934): App\Controllers\Laporan->index()
 3 SYSTEMPATH\CodeIgniter.php(499): CodeIgniter\CodeIgniter->runController(Object(App\Controllers\Laporan))
 4 SYSTEMPATH\CodeIgniter.php(368): CodeIgniter\CodeIgniter->handleRequest(null, Object(Config\Cache), false)
 5 FCPATH\index.php(67): CodeIgniter\CodeIgniter->run()
 6 SYSTEMPATH\Commands\Server\rewrite.php(47): require_once('FCPATH\\index.php')
INFO - 2023-07-24 01:17:22 --> Session: Class initialized using 'CodeIgniter\Session\Handlers\FileHandler' driver.
INFO - 2023-07-24 01:17:22 --> Cart Class Initialized
ERROR - 2023-07-24 01:17:22 --> mysqli_sql_exception: Unknown column 'transaksi.id_pembayaran' in 'on clause' in C:\Users\isaka\OneDrive\Dokumen\application\ci4\vapor\vendor\codeigniter4\framework\system\Database\MySQLi\Connection.php:295
Stack trace:
#0 C:\Users\isaka\OneDrive\Dokumen\application\ci4\vapor\vendor\codeigniter4\framework\system\Database\MySQLi\Connection.php(295): mysqli->query('SELECT *\nFROM `...', 0)
#1 C:\Users\isaka\OneDrive\Dokumen\application\ci4\vapor\vendor\codeigniter4\framework\system\Database\BaseConnection.php(691): CodeIgniter\Database\MySQLi\Connection->execute('SELECT *\nFROM `...')
#2 C:\Users\isaka\OneDrive\Dokumen\application\ci4\vapor\vendor\codeigniter4\framework\system\Database\BaseConnection.php(605): CodeIgniter\Database\BaseConnection->simpleQuery('SELECT *\nFROM `...')
#3 C:\Users\isaka\OneDrive\Dokumen\application\ci4\vapor\vendor\codeigniter4\framework\system\Database\BaseBuilder.php(1602): CodeIgniter\Database\BaseConnection->query('SELECT *\nFROM `...', Array, false)
#4 C:\Users\isaka\OneDrive\Dokumen\application\ci4\vapor\app\Models\DetailModel.php(60): CodeIgniter\Database\BaseBuilder->get()
#5 C:\Users\isaka\OneDrive\Dokumen\application\ci4\vapor\app\Controllers\Laporan.php(20): App\Models\DetailModel->joinDetailTransaksi()
#6 C:\Users\isaka\OneDrive\Dokumen\application\ci4\vapor\vendor\codeigniter4\framework\system\CodeIgniter.php(934): App\Controllers\Laporan->index()
#7 C:\Users\isaka\OneDrive\Dokumen\application\ci4\vapor\vendor\codeigniter4\framework\system\CodeIgniter.php(499): CodeIgniter\CodeIgniter->runController(Object(App\Controllers\Laporan))
#8 C:\Users\isaka\OneDrive\Dokumen\application\ci4\vapor\vendor\codeigniter4\framework\system\CodeIgniter.php(368): CodeIgniter\CodeIgniter->handleRequest(NULL, Object(Config\Cache), false)
#9 C:\Users\isaka\OneDrive\Dokumen\application\ci4\vapor\public\index.php(67): CodeIgniter\CodeIgniter->run()
#10 C:\Users\isaka\OneDrive\Dokumen\application\ci4\vapor\vendor\codeigniter4\framework\system\Commands\Server\rewrite.php(47): require_once('C:\\Users\\isaka\\...')
#11 {main}
CRITICAL - 2023-07-24 01:17:22 --> Unknown column 'transaksi.id_pembayaran' in 'on clause'
in SYSTEMPATH\Database\BaseConnection.php on line 645.
 1 SYSTEMPATH\Database\BaseBuilder.php(1602): CodeIgniter\Database\BaseConnection->query('SELECT *
FROM `detail_transaksi`
JOIN `barang` ON `barang`.`id_barang` = `detail`.`id_barang`
JOIN `user` ON `user`.`id_user` = `transaksi`.`id_user`
JOIN `pembayaran` ON `pembayaran`.`id_pembayaran` = `transaksi`.`id_pembayaran`', [], false)
 2 APPPATH\Models\DetailModel.php(60): CodeIgniter\Database\BaseBuilder->get()
 3 APPPATH\Controllers\Laporan.php(20): App\Models\DetailModel->joinDetailTransaksi()
 4 SYSTEMPATH\CodeIgniter.php(934): App\Controllers\Laporan->index()
 5 SYSTEMPATH\CodeIgniter.php(499): CodeIgniter\CodeIgniter->runController(Object(App\Controllers\Laporan))
 6 SYSTEMPATH\CodeIgniter.php(368): CodeIgniter\CodeIgniter->handleRequest(null, Object(Config\Cache), false)
 7 FCPATH\index.php(67): CodeIgniter\CodeIgniter->run()
 8 SYSTEMPATH\Commands\Server\rewrite.php(47): require_once('FCPATH\\index.php')
INFO - 2023-07-24 01:20:59 --> Session: Class initialized using 'CodeIgniter\Session\Handlers\FileHandler' driver.
INFO - 2023-07-24 01:20:59 --> Cart Class Initialized
ERROR - 2023-07-24 01:20:59 --> mysqli_sql_exception: Unknown column 'transaksi.id_tranasaksi' in 'on clause' in C:\Users\isaka\OneDrive\Dokumen\application\ci4\vapor\vendor\codeigniter4\framework\system\Database\MySQLi\Connection.php:295
Stack trace:
#0 C:\Users\isaka\OneDrive\Dokumen\application\ci4\vapor\vendor\codeigniter4\framework\system\Database\MySQLi\Connection.php(295): mysqli->query('SELECT *\nFROM `...', 0)
#1 C:\Users\isaka\OneDrive\Dokumen\application\ci4\vapor\vendor\codeigniter4\framework\system\Database\BaseConnection.php(691): CodeIgniter\Database\MySQLi\Connection->execute('SELECT *\nFROM `...')
#2 C:\Users\isaka\OneDrive\Dokumen\application\ci4\vapor\vendor\codeigniter4\framework\system\Database\BaseConnection.php(605): CodeIgniter\Database\BaseConnection->simpleQuery('SELECT *\nFROM `...')
#3 C:\Users\isaka\OneDrive\Dokumen\application\ci4\vapor\vendor\codeigniter4\framework\system\Database\BaseBuilder.php(1602): CodeIgniter\Database\BaseConnection->query('SELECT *\nFROM `...', Array, false)
#4 C:\Users\isaka\OneDrive\Dokumen\application\ci4\vapor\app\Models\DetailModel.php(61): CodeIgniter\Database\BaseBuilder->get()
#5 C:\Users\isaka\OneDrive\Dokumen\application\ci4\vapor\app\Controllers\Laporan.php(20): App\Models\DetailModel->joinDetailTransaksi()
#6 C:\Users\isaka\OneDrive\Dokumen\application\ci4\vapor\vendor\codeigniter4\framework\system\CodeIgniter.php(934): App\Controllers\Laporan->index()
#7 C:\Users\isaka\OneDrive\Dokumen\application\ci4\vapor\vendor\codeigniter4\framework\system\CodeIgniter.php(499): CodeIgniter\CodeIgniter->runController(Object(App\Controllers\Laporan))
#8 C:\Users\isaka\OneDrive\Dokumen\application\ci4\vapor\vendor\codeigniter4\framework\system\CodeIgniter.php(368): CodeIgniter\CodeIgniter->handleRequest(NULL, Object(Config\Cache), false)
#9 C:\Users\isaka\OneDrive\Dokumen\application\ci4\vapor\public\index.php(67): CodeIgniter\CodeIgniter->run()
#10 C:\Users\isaka\OneDrive\Dokumen\application\ci4\vapor\vendor\codeigniter4\framework\system\Commands\Server\rewrite.php(47): require_once('C:\\Users\\isaka\\...')
#11 {main}
CRITICAL - 2023-07-24 01:20:59 --> Unknown column 'transaksi.id_tranasaksi' in 'on clause'
in SYSTEMPATH\Database\BaseConnection.php on line 645.
 1 SYSTEMPATH\Database\BaseBuilder.php(1602): CodeIgniter\Database\BaseConnection->query('SELECT *
FROM `detail_transaksi`
JOIN `barang` ON `barang`.`id_barang` = `detail`.`id_barang`
JOIN `user` ON `user`.`id_user` = `transaksi`.`id_user`
JOIN `transaksi` ON `transaksi`.`id_tranasaksi` = `detail_transaksi`.`id_transaksi`
JOIN `pembayaran` ON `pembayaran`.`id_pembayaran` = `transaksi`.`id_pembayaran`', [], false)
 2 APPPATH\Models\DetailModel.php(61): CodeIgniter\Database\BaseBuilder->get()
 3 APPPATH\Controllers\Laporan.php(20): App\Models\DetailModel->joinDetailTransaksi()
 4 SYSTEMPATH\CodeIgniter.php(934): App\Controllers\Laporan->index()
 5 SYSTEMPATH\CodeIgniter.php(499): CodeIgniter\CodeIgniter->runController(Object(App\Controllers\Laporan))
 6 SYSTEMPATH\CodeIgniter.php(368): CodeIgniter\CodeIgniter->handleRequest(null, Object(Config\Cache), false)
 7 FCPATH\index.php(67): CodeIgniter\CodeIgniter->run()
 8 SYSTEMPATH\Commands\Server\rewrite.php(47): require_once('FCPATH\\index.php')
INFO - 2023-07-24 01:21:17 --> Session: Class initialized using 'CodeIgniter\Session\Handlers\FileHandler' driver.
INFO - 2023-07-24 01:21:17 --> Cart Class Initialized
ERROR - 2023-07-24 01:21:17 --> mysqli_sql_exception: Unknown column 'transaksi.id_user' in 'on clause' in C:\Users\isaka\OneDrive\Dokumen\application\ci4\vapor\vendor\codeigniter4\framework\system\Database\MySQLi\Connection.php:295
Stack trace:
#0 C:\Users\isaka\OneDrive\Dokumen\application\ci4\vapor\vendor\codeigniter4\framework\system\Database\MySQLi\Connection.php(295): mysqli->query('SELECT *\nFROM `...', 0)
#1 C:\Users\isaka\OneDrive\Dokumen\application\ci4\vapor\vendor\codeigniter4\framework\system\Database\BaseConnection.php(691): CodeIgniter\Database\MySQLi\Connection->execute('SELECT *\nFROM `...')
#2 C:\Users\isaka\OneDrive\Dokumen\application\ci4\vapor\vendor\codeigniter4\framework\system\Database\BaseConnection.php(605): CodeIgniter\Database\BaseConnection->simpleQuery('SELECT *\nFROM `...')
#3 C:\Users\isaka\OneDrive\Dokumen\application\ci4\vapor\vendor\codeigniter4\framework\system\Database\BaseBuilder.php(1602): CodeIgniter\Database\BaseConnection->query('SELECT *\nFROM `...', Array, false)
#4 C:\Users\isaka\OneDrive\Dokumen\application\ci4\vapor\app\Models\DetailModel.php(61): CodeIgniter\Database\BaseBuilder->get()
#5 C:\Users\isaka\OneDrive\Dokumen\application\ci4\vapor\app\Controllers\Laporan.php(20): App\Models\DetailModel->joinDetailTransaksi()
#6 C:\Users\isaka\OneDrive\Dokumen\application\ci4\vapor\vendor\codeigniter4\framework\system\CodeIgniter.php(934): App\Controllers\Laporan->index()
#7 C:\Users\isaka\OneDrive\Dokumen\application\ci4\vapor\vendor\codeigniter4\framework\system\CodeIgniter.php(499): CodeIgniter\CodeIgniter->runController(Object(App\Controllers\Laporan))
#8 C:\Users\isaka\OneDrive\Dokumen\application\ci4\vapor\vendor\codeigniter4\framework\system\CodeIgniter.php(368): CodeIgniter\CodeIgniter->handleRequest(NULL, Object(Config\Cache), false)
#9 C:\Users\isaka\OneDrive\Dokumen\application\ci4\vapor\public\index.php(67): CodeIgniter\CodeIgniter->run()
#10 C:\Users\isaka\OneDrive\Dokumen\application\ci4\vapor\vendor\codeigniter4\framework\system\Commands\Server\rewrite.php(47): require_once('C:\\Users\\isaka\\...')
#11 {main}
CRITICAL - 2023-07-24 01:21:17 --> Unknown column 'transaksi.id_user' in 'on clause'
in SYSTEMPATH\Database\BaseConnection.php on line 645.
 1 SYSTEMPATH\Database\BaseBuilder.php(1602): CodeIgniter\Database\BaseConnection->query('SELECT *
FROM `detail_transaksi`
JOIN `barang` ON `barang`.`id_barang` = `detail`.`id_barang`
JOIN `user` ON `user`.`id_user` = `transaksi`.`id_user`
JOIN `transaksi` ON `transaksi`.`id_transaksi` = `detail_transaksi`.`id_transaksi`
JOIN `pembayaran` ON `pembayaran`.`id_pembayaran` = `transaksi`.`id_pembayaran`', [], false)
 2 APPPATH\Models\DetailModel.php(61): CodeIgniter\Database\BaseBuilder->get()
 3 APPPATH\Controllers\Laporan.php(20): App\Models\DetailModel->joinDetailTransaksi()
 4 SYSTEMPATH\CodeIgniter.php(934): App\Controllers\Laporan->index()
 5 SYSTEMPATH\CodeIgniter.php(499): CodeIgniter\CodeIgniter->runController(Object(App\Controllers\Laporan))
 6 SYSTEMPATH\CodeIgniter.php(368): CodeIgniter\CodeIgniter->handleRequest(null, Object(Config\Cache), false)
 7 FCPATH\index.php(67): CodeIgniter\CodeIgniter->run()
 8 SYSTEMPATH\Commands\Server\rewrite.php(47): require_once('FCPATH\\index.php')
INFO - 2023-07-24 01:21:52 --> Session: Class initialized using 'CodeIgniter\Session\Handlers\FileHandler' driver.
INFO - 2023-07-24 01:21:52 --> Cart Class Initialized
ERROR - 2023-07-24 01:21:52 --> mysqli_sql_exception: Unknown column 'detail.id_barang' in 'on clause' in C:\Users\isaka\OneDrive\Dokumen\application\ci4\vapor\vendor\codeigniter4\framework\system\Database\MySQLi\Connection.php:295
Stack trace:
#0 C:\Users\isaka\OneDrive\Dokumen\application\ci4\vapor\vendor\codeigniter4\framework\system\Database\MySQLi\Connection.php(295): mysqli->query('SELECT *\nFROM `...', 0)
#1 C:\Users\isaka\OneDrive\Dokumen\application\ci4\vapor\vendor\codeigniter4\framework\system\Database\BaseConnection.php(691): CodeIgniter\Database\MySQLi\Connection->execute('SELECT *\nFROM `...')
#2 C:\Users\isaka\OneDrive\Dokumen\application\ci4\vapor\vendor\codeigniter4\framework\system\Database\BaseConnection.php(605): CodeIgniter\Database\BaseConnection->simpleQuery('SELECT *\nFROM `...')
#3 C:\Users\isaka\OneDrive\Dokumen\application\ci4\vapor\vendor\codeigniter4\framework\system\Database\BaseBuilder.php(1602): CodeIgniter\Database\BaseConnection->query('SELECT *\nFROM `...', Array, false)
#4 C:\Users\isaka\OneDrive\Dokumen\application\ci4\vapor\app\Models\DetailModel.php(61): CodeIgniter\Database\BaseBuilder->get()
#5 C:\Users\isaka\OneDrive\Dokumen\application\ci4\vapor\app\Controllers\Laporan.php(20): App\Models\DetailModel->joinDetailTransaksi()
#6 C:\Users\isaka\OneDrive\Dokumen\application\ci4\vapor\vendor\codeigniter4\framework\system\CodeIgniter.php(934): App\Controllers\Laporan->index()
#7 C:\Users\isaka\OneDrive\Dokumen\application\ci4\vapor\vendor\codeigniter4\framework\system\CodeIgniter.php(499): CodeIgniter\CodeIgniter->runController(Object(App\Controllers\Laporan))
#8 C:\Users\isaka\OneDrive\Dokumen\application\ci4\vapor\vendor\codeigniter4\framework\system\CodeIgniter.php(368): CodeIgniter\CodeIgniter->handleRequest(NULL, Object(Config\Cache), false)
#9 C:\Users\isaka\OneDrive\Dokumen\application\ci4\vapor\public\index.php(67): CodeIgniter\CodeIgniter->run()
#10 C:\Users\isaka\OneDrive\Dokumen\application\ci4\vapor\vendor\codeigniter4\framework\system\Commands\Server\rewrite.php(47): require_once('C:\\Users\\isaka\\...')
#11 {main}
CRITICAL - 2023-07-24 01:21:52 --> Unknown column 'detail.id_barang' in 'on clause'
in SYSTEMPATH\Database\BaseConnection.php on line 645.
 1 SYSTEMPATH\Database\BaseBuilder.php(1602): CodeIgniter\Database\BaseConnection->query('SELECT *
FROM `detail_transaksi`
JOIN `transaksi` ON `transaksi`.`id_transaksi` = `detail_transaksi`.`id_transaksi`
JOIN `barang` ON `barang`.`id_barang` = `detail`.`id_barang`
JOIN `user` ON `user`.`id_user` = `transaksi`.`id_user`
JOIN `pembayaran` ON `pembayaran`.`id_pembayaran` = `transaksi`.`id_pembayaran`', [], false)
 2 APPPATH\Models\DetailModel.php(61): CodeIgniter\Database\BaseBuilder->get()
 3 APPPATH\Controllers\Laporan.php(20): App\Models\DetailModel->joinDetailTransaksi()
 4 SYSTEMPATH\CodeIgniter.php(934): App\Controllers\Laporan->index()
 5 SYSTEMPATH\CodeIgniter.php(499): CodeIgniter\CodeIgniter->runController(Object(App\Controllers\Laporan))
 6 SYSTEMPATH\CodeIgniter.php(368): CodeIgniter\CodeIgniter->handleRequest(null, Object(Config\Cache), false)
 7 FCPATH\index.php(67): CodeIgniter\CodeIgniter->run()
 8 SYSTEMPATH\Commands\Server\rewrite.php(47): require_once('FCPATH\\index.php')
INFO - 2023-07-24 01:23:55 --> Session: Class initialized using 'CodeIgniter\Session\Handlers\FileHandler' driver.
INFO - 2023-07-24 01:23:55 --> Cart Class Initialized
ERROR - 2023-07-24 01:23:55 --> mysqli_sql_exception: Unknown column 'detail.id_barang' in 'field list' in C:\Users\isaka\OneDrive\Dokumen\application\ci4\vapor\vendor\codeigniter4\framework\system\Database\MySQLi\Connection.php:295
Stack trace:
#0 C:\Users\isaka\OneDrive\Dokumen\application\ci4\vapor\vendor\codeigniter4\framework\system\Database\MySQLi\Connection.php(295): mysqli->query('SELECT *, `deta...', 0)
#1 C:\Users\isaka\OneDrive\Dokumen\application\ci4\vapor\vendor\codeigniter4\framework\system\Database\BaseConnection.php(691): CodeIgniter\Database\MySQLi\Connection->execute('SELECT *, `deta...')
#2 C:\Users\isaka\OneDrive\Dokumen\application\ci4\vapor\vendor\codeigniter4\framework\system\Database\BaseConnection.php(605): CodeIgniter\Database\BaseConnection->simpleQuery('SELECT *, `deta...')
#3 C:\Users\isaka\OneDrive\Dokumen\application\ci4\vapor\vendor\codeigniter4\framework\system\Database\BaseBuilder.php(1602): CodeIgniter\Database\BaseConnection->query('SELECT *, `deta...', Array, false)
#4 C:\Users\isaka\OneDrive\Dokumen\application\ci4\vapor\app\Models\DetailModel.php(61): CodeIgniter\Database\BaseBuilder->get()
#5 C:\Users\isaka\OneDrive\Dokumen\application\ci4\vapor\app\Controllers\Laporan.php(20): App\Models\DetailModel->joinDetailTransaksi()
#6 C:\Users\isaka\OneDrive\Dokumen\application\ci4\vapor\vendor\codeigniter4\framework\system\CodeIgniter.php(934): App\Controllers\Laporan->index()
#7 C:\Users\isaka\OneDrive\Dokumen\application\ci4\vapor\vendor\codeigniter4\framework\system\CodeIgniter.php(499): CodeIgniter\CodeIgniter->runController(Object(App\Controllers\Laporan))
#8 C:\Users\isaka\OneDrive\Dokumen\application\ci4\vapor\vendor\codeigniter4\framework\system\CodeIgniter.php(368): CodeIgniter\CodeIgniter->handleRequest(NULL, Object(Config\Cache), false)
#9 C:\Users\isaka\OneDrive\Dokumen\application\ci4\vapor\public\index.php(67): CodeIgniter\CodeIgniter->run()
#10 C:\Users\isaka\OneDrive\Dokumen\application\ci4\vapor\vendor\codeigniter4\framework\system\Commands\Server\rewrite.php(47): require_once('C:\\Users\\isaka\\...')
#11 {main}
CRITICAL - 2023-07-24 01:23:55 --> Unknown column 'detail.id_barang' in 'field list'
in SYSTEMPATH\Database\BaseConnection.php on line 645.
 1 SYSTEMPATH\Database\BaseBuilder.php(1602): CodeIgniter\Database\BaseConnection->query('SELECT *, `detail`.`id_barang` AS `id_barang`
FROM `detail_transaksi`
JOIN `transaksi` ON `transaksi`.`id_transaksi` = `detail_transaksi`.`id_transaksi`
JOIN `barang` ON `barang`.`id_barang` = `detail`.`id_barang`
JOIN `user` ON `user`.`id_user` = `transaksi`.`id_user`
JOIN `pembayaran` ON `pembayaran`.`id_pembayaran` = `transaksi`.`id_pembayaran`', [], false)
 2 APPPATH\Models\DetailModel.php(61): CodeIgniter\Database\BaseBuilder->get()
 3 APPPATH\Controllers\Laporan.php(20): App\Models\DetailModel->joinDetailTransaksi()
 4 SYSTEMPATH\CodeIgniter.php(934): App\Controllers\Laporan->index()
 5 SYSTEMPATH\CodeIgniter.php(499): CodeIgniter\CodeIgniter->runController(Object(App\Controllers\Laporan))
 6 SYSTEMPATH\CodeIgniter.php(368): CodeIgniter\CodeIgniter->handleRequest(null, Object(Config\Cache), false)
 7 FCPATH\index.php(67): CodeIgniter\CodeIgniter->run()
 8 SYSTEMPATH\Commands\Server\rewrite.php(47): require_once('FCPATH\\index.php')
INFO - 2023-07-24 01:25:04 --> Session: Class initialized using 'CodeIgniter\Session\Handlers\FileHandler' driver.
INFO - 2023-07-24 01:25:04 --> Cart Class Initialized
ERROR - 2023-07-24 01:25:04 --> mysqli_sql_exception: Unknown column 'detail_tansaksi.id_barang' in 'on clause' in C:\Users\isaka\OneDrive\Dokumen\application\ci4\vapor\vendor\codeigniter4\framework\system\Database\MySQLi\Connection.php:295
Stack trace:
#0 C:\Users\isaka\OneDrive\Dokumen\application\ci4\vapor\vendor\codeigniter4\framework\system\Database\MySQLi\Connection.php(295): mysqli->query('SELECT *\nFROM `...', 0)
#1 C:\Users\isaka\OneDrive\Dokumen\application\ci4\vapor\vendor\codeigniter4\framework\system\Database\BaseConnection.php(691): CodeIgniter\Database\MySQLi\Connection->execute('SELECT *\nFROM `...')
#2 C:\Users\isaka\OneDrive\Dokumen\application\ci4\vapor\vendor\codeigniter4\framework\system\Database\BaseConnection.php(605): CodeIgniter\Database\BaseConnection->simpleQuery('SELECT *\nFROM `...')
#3 C:\Users\isaka\OneDrive\Dokumen\application\ci4\vapor\vendor\codeigniter4\framework\system\Database\BaseBuilder.php(1602): CodeIgniter\Database\BaseConnection->query('SELECT *\nFROM `...', Array, false)
#4 C:\Users\isaka\OneDrive\Dokumen\application\ci4\vapor\app\Models\DetailModel.php(61): CodeIgniter\Database\BaseBuilder->get()
#5 C:\Users\isaka\OneDrive\Dokumen\application\ci4\vapor\app\Controllers\Laporan.php(20): App\Models\DetailModel->joinDetailTransaksi()
#6 C:\Users\isaka\OneDrive\Dokumen\application\ci4\vapor\vendor\codeigniter4\framework\system\CodeIgniter.php(934): App\Controllers\Laporan->index()
#7 C:\Users\isaka\OneDrive\Dokumen\application\ci4\vapor\vendor\codeigniter4\framework\system\CodeIgniter.php(499): CodeIgniter\CodeIgniter->runController(Object(App\Controllers\Laporan))
#8 C:\Users\isaka\OneDrive\Dokumen\application\ci4\vapor\vendor\codeigniter4\framework\system\CodeIgniter.php(368): CodeIgniter\CodeIgniter->handleRequest(NULL, Object(Config\Cache), false)
#9 C:\Users\isaka\OneDrive\Dokumen\application\ci4\vapor\public\index.php(67): CodeIgniter\CodeIgniter->run()
#10 C:\Users\isaka\OneDrive\Dokumen\application\ci4\vapor\vendor\codeigniter4\framework\system\Commands\Server\rewrite.php(47): require_once('C:\\Users\\isaka\\...')
#11 {main}
CRITICAL - 2023-07-24 01:25:04 --> Unknown column 'detail_tansaksi.id_barang' in 'on clause'
in SYSTEMPATH\Database\BaseConnection.php on line 645.
 1 SYSTEMPATH\Database\BaseBuilder.php(1602): CodeIgniter\Database\BaseConnection->query('SELECT *
FROM `detail_transaksi`
JOIN `transaksi` ON `transaksi`.`id_transaksi` = `detail_transaksi`.`id_transaksi`
JOIN `barang` ON `barang`.`id_barang` = `detail_tansaksi`.`id_barang`
JOIN `user` ON `user`.`id_user` = `transaksi`.`id_user`
JOIN `pembayaran` ON `pembayaran`.`id_pembayaran` = `transaksi`.`id_pembayaran`', [], false)
 2 APPPATH\Models\DetailModel.php(61): CodeIgniter\Database\BaseBuilder->get()
 3 APPPATH\Controllers\Laporan.php(20): App\Models\DetailModel->joinDetailTransaksi()
 4 SYSTEMPATH\CodeIgniter.php(934): App\Controllers\Laporan->index()
 5 SYSTEMPATH\CodeIgniter.php(499): CodeIgniter\CodeIgniter->runController(Object(App\Controllers\Laporan))
 6 SYSTEMPATH\CodeIgniter.php(368): CodeIgniter\CodeIgniter->handleRequest(null, Object(Config\Cache), false)
 7 FCPATH\index.php(67): CodeIgniter\CodeIgniter->run()
 8 SYSTEMPATH\Commands\Server\rewrite.php(47): require_once('FCPATH\\index.php')
INFO - 2023-07-24 01:25:19 --> Session: Class initialized using 'CodeIgniter\Session\Handlers\FileHandler' driver.
INFO - 2023-07-24 01:25:19 --> Cart Class Initialized
INFO - 2023-07-24 01:26:58 --> Session: Class initialized using 'CodeIgniter\Session\Handlers\FileHandler' driver.
INFO - 2023-07-24 01:26:58 --> Cart Class Initialized
INFO - 2023-07-24 01:42:51 --> Session: Class initialized using 'CodeIgniter\Session\Handlers\FileHandler' driver.
INFO - 2023-07-24 01:42:51 --> Cart Class Initialized
ERROR - 2023-07-24 01:42:51 --> mysqli_sql_exception: Unknown column 'transaksi.tgl_transaksi' in 'where clause' in C:\Users\isaka\OneDrive\Dokumen\application\ci4\vapor\vendor\codeigniter4\framework\system\Database\MySQLi\Connection.php:295
Stack trace:
#0 C:\Users\isaka\OneDrive\Dokumen\application\ci4\vapor\vendor\codeigniter4\framework\system\Database\MySQLi\Connection.php(295): mysqli->query('SELECT *\nFROM `...', 0)
#1 C:\Users\isaka\OneDrive\Dokumen\application\ci4\vapor\vendor\codeigniter4\framework\system\Database\BaseConnection.php(691): CodeIgniter\Database\MySQLi\Connection->execute('SELECT *\nFROM `...')
#2 C:\Users\isaka\OneDrive\Dokumen\application\ci4\vapor\vendor\codeigniter4\framework\system\Database\BaseConnection.php(605): CodeIgniter\Database\BaseConnection->simpleQuery('SELECT *\nFROM `...')
#3 C:\Users\isaka\OneDrive\Dokumen\application\ci4\vapor\vendor\codeigniter4\framework\system\Database\BaseBuilder.php(1602): CodeIgniter\Database\BaseConnection->query('SELECT *\nFROM `...', Array, false)
#4 C:\Users\isaka\OneDrive\Dokumen\application\ci4\vapor\app\Models\DetailModel.php(86): CodeIgniter\Database\BaseBuilder->get()
#5 C:\Users\isaka\OneDrive\Dokumen\application\ci4\vapor\app\Controllers\Laporan.php(21): App\Models\DetailModel->joinDetailTransaksiTanggal(1992)
#6 C:\Users\isaka\OneDrive\Dokumen\application\ci4\vapor\vendor\codeigniter4\framework\system\CodeIgniter.php(934): App\Controllers\Laporan->index()
#7 C:\Users\isaka\OneDrive\Dokumen\application\ci4\vapor\vendor\codeigniter4\framework\system\CodeIgniter.php(499): CodeIgniter\CodeIgniter->runController(Object(App\Controllers\Laporan))
#8 C:\Users\isaka\OneDrive\Dokumen\application\ci4\vapor\vendor\codeigniter4\framework\system\CodeIgniter.php(368): CodeIgniter\CodeIgniter->handleRequest(NULL, Object(Config\Cache), false)
#9 C:\Users\isaka\OneDrive\Dokumen\application\ci4\vapor\public\index.php(67): CodeIgniter\CodeIgniter->run()
#10 C:\Users\isaka\OneDrive\Dokumen\application\ci4\vapor\vendor\codeigniter4\framework\system\Commands\Server\rewrite.php(47): require_once('C:\\Users\\isaka\\...')
#11 {main}
CRITICAL - 2023-07-24 01:42:51 --> Unknown column 'transaksi.tgl_transaksi' in 'where clause'
in SYSTEMPATH\Database\BaseConnection.php on line 645.
 1 SYSTEMPATH\Database\BaseBuilder.php(1602): CodeIgniter\Database\BaseConnection->query('SELECT *
FROM `detail_transaksi`
JOIN `transaksi` ON `transaksi`.`id_transaksi` = `detail_transaksi`.`id_transaksi`
JOIN `barang` ON `barang`.`id_barang` = `detail_transaksi`.`id_barang`
JOIN `kategori` ON `kategori`.`id_kategori` = `barang`.`id_kategori`
JOIN `user` ON `user`.`id_user` = `transaksi`.`id_user`
JOIN `pembayaran` ON `pembayaran`.`id_pembayaran` = `transaksi`.`id_pembayaran`
WHERE `transaksi`.`tgl_transaksi` = :transaksi.tgl_transaksi:', [...], false)
 2 APPPATH\Models\DetailModel.php(86): CodeIgniter\Database\BaseBuilder->get()
 3 APPPATH\Controllers\Laporan.php(21): App\Models\DetailModel->joinDetailTransaksiTanggal(1992)
 4 SYSTEMPATH\CodeIgniter.php(934): App\Controllers\Laporan->index()
 5 SYSTEMPATH\CodeIgniter.php(499): CodeIgniter\CodeIgniter->runController(Object(App\Controllers\Laporan))
 6 SYSTEMPATH\CodeIgniter.php(368): CodeIgniter\CodeIgniter->handleRequest(null, Object(Config\Cache), false)
 7 FCPATH\index.php(67): CodeIgniter\CodeIgniter->run()
 8 SYSTEMPATH\Commands\Server\rewrite.php(47): require_once('FCPATH\\index.php')
INFO - 2023-07-24 01:43:05 --> Session: Class initialized using 'CodeIgniter\Session\Handlers\FileHandler' driver.
INFO - 2023-07-24 01:43:05 --> Cart Class Initialized
ERROR - 2023-07-24 01:43:06 --> mysqli_sql_exception: Unknown column 'transaksi.tgl_transaksi' in 'where clause' in C:\Users\isaka\OneDrive\Dokumen\application\ci4\vapor\vendor\codeigniter4\framework\system\Database\MySQLi\Connection.php:295
Stack trace:
#0 C:\Users\isaka\OneDrive\Dokumen\application\ci4\vapor\vendor\codeigniter4\framework\system\Database\MySQLi\Connection.php(295): mysqli->query('SELECT *\nFROM `...', 0)
#1 C:\Users\isaka\OneDrive\Dokumen\application\ci4\vapor\vendor\codeigniter4\framework\system\Database\BaseConnection.php(691): CodeIgniter\Database\MySQLi\Connection->execute('SELECT *\nFROM `...')
#2 C:\Users\isaka\OneDrive\Dokumen\application\ci4\vapor\vendor\codeigniter4\framework\system\Database\BaseConnection.php(605): CodeIgniter\Database\BaseConnection->simpleQuery('SELECT *\nFROM `...')
#3 C:\Users\isaka\OneDrive\Dokumen\application\ci4\vapor\vendor\codeigniter4\framework\system\Database\BaseBuilder.php(1602): CodeIgniter\Database\BaseConnection->query('SELECT *\nFROM `...', Array, false)
#4 C:\Users\isaka\OneDrive\Dokumen\application\ci4\vapor\app\Models\DetailModel.php(86): CodeIgniter\Database\BaseBuilder->get()
#5 C:\Users\isaka\OneDrive\Dokumen\application\ci4\vapor\app\Controllers\Laporan.php(21): App\Models\DetailModel->joinDetailTransaksiTanggal(1992)
#6 C:\Users\isaka\OneDrive\Dokumen\application\ci4\vapor\vendor\codeigniter4\framework\system\CodeIgniter.php(934): App\Controllers\Laporan->index()
#7 C:\Users\isaka\OneDrive\Dokumen\application\ci4\vapor\vendor\codeigniter4\framework\system\CodeIgniter.php(499): CodeIgniter\CodeIgniter->runController(Object(App\Controllers\Laporan))
#8 C:\Users\isaka\OneDrive\Dokumen\application\ci4\vapor\vendor\codeigniter4\framework\system\CodeIgniter.php(368): CodeIgniter\CodeIgniter->handleRequest(NULL, Object(Config\Cache), false)
#9 C:\Users\isaka\OneDrive\Dokumen\application\ci4\vapor\public\index.php(67): CodeIgniter\CodeIgniter->run()
#10 C:\Users\isaka\OneDrive\Dokumen\application\ci4\vapor\vendor\codeigniter4\framework\system\Commands\Server\rewrite.php(47): require_once('C:\\Users\\isaka\\...')
#11 {main}
CRITICAL - 2023-07-24 01:43:06 --> Unknown column 'transaksi.tgl_transaksi' in 'where clause'
in SYSTEMPATH\Database\BaseConnection.php on line 645.
 1 SYSTEMPATH\Database\BaseBuilder.php(1602): CodeIgniter\Database\BaseConnection->query('SELECT *
FROM `detail_transaksi`
JOIN `transaksi` ON `transaksi`.`id_transaksi` = `detail_transaksi`.`id_transaksi`
JOIN `barang` ON `barang`.`id_barang` = `detail_transaksi`.`id_barang`
JOIN `kategori` ON `kategori`.`id_kategori` = `barang`.`id_kategori`
JOIN `user` ON `user`.`id_user` = `transaksi`.`id_user`
JOIN `pembayaran` ON `pembayaran`.`id_pembayaran` = `transaksi`.`id_pembayaran`
WHERE `transaksi`.`tgl_transaksi` = :transaksi.tgl_transaksi:', [...], false)
 2 APPPATH\Models\DetailModel.php(86): CodeIgniter\Database\BaseBuilder->get()
 3 APPPATH\Controllers\Laporan.php(21): App\Models\DetailModel->joinDetailTransaksiTanggal(1992)
 4 SYSTEMPATH\CodeIgniter.php(934): App\Controllers\Laporan->index()
 5 SYSTEMPATH\CodeIgniter.php(499): CodeIgniter\CodeIgniter->runController(Object(App\Controllers\Laporan))
 6 SYSTEMPATH\CodeIgniter.php(368): CodeIgniter\CodeIgniter->handleRequest(null, Object(Config\Cache), false)
 7 FCPATH\index.php(67): CodeIgniter\CodeIgniter->run()
 8 SYSTEMPATH\Commands\Server\rewrite.php(47): require_once('FCPATH\\index.php')
INFO - 2023-07-24 01:43:55 --> Session: Class initialized using 'CodeIgniter\Session\Handlers\FileHandler' driver.
INFO - 2023-07-24 01:43:55 --> Cart Class Initialized
INFO - 2023-07-24 01:44:45 --> Session: Class initialized using 'CodeIgniter\Session\Handlers\FileHandler' driver.
INFO - 2023-07-24 01:44:45 --> Cart Class Initialized
INFO - 2023-07-24 01:45:00 --> Session: Class initialized using 'CodeIgniter\Session\Handlers\FileHandler' driver.
INFO - 2023-07-24 01:45:00 --> Cart Class Initialized
ERROR - 2023-07-24 01:45:00 --> mysqli_sql_exception: Incorrect DATE value: '2023 - 07 - 24' in C:\Users\isaka\OneDrive\Dokumen\application\ci4\vapor\vendor\codeigniter4\framework\system\Database\MySQLi\Connection.php:295
Stack trace:
#0 C:\Users\isaka\OneDrive\Dokumen\application\ci4\vapor\vendor\codeigniter4\framework\system\Database\MySQLi\Connection.php(295): mysqli->query('SELECT *\nFROM `...', 0)
#1 C:\Users\isaka\OneDrive\Dokumen\application\ci4\vapor\vendor\codeigniter4\framework\system\Database\BaseConnection.php(691): CodeIgniter\Database\MySQLi\Connection->execute('SELECT *\nFROM `...')
#2 C:\Users\isaka\OneDrive\Dokumen\application\ci4\vapor\vendor\codeigniter4\framework\system\Database\BaseConnection.php(605): CodeIgniter\Database\BaseConnection->simpleQuery('SELECT *\nFROM `...')
#3 C:\Users\isaka\OneDrive\Dokumen\application\ci4\vapor\vendor\codeigniter4\framework\system\Database\BaseBuilder.php(1602): CodeIgniter\Database\BaseConnection->query('SELECT *\nFROM `...', Array, false)
#4 C:\Users\isaka\OneDrive\Dokumen\application\ci4\vapor\app\Models\DetailModel.php(86): CodeIgniter\Database\BaseBuilder->get()
#5 C:\Users\isaka\OneDrive\Dokumen\application\ci4\vapor\app\Controllers\Laporan.php(21): App\Models\DetailModel->joinDetailTransaksiTanggal('2023 - 07 - 24')
#6 C:\Users\isaka\OneDrive\Dokumen\application\ci4\vapor\vendor\codeigniter4\framework\system\CodeIgniter.php(934): App\Controllers\Laporan->index()
#7 C:\Users\isaka\OneDrive\Dokumen\application\ci4\vapor\vendor\codeigniter4\framework\system\CodeIgniter.php(499): CodeIgniter\CodeIgniter->runController(Object(App\Controllers\Laporan))
#8 C:\Users\isaka\OneDrive\Dokumen\application\ci4\vapor\vendor\codeigniter4\framework\system\CodeIgniter.php(368): CodeIgniter\CodeIgniter->handleRequest(NULL, Object(Config\Cache), false)
#9 C:\Users\isaka\OneDrive\Dokumen\application\ci4\vapor\public\index.php(67): CodeIgniter\CodeIgniter->run()
#10 C:\Users\isaka\OneDrive\Dokumen\application\ci4\vapor\vendor\codeigniter4\framework\system\Commands\Server\rewrite.php(47): require_once('C:\\Users\\isaka\\...')
#11 {main}
CRITICAL - 2023-07-24 01:45:00 --> Incorrect DATE value: '2023 - 07 - 24'
in SYSTEMPATH\Database\BaseConnection.php on line 645.
 1 SYSTEMPATH\Database\BaseBuilder.php(1602): CodeIgniter\Database\BaseConnection->query('SELECT *
FROM `detail_transaksi`
JOIN `transaksi` ON `transaksi`.`id_transaksi` = `detail_transaksi`.`id_transaksi`
JOIN `barang` ON `barang`.`id_barang` = `detail_transaksi`.`id_barang`
JOIN `kategori` ON `kategori`.`id_kategori` = `barang`.`id_kategori`
JOIN `user` ON `user`.`id_user` = `transaksi`.`id_user`
JOIN `pembayaran` ON `pembayaran`.`id_pembayaran` = `transaksi`.`id_pembayaran`
WHERE `transaksi`.`tgl` = :transaksi.tgl:', [...], false)
 2 APPPATH\Models\DetailModel.php(86): CodeIgniter\Database\BaseBuilder->get()
 3 APPPATH\Controllers\Laporan.php(21): App\Models\DetailModel->joinDetailTransaksiTanggal('2023 - 07 - 24')
 4 SYSTEMPATH\CodeIgniter.php(934): App\Controllers\Laporan->index()
 5 SYSTEMPATH\CodeIgniter.php(499): CodeIgniter\CodeIgniter->runController(Object(App\Controllers\Laporan))
 6 SYSTEMPATH\CodeIgniter.php(368): CodeIgniter\CodeIgniter->handleRequest(null, Object(Config\Cache), false)
 7 FCPATH\index.php(67): CodeIgniter\CodeIgniter->run()
 8 SYSTEMPATH\Commands\Server\rewrite.php(47): require_once('FCPATH\\index.php')
INFO - 2023-07-24 01:45:30 --> Session: Class initialized using 'CodeIgniter\Session\Handlers\FileHandler' driver.
INFO - 2023-07-24 01:45:31 --> Cart Class Initialized
INFO - 2023-07-24 02:03:01 --> Session: Class initialized using 'CodeIgniter\Session\Handlers\FileHandler' driver.
INFO - 2023-07-24 02:03:01 --> Cart Class Initialized
INFO - 2023-07-24 02:03:18 --> Session: Class initialized using 'CodeIgniter\Session\Handlers\FileHandler' driver.
INFO - 2023-07-24 02:03:18 --> Cart Class Initialized
INFO - 2023-07-24 02:03:59 --> Session: Class initialized using 'CodeIgniter\Session\Handlers\FileHandler' driver.
INFO - 2023-07-24 02:03:59 --> Cart Class Initialized
INFO - 2023-07-24 02:04:04 --> Session: Class initialized using 'CodeIgniter\Session\Handlers\FileHandler' driver.
INFO - 2023-07-24 02:04:04 --> Cart Class Initialized
INFO - 2023-07-24 02:12:03 --> Session: Class initialized using 'CodeIgniter\Session\Handlers\FileHandler' driver.
INFO - 2023-07-24 02:12:03 --> Cart Class Initialized
INFO - 2023-07-24 02:12:50 --> Session: Class initialized using 'CodeIgniter\Session\Handlers\FileHandler' driver.
INFO - 2023-07-24 02:12:50 --> Cart Class Initialized
INFO - 2023-07-24 02:28:55 --> Session: Class initialized using 'CodeIgniter\Session\Handlers\FileHandler' driver.
INFO - 2023-07-24 02:28:55 --> Cart Class Initialized
INFO - 2023-07-24 02:28:59 --> Session: Class initialized using 'CodeIgniter\Session\Handlers\FileHandler' driver.
INFO - 2023-07-24 02:28:59 --> Cart Class Initialized
INFO - 2023-07-24 02:29:16 --> Session: Class initialized using 'CodeIgniter\Session\Handlers\FileHandler' driver.
INFO - 2023-07-24 02:29:16 --> Cart Class Initialized
INFO - 2023-07-24 02:32:26 --> Session: Class initialized using 'CodeIgniter\Session\Handlers\FileHandler' driver.
INFO - 2023-07-24 02:32:26 --> Cart Class Initialized
CRITICAL - 2023-07-24 02:32:26 --> Call to undefined method App\Models\DetailModel::joinDetailTransaksiBulan
in SYSTEMPATH\Model.php on line 841.
 1 APPPATH\Controllers\Laporan.php(39): CodeIgniter\Model->__call('joinDetailTransaksiBulan', [...])
 2 SYSTEMPATH\CodeIgniter.php(934): App\Controllers\Laporan->print_tanggal()
 3 SYSTEMPATH\CodeIgniter.php(499): CodeIgniter\CodeIgniter->runController(Object(App\Controllers\Laporan))
 4 SYSTEMPATH\CodeIgniter.php(368): CodeIgniter\CodeIgniter->handleRequest(null, Object(Config\Cache), false)
 5 FCPATH\index.php(67): CodeIgniter\CodeIgniter->run()
 6 SYSTEMPATH\Commands\Server\rewrite.php(47): require_once('FCPATH\\index.php')
INFO - 2023-07-24 02:32:50 --> Session: Class initialized using 'CodeIgniter\Session\Handlers\FileHandler' driver.
INFO - 2023-07-24 02:32:50 --> Cart Class Initialized
INFO - 2023-07-24 02:41:30 --> Session: Class initialized using 'CodeIgniter\Session\Handlers\FileHandler' driver.
INFO - 2023-07-24 02:41:30 --> Cart Class Initialized
CRITICAL - 2023-07-24 02:41:30 --> Undefined variable $bulan
in APPPATH\Views\laporan\print.php on line 30.
 1 APPPATH\Views\laporan\print.php(30): CodeIgniter\Debug\Exceptions->errorHandler(2, 'Undefined variable $bulan', 'APPPATH\\Views\\laporan\\print.php', 30)
 2 SYSTEMPATH\View\View.php(213): include('APPPATH\\Views\\laporan\\print.php')
 3 SYSTEMPATH\View\View.php(216): CodeIgniter\View\View->CodeIgniter\View\{closure}()
 4 SYSTEMPATH\Common.php(1177): CodeIgniter\View\View->render('laporan/print', [], true)
 5 APPPATH\Controllers\Laporan.php(42): view('laporan/print', [...])
 6 SYSTEMPATH\CodeIgniter.php(934): App\Controllers\Laporan->print_tanggal()
 7 SYSTEMPATH\CodeIgniter.php(499): CodeIgniter\CodeIgniter->runController(Object(App\Controllers\Laporan))
 8 SYSTEMPATH\CodeIgniter.php(368): CodeIgniter\CodeIgniter->handleRequest(null, Object(Config\Cache), false)
 9 FCPATH\index.php(67): CodeIgniter\CodeIgniter->run()
10 SYSTEMPATH\Commands\Server\rewrite.php(47): require_once('FCPATH\\index.php')
INFO - 2023-07-24 02:42:09 --> Session: Class initialized using 'CodeIgniter\Session\Handlers\FileHandler' driver.
INFO - 2023-07-24 02:42:09 --> Cart Class Initialized
CRITICAL - 2023-07-24 02:42:09 --> Undefined variable $transaksibulan
in APPPATH\Views\laporan\print.php on line 90.
 1 APPPATH\Views\laporan\print.php(90): CodeIgniter\Debug\Exceptions->errorHandler(2, 'Undefined variable $transaksibulan', 'APPPATH\\Views\\laporan\\print.php', 90)
 2 SYSTEMPATH\View\View.php(213): include('APPPATH\\Views\\laporan\\print.php')
 3 SYSTEMPATH\View\View.php(216): CodeIgniter\View\View->CodeIgniter\View\{closure}()
 4 SYSTEMPATH\Common.php(1177): CodeIgniter\View\View->render('laporan/print', [], true)
 5 APPPATH\Controllers\Laporan.php(42): view('laporan/print', [...])
 6 SYSTEMPATH\CodeIgniter.php(934): App\Controllers\Laporan->print_tanggal()
 7 SYSTEMPATH\CodeIgniter.php(499): CodeIgniter\CodeIgniter->runController(Object(App\Controllers\Laporan))
 8 SYSTEMPATH\CodeIgniter.php(368): CodeIgniter\CodeIgniter->handleRequest(null, Object(Config\Cache), false)
 9 FCPATH\index.php(67): CodeIgniter\CodeIgniter->run()
10 SYSTEMPATH\Commands\Server\rewrite.php(47): require_once('FCPATH\\index.php')
INFO - 2023-07-24 02:42:39 --> Session: Class initialized using 'CodeIgniter\Session\Handlers\FileHandler' driver.
INFO - 2023-07-24 02:42:39 --> Cart Class Initialized
INFO - 2023-07-24 02:45:38 --> Session: Class initialized using 'CodeIgniter\Session\Handlers\FileHandler' driver.
INFO - 2023-07-24 02:45:38 --> Cart Class Initialized
INFO - 2023-07-24 02:46:00 --> Session: Class initialized using 'CodeIgniter\Session\Handlers\FileHandler' driver.
INFO - 2023-07-24 02:46:00 --> Cart Class Initialized
INFO - 2023-07-24 02:46:30 --> Session: Class initialized using 'CodeIgniter\Session\Handlers\FileHandler' driver.
INFO - 2023-07-24 02:46:30 --> Cart Class Initialized
INFO - 2023-07-24 03:01:35 --> Session: Class initialized using 'CodeIgniter\Session\Handlers\FileHandler' driver.
INFO - 2023-07-24 03:01:35 --> Cart Class Initialized
INFO - 2023-07-24 03:02:16 --> Session: Class initialized using 'CodeIgniter\Session\Handlers\FileHandler' driver.
INFO - 2023-07-24 03:02:16 --> Cart Class Initialized
INFO - 2023-07-24 03:04:31 --> Session: Class initialized using 'CodeIgniter\Session\Handlers\FileHandler' driver.
INFO - 2023-07-24 03:04:31 --> Cart Class Initialized
INFO - 2023-07-24 03:10:22 --> Session: Class initialized using 'CodeIgniter\Session\Handlers\FileHandler' driver.
INFO - 2023-07-24 03:10:22 --> Cart Class Initialized
INFO - 2023-07-24 03:10:39 --> Session: Class initialized using 'CodeIgniter\Session\Handlers\FileHandler' driver.
INFO - 2023-07-24 03:10:39 --> Cart Class Initialized
INFO - 2023-07-24 03:11:19 --> Session: Class initialized using 'CodeIgniter\Session\Handlers\FileHandler' driver.
INFO - 2023-07-24 03:11:19 --> Cart Class Initialized
INFO - 2023-07-24 03:12:35 --> Session: Class initialized using 'CodeIgniter\Session\Handlers\FileHandler' driver.
INFO - 2023-07-24 03:12:35 --> Cart Class Initialized
INFO - 2023-07-24 03:13:00 --> Session: Class initialized using 'CodeIgniter\Session\Handlers\FileHandler' driver.
INFO - 2023-07-24 03:13:00 --> Cart Class Initialized
INFO - 2023-07-24 03:13:16 --> Session: Class initialized using 'CodeIgniter\Session\Handlers\FileHandler' driver.
INFO - 2023-07-24 03:13:16 --> Cart Class Initialized
INFO - 2023-07-24 03:18:21 --> Session: Class initialized using 'CodeIgniter\Session\Handlers\FileHandler' driver.
INFO - 2023-07-24 03:18:21 --> Cart Class Initialized
INFO - 2023-07-24 03:18:55 --> Session: Class initialized using 'CodeIgniter\Session\Handlers\FileHandler' driver.
INFO - 2023-07-24 03:18:55 --> Cart Class Initialized
INFO - 2023-07-24 03:19:10 --> Session: Class initialized using 'CodeIgniter\Session\Handlers\FileHandler' driver.
INFO - 2023-07-24 03:19:10 --> Cart Class Initialized
INFO - 2023-07-24 03:19:34 --> Session: Class initialized using 'CodeIgniter\Session\Handlers\FileHandler' driver.
INFO - 2023-07-24 03:19:34 --> Cart Class Initialized
INFO - 2023-07-24 03:19:49 --> Session: Class initialized using 'CodeIgniter\Session\Handlers\FileHandler' driver.
INFO - 2023-07-24 03:19:49 --> Cart Class Initialized
INFO - 2023-07-24 03:20:04 --> Session: Class initialized using 'CodeIgniter\Session\Handlers\FileHandler' driver.
INFO - 2023-07-24 03:20:04 --> Cart Class Initialized
INFO - 2023-07-24 03:22:59 --> Session: Class initialized using 'CodeIgniter\Session\Handlers\FileHandler' driver.
INFO - 2023-07-24 03:22:59 --> Cart Class Initialized
INFO - 2023-07-24 03:24:26 --> Session: Class initialized using 'CodeIgniter\Session\Handlers\FileHandler' driver.
INFO - 2023-07-24 03:24:26 --> Cart Class Initialized
INFO - 2023-07-24 03:24:45 --> Session: Class initialized using 'CodeIgniter\Session\Handlers\FileHandler' driver.
INFO - 2023-07-24 03:24:45 --> Cart Class Initialized
INFO - 2023-07-24 03:25:14 --> Session: Class initialized using 'CodeIgniter\Session\Handlers\FileHandler' driver.
INFO - 2023-07-24 03:25:14 --> Cart Class Initialized
INFO - 2023-07-24 03:32:24 --> Session: Class initialized using 'CodeIgniter\Session\Handlers\FileHandler' driver.
INFO - 2023-07-24 03:32:24 --> Cart Class Initialized
INFO - 2023-07-24 03:34:27 --> Session: Class initialized using 'CodeIgniter\Session\Handlers\FileHandler' driver.
INFO - 2023-07-24 03:34:27 --> Cart Class Initialized
INFO - 2023-07-24 03:34:44 --> Session: Class initialized using 'CodeIgniter\Session\Handlers\FileHandler' driver.
INFO - 2023-07-24 03:35:25 --> Session: Class initialized using 'CodeIgniter\Session\Handlers\FileHandler' driver.
INFO - 2023-07-24 03:35:25 --> Cart Class Initialized
INFO - 2023-07-24 03:36:18 --> Session: Class initialized using 'CodeIgniter\Session\Handlers\FileHandler' driver.
INFO - 2023-07-24 03:36:18 --> Cart Class Initialized
INFO - 2023-07-24 03:40:22 --> Session: Class initialized using 'CodeIgniter\Session\Handlers\FileHandler' driver.
INFO - 2023-07-24 03:40:22 --> Cart Class Initialized
INFO - 2023-07-24 03:41:16 --> Session: Class initialized using 'CodeIgniter\Session\Handlers\FileHandler' driver.
INFO - 2023-07-24 03:41:17 --> Cart Class Initialized
INFO - 2023-07-24 03:43:06 --> Session: Class initialized using 'CodeIgniter\Session\Handlers\FileHandler' driver.
INFO - 2023-07-24 03:43:06 --> Cart Class Initialized
INFO - 2023-07-24 03:43:36 --> Session: Class initialized using 'CodeIgniter\Session\Handlers\FileHandler' driver.
INFO - 2023-07-24 03:43:36 --> Cart Class Initialized
INFO - 2023-07-24 03:44:11 --> Session: Class initialized using 'CodeIgniter\Session\Handlers\FileHandler' driver.
INFO - 2023-07-24 03:44:11 --> Cart Class Initialized
INFO - 2023-07-24 03:45:08 --> Session: Class initialized using 'CodeIgniter\Session\Handlers\FileHandler' driver.
INFO - 2023-07-24 03:45:08 --> Cart Class Initialized
INFO - 2023-07-24 03:46:00 --> Session: Class initialized using 'CodeIgniter\Session\Handlers\FileHandler' driver.
INFO - 2023-07-24 03:46:01 --> Cart Class Initialized
INFO - 2023-07-24 03:49:44 --> Session: Class initialized using 'CodeIgniter\Session\Handlers\FileHandler' driver.
INFO - 2023-07-24 03:49:44 --> Cart Class Initialized
INFO - 2023-07-24 03:50:41 --> Session: Class initialized using 'CodeIgniter\Session\Handlers\FileHandler' driver.
INFO - 2023-07-24 03:50:41 --> Cart Class Initialized
INFO - 2023-07-24 03:51:06 --> Session: Class initialized using 'CodeIgniter\Session\Handlers\FileHandler' driver.
INFO - 2023-07-24 03:51:06 --> Cart Class Initialized
INFO - 2023-07-24 03:51:23 --> Session: Class initialized using 'CodeIgniter\Session\Handlers\FileHandler' driver.
INFO - 2023-07-24 03:51:23 --> Cart Class Initialized
INFO - 2023-07-24 03:52:15 --> Session: Class initialized using 'CodeIgniter\Session\Handlers\FileHandler' driver.
INFO - 2023-07-24 03:52:15 --> Cart Class Initialized
INFO - 2023-07-24 03:55:53 --> Session: Class initialized using 'CodeIgniter\Session\Handlers\FileHandler' driver.
INFO - 2023-07-24 03:55:53 --> Cart Class Initialized
CRITICAL - 2023-07-24 03:55:53 --> Call to undefined method App\Models\DetailModel::joinDetailTransaksiTanggal
in SYSTEMPATH\Model.php on line 841.
 1 APPPATH\Controllers\Laporan.php(21): CodeIgniter\Model->__call('joinDetailTransaksiTanggal', [...])
 2 SYSTEMPATH\CodeIgniter.php(934): App\Controllers\Laporan->index()
 3 SYSTEMPATH\CodeIgniter.php(499): CodeIgniter\CodeIgniter->runController(Object(App\Controllers\Laporan))
 4 SYSTEMPATH\CodeIgniter.php(368): CodeIgniter\CodeIgniter->handleRequest(null, Object(Config\Cache), false)
 5 FCPATH\index.php(67): CodeIgniter\CodeIgniter->run()
 6 SYSTEMPATH\Commands\Server\rewrite.php(47): require_once('FCPATH\\index.php')
INFO - 2023-07-24 03:56:34 --> Session: Class initialized using 'CodeIgniter\Session\Handlers\FileHandler' driver.
INFO - 2023-07-24 03:56:34 --> Cart Class Initialized
INFO - 2023-07-24 03:56:49 --> Session: Class initialized using 'CodeIgniter\Session\Handlers\FileHandler' driver.
INFO - 2023-07-24 03:56:49 --> Cart Class Initialized
INFO - 2023-07-24 03:56:57 --> Session: Class initialized using 'CodeIgniter\Session\Handlers\FileHandler' driver.
INFO - 2023-07-24 03:56:57 --> Cart Class Initialized
INFO - 2023-07-24 03:57:01 --> Session: Class initialized using 'CodeIgniter\Session\Handlers\FileHandler' driver.
INFO - 2023-07-24 03:57:01 --> Cart Class Initialized
INFO - 2023-07-24 04:01:37 --> Session: Class initialized using 'CodeIgniter\Session\Handlers\FileHandler' driver.
INFO - 2023-07-24 04:01:37 --> Cart Class Initialized
INFO - 2023-07-24 04:01:46 --> Session: Class initialized using 'CodeIgniter\Session\Handlers\FileHandler' driver.
INFO - 2023-07-24 04:01:46 --> Cart Class Initialized
INFO - 2023-07-24 04:39:05 --> Session: Class initialized using 'CodeIgniter\Session\Handlers\FileHandler' driver.
INFO - 2023-07-24 04:39:05 --> Cart Class Initialized
INFO - 2023-07-24 04:39:19 --> Session: Class initialized using 'CodeIgniter\Session\Handlers\FileHandler' driver.
INFO - 2023-07-24 04:39:19 --> Cart Class Initialized
INFO - 2023-07-24 04:39:19 --> Session: Class initialized using 'CodeIgniter\Session\Handlers\FileHandler' driver.
INFO - 2023-07-24 04:39:19 --> Cart Class Initialized
INFO - 2023-07-24 04:39:26 --> Session: Class initialized using 'CodeIgniter\Session\Handlers\FileHandler' driver.
INFO - 2023-07-24 04:39:26 --> Cart Class Initialized
INFO - 2023-07-24 04:39:35 --> Session: Class initialized using 'CodeIgniter\Session\Handlers\FileHandler' driver.
INFO - 2023-07-24 04:39:36 --> Cart Class Initialized
INFO - 2023-07-24 04:39:36 --> Session: Class initialized using 'CodeIgniter\Session\Handlers\FileHandler' driver.
INFO - 2023-07-24 04:39:36 --> Cart Class Initialized
INFO - 2023-07-24 04:39:43 --> Session: Class initialized using 'CodeIgniter\Session\Handlers\FileHandler' driver.
INFO - 2023-07-24 04:39:43 --> Cart Class Initialized
INFO - 2023-07-24 04:39:44 --> Session: Class initialized using 'CodeIgniter\Session\Handlers\FileHandler' driver.
INFO - 2023-07-24 04:39:44 --> Cart Class Initialized
INFO - 2023-07-24 04:39:56 --> Session: Class initialized using 'CodeIgniter\Session\Handlers\FileHandler' driver.
INFO - 2023-07-24 04:39:56 --> Cart Class Initialized
INFO - 2023-07-24 04:39:57 --> Session: Class initialized using 'CodeIgniter\Session\Handlers\FileHandler' driver.
INFO - 2023-07-24 04:39:57 --> Cart Class Initialized
INFO - 2023-07-24 04:40:04 --> Session: Class initialized using 'CodeIgniter\Session\Handlers\FileHandler' driver.
INFO - 2023-07-24 04:40:04 --> Cart Class Initialized
INFO - 2023-07-24 04:48:25 --> Session: Class initialized using 'CodeIgniter\Session\Handlers\FileHandler' driver.
INFO - 2023-07-24 04:48:26 --> Cart Class Initialized
INFO - 2023-07-24 05:01:09 --> Session: Class initialized using 'CodeIgniter\Session\Handlers\FileHandler' driver.
INFO - 2023-07-24 05:01:09 --> Cart Class Initialized
INFO - 2023-07-24 05:02:39 --> Session: Class initialized using 'CodeIgniter\Session\Handlers\FileHandler' driver.
INFO - 2023-07-24 05:02:39 --> Cart Class Initialized
INFO - 2023-07-24 05:03:23 --> Session: Class initialized using 'CodeIgniter\Session\Handlers\FileHandler' driver.
INFO - 2023-07-24 05:03:23 --> Cart Class Initialized
INFO - 2023-07-24 05:20:35 --> Session: Class initialized using 'CodeIgniter\Session\Handlers\FileHandler' driver.
INFO - 2023-07-24 05:20:35 --> Cart Class Initialized
INFO - 2023-07-24 05:20:44 --> Session: Class initialized using 'CodeIgniter\Session\Handlers\FileHandler' driver.
INFO - 2023-07-24 05:20:54 --> Session: Class initialized using 'CodeIgniter\Session\Handlers\FileHandler' driver.
INFO - 2023-07-24 05:20:54 --> Session: Class initialized using 'CodeIgniter\Session\Handlers\FileHandler' driver.
INFO - 2023-07-24 05:20:54 --> Cart Class Initialized
INFO - 2023-07-24 05:21:05 --> Session: Class initialized using 'CodeIgniter\Session\Handlers\FileHandler' driver.
INFO - 2023-07-24 05:21:05 --> Cart Class Initialized
INFO - 2023-07-24 05:23:21 --> Session: Class initialized using 'CodeIgniter\Session\Handlers\FileHandler' driver.
INFO - 2023-07-24 05:23:21 --> Cart Class Initialized
INFO - 2023-07-24 05:26:57 --> Session: Class initialized using 'CodeIgniter\Session\Handlers\FileHandler' driver.
INFO - 2023-07-24 05:26:57 --> Cart Class Initialized
INFO - 2023-07-24 05:30:30 --> Session: Class initialized using 'CodeIgniter\Session\Handlers\FileHandler' driver.
INFO - 2023-07-24 05:30:30 --> Cart Class Initialized
INFO - 2023-07-24 05:30:46 --> Session: Class initialized using 'CodeIgniter\Session\Handlers\FileHandler' driver.
INFO - 2023-07-24 05:30:46 --> Cart Class Initialized
INFO - 2023-07-24 05:30:47 --> Session: Class initialized using 'CodeIgniter\Session\Handlers\FileHandler' driver.
INFO - 2023-07-24 05:30:47 --> Cart Class Initialized
INFO - 2023-07-24 05:31:23 --> Session: Class initialized using 'CodeIgniter\Session\Handlers\FileHandler' driver.
INFO - 2023-07-24 05:31:23 --> Cart Class Initialized
INFO - 2023-07-24 05:31:41 --> Session: Class initialized using 'CodeIgniter\Session\Handlers\FileHandler' driver.
INFO - 2023-07-24 05:31:41 --> Cart Class Initialized
INFO - 2023-07-24 05:31:41 --> Session: Class initialized using 'CodeIgniter\Session\Handlers\FileHandler' driver.
INFO - 2023-07-24 05:31:41 --> Cart Class Initialized
INFO - 2023-07-24 05:44:59 --> Session: Class initialized using 'CodeIgniter\Session\Handlers\FileHandler' driver.
INFO - 2023-07-24 05:44:59 --> Cart Class Initialized
INFO - 2023-07-24 05:47:44 --> Session: Class initialized using 'CodeIgniter\Session\Handlers\FileHandler' driver.
INFO - 2023-07-24 05:47:44 --> Cart Class Initialized
INFO - 2023-07-24 05:52:09 --> Session: Class initialized using 'CodeIgniter\Session\Handlers\FileHandler' driver.
INFO - 2023-07-24 05:52:10 --> Cart Class Initialized
INFO - 2023-07-24 05:52:16 --> Session: Class initialized using 'CodeIgniter\Session\Handlers\FileHandler' driver.
INFO - 2023-07-24 05:52:16 --> Cart Class Initialized
INFO - 2023-07-24 05:57:46 --> Session: Class initialized using 'CodeIgniter\Session\Handlers\FileHandler' driver.
INFO - 2023-07-24 05:57:46 --> Cart Class Initialized
INFO - 2023-07-24 05:57:54 --> Session: Class initialized using 'CodeIgniter\Session\Handlers\FileHandler' driver.
INFO - 2023-07-24 05:57:54 --> Cart Class Initialized
INFO - 2023-07-24 05:58:03 --> Session: Class initialized using 'CodeIgniter\Session\Handlers\FileHandler' driver.
INFO - 2023-07-24 05:58:03 --> Cart Class Initialized
INFO - 2023-07-24 05:58:04 --> Session: Class initialized using 'CodeIgniter\Session\Handlers\FileHandler' driver.
INFO - 2023-07-24 05:58:04 --> Cart Class Initialized
INFO - 2023-07-24 05:58:11 --> Session: Class initialized using 'CodeIgniter\Session\Handlers\FileHandler' driver.
INFO - 2023-07-24 05:58:11 --> Cart Class Initialized
INFO - 2023-07-24 05:58:12 --> Session: Class initialized using 'CodeIgniter\Session\Handlers\FileHandler' driver.
INFO - 2023-07-24 05:58:12 --> Cart Class Initialized
INFO - 2023-07-24 05:58:24 --> Session: Class initialized using 'CodeIgniter\Session\Handlers\FileHandler' driver.
INFO - 2023-07-24 05:58:24 --> Cart Class Initialized
