INFO - 2023-05-23 03:38:02 --> Session: Class initialized using 'CodeIgniter\Session\Handlers\FileHandler' driver.
INFO - 2023-05-23 03:38:14 --> Session: Class initialized using 'CodeIgniter\Session\Handlers\FileHandler' driver.
ERROR - 2023-05-23 03:38:14 --> Error connecting to the database: mysqli_sql_exception: Unknown database 'e-arsip' in C:\Users\isaka\OneDrive\Dokumen\application\ci4\e-arsip\e-arsip\vendor\codeigniter4\framework\system\Database\MySQLi\Connection.php:174
Stack trace:
#0 C:\Users\isaka\OneDrive\Dokumen\application\ci4\e-arsip\e-arsip\vendor\codeigniter4\framework\system\Database\MySQLi\Connection.php(174): mysqli->real_connect('localhost', 'root', '', 'e-arsip', 3306, '', 0)
#1 C:\Users\isaka\OneDrive\Dokumen\application\ci4\e-arsip\e-arsip\vendor\codeigniter4\framework\system\Database\BaseConnection.php(391): CodeIgniter\Database\MySQLi\Connection->connect(false)
#2 C:\Users\isaka\OneDrive\Dokumen\application\ci4\e-arsip\e-arsip\vendor\codeigniter4\framework\system\Database\BaseConnection.php(573): CodeIgniter\Database\BaseConnection->initialize()
#3 C:\Users\isaka\OneDrive\Dokumen\application\ci4\e-arsip\e-arsip\vendor\codeigniter4\framework\system\Database\BaseBuilder.php(1602): CodeIgniter\Database\BaseConnection->query('SELECT *\nFROM `...', Array, false)
#4 C:\Users\isaka\OneDrive\Dokumen\application\ci4\e-arsip\e-arsip\vendor\codeigniter4\framework\system\Model.php(267): CodeIgniter\Database\BaseBuilder->get()
#5 C:\Users\isaka\OneDrive\Dokumen\application\ci4\e-arsip\e-arsip\vendor\codeigniter4\framework\system\BaseModel.php(656): CodeIgniter\Model->doFirst()
#6 C:\Users\isaka\OneDrive\Dokumen\application\ci4\e-arsip\e-arsip\app\Controllers\Login.php(22): CodeIgniter\BaseModel->first()
#7 C:\Users\isaka\OneDrive\Dokumen\application\ci4\e-arsip\e-arsip\vendor\codeigniter4\framework\system\CodeIgniter.php(934): App\Controllers\Login->auth()
#8 C:\Users\isaka\OneDrive\Dokumen\application\ci4\e-arsip\e-arsip\vendor\codeigniter4\framework\system\CodeIgniter.php(499): CodeIgniter\CodeIgniter->runController(Object(App\Controllers\Login))
#9 C:\Users\isaka\OneDrive\Dokumen\application\ci4\e-arsip\e-arsip\vendor\codeigniter4\framework\system\CodeIgniter.php(368): CodeIgniter\CodeIgniter->handleRequest(NULL, Object(Config\Cache), false)
#10 C:\Users\isaka\OneDrive\Dokumen\application\ci4\e-arsip\e-arsip\public\index.php(67): CodeIgniter\CodeIgniter->run()
#11 C:\Users\isaka\OneDrive\Dokumen\application\ci4\e-arsip\e-arsip\vendor\codeigniter4\framework\system\Commands\Server\rewrite.php(47): require_once('C:\\Users\\isaka\\...')
#12 {main}

Next CodeIgniter\Database\Exceptions\DatabaseException: Unknown database 'e-arsip' in C:\Users\isaka\OneDrive\Dokumen\application\ci4\e-arsip\e-arsip\vendor\codeigniter4\framework\system\Database\MySQLi\Connection.php:218
Stack trace:
#0 C:\Users\isaka\OneDrive\Dokumen\application\ci4\e-arsip\e-arsip\vendor\codeigniter4\framework\system\Database\BaseConnection.php(391): CodeIgniter\Database\MySQLi\Connection->connect(false)
#1 C:\Users\isaka\OneDrive\Dokumen\application\ci4\e-arsip\e-arsip\vendor\codeigniter4\framework\system\Database\BaseConnection.php(573): CodeIgniter\Database\BaseConnection->initialize()
#2 C:\Users\isaka\OneDrive\Dokumen\application\ci4\e-arsip\e-arsip\vendor\codeigniter4\framework\system\Database\BaseBuilder.php(1602): CodeIgniter\Database\BaseConnection->query('SELECT *\nFROM `...', Array, false)
#3 C:\Users\isaka\OneDrive\Dokumen\application\ci4\e-arsip\e-arsip\vendor\codeigniter4\framework\system\Model.php(267): CodeIgniter\Database\BaseBuilder->get()
#4 C:\Users\isaka\OneDrive\Dokumen\application\ci4\e-arsip\e-arsip\vendor\codeigniter4\framework\system\BaseModel.php(656): CodeIgniter\Model->doFirst()
#5 C:\Users\isaka\OneDrive\Dokumen\application\ci4\e-arsip\e-arsip\app\Controllers\Login.php(22): CodeIgniter\BaseModel->first()
#6 C:\Users\isaka\OneDrive\Dokumen\application\ci4\e-arsip\e-arsip\vendor\codeigniter4\framework\system\CodeIgniter.php(934): App\Controllers\Login->auth()
#7 C:\Users\isaka\OneDrive\Dokumen\application\ci4\e-arsip\e-arsip\vendor\codeigniter4\framework\system\CodeIgniter.php(499): CodeIgniter\CodeIgniter->runController(Object(App\Controllers\Login))
#8 C:\Users\isaka\OneDrive\Dokumen\application\ci4\e-arsip\e-arsip\vendor\codeigniter4\framework\system\CodeIgniter.php(368): CodeIgniter\CodeIgniter->handleRequest(NULL, Object(Config\Cache), false)
#9 C:\Users\isaka\OneDrive\Dokumen\application\ci4\e-arsip\e-arsip\public\index.php(67): CodeIgniter\CodeIgniter->run()
#10 C:\Users\isaka\OneDrive\Dokumen\application\ci4\e-arsip\e-arsip\vendor\codeigniter4\framework\system\Commands\Server\rewrite.php(47): require_once('C:\\Users\\isaka\\...')
#11 {main}
CRITICAL - 2023-05-23 03:38:14 --> Unable to connect to the database.
Main connection [MySQLi]: Unknown database 'e-arsip'
in SYSTEMPATH\Database\BaseConnection.php on line 427.
 1 SYSTEMPATH\Database\BaseConnection.php(573): CodeIgniter\Database\BaseConnection->initialize()
 2 SYSTEMPATH\Database\BaseBuilder.php(1602): CodeIgniter\Database\BaseConnection->query('SELECT *
FROM `tb_users`
WHERE `username` = :username:
 LIMIT 1', [...], false)
 3 SYSTEMPATH\Model.php(267): CodeIgniter\Database\BaseBuilder->get()
 4 SYSTEMPATH\BaseModel.php(656): CodeIgniter\Model->doFirst()
 5 APPPATH\Controllers\Login.php(22): CodeIgniter\BaseModel->first()
 6 SYSTEMPATH\CodeIgniter.php(934): App\Controllers\Login->auth()
 7 SYSTEMPATH\CodeIgniter.php(499): CodeIgniter\CodeIgniter->runController(Object(App\Controllers\Login))
 8 SYSTEMPATH\CodeIgniter.php(368): CodeIgniter\CodeIgniter->handleRequest(null, Object(Config\Cache), false)
 9 FCPATH\index.php(67): CodeIgniter\CodeIgniter->run()
10 SYSTEMPATH\Commands\Server\rewrite.php(47): require_once('FCPATH\\index.php')
INFO - 2023-05-23 03:39:25 --> Session: Class initialized using 'CodeIgniter\Session\Handlers\FileHandler' driver.
INFO - 2023-05-23 03:39:25 --> Session: Class initialized using 'CodeIgniter\Session\Handlers\FileHandler' driver.
INFO - 2023-05-23 03:44:58 --> Session: Class initialized using 'CodeIgniter\Session\Handlers\FileHandler' driver.
INFO - 2023-05-23 03:44:59 --> Session: Class initialized using 'CodeIgniter\Session\Handlers\FileHandler' driver.
INFO - 2023-05-23 03:45:55 --> Session: Class initialized using 'CodeIgniter\Session\Handlers\FileHandler' driver.
INFO - 2023-05-23 03:45:55 --> Session: Class initialized using 'CodeIgniter\Session\Handlers\FileHandler' driver.
INFO - 2023-05-23 03:46:03 --> Session: Class initialized using 'CodeIgniter\Session\Handlers\FileHandler' driver.
INFO - 2023-05-23 03:46:04 --> Session: Class initialized using 'CodeIgniter\Session\Handlers\FileHandler' driver.
INFO - 2023-05-23 04:26:49 --> Session: Class initialized using 'CodeIgniter\Session\Handlers\FileHandler' driver.
INFO - 2023-05-23 04:26:49 --> Session: Class initialized using 'CodeIgniter\Session\Handlers\FileHandler' driver.
INFO - 2023-05-23 04:28:12 --> Session: Class initialized using 'CodeIgniter\Session\Handlers\FileHandler' driver.
INFO - 2023-05-23 04:30:36 --> Session: Class initialized using 'CodeIgniter\Session\Handlers\FileHandler' driver.
INFO - 2023-05-23 04:30:44 --> Session: Class initialized using 'CodeIgniter\Session\Handlers\FileHandler' driver.
INFO - 2023-05-23 04:30:47 --> Session: Class initialized using 'CodeIgniter\Session\Handlers\FileHandler' driver.
INFO - 2023-05-23 04:30:51 --> Session: Class initialized using 'CodeIgniter\Session\Handlers\FileHandler' driver.
INFO - 2023-05-23 04:30:54 --> Session: Class initialized using 'CodeIgniter\Session\Handlers\FileHandler' driver.
INFO - 2023-05-23 04:31:36 --> Session: Class initialized using 'CodeIgniter\Session\Handlers\FileHandler' driver.
INFO - 2023-05-23 04:31:37 --> Session: Class initialized using 'CodeIgniter\Session\Handlers\FileHandler' driver.
INFO - 2023-05-23 04:31:46 --> Session: Class initialized using 'CodeIgniter\Session\Handlers\FileHandler' driver.
INFO - 2023-05-23 04:31:47 --> Session: Class initialized using 'CodeIgniter\Session\Handlers\FileHandler' driver.
INFO - 2023-05-23 04:32:32 --> Session: Class initialized using 'CodeIgniter\Session\Handlers\FileHandler' driver.
INFO - 2023-05-23 04:32:33 --> Session: Class initialized using 'CodeIgniter\Session\Handlers\FileHandler' driver.
INFO - 2023-05-23 04:32:46 --> Session: Class initialized using 'CodeIgniter\Session\Handlers\FileHandler' driver.
INFO - 2023-05-23 04:33:00 --> Session: Class initialized using 'CodeIgniter\Session\Handlers\FileHandler' driver.
INFO - 2023-05-23 04:33:01 --> Session: Class initialized using 'CodeIgniter\Session\Handlers\FileHandler' driver.
INFO - 2023-05-23 04:33:04 --> Session: Class initialized using 'CodeIgniter\Session\Handlers\FileHandler' driver.
INFO - 2023-05-23 04:33:54 --> Session: Class initialized using 'CodeIgniter\Session\Handlers\FileHandler' driver.
INFO - 2023-05-23 04:36:22 --> Session: Class initialized using 'CodeIgniter\Session\Handlers\FileHandler' driver.
INFO - 2023-05-23 04:36:32 --> Session: Class initialized using 'CodeIgniter\Session\Handlers\FileHandler' driver.
INFO - 2023-05-23 04:36:34 --> Session: Class initialized using 'CodeIgniter\Session\Handlers\FileHandler' driver.
INFO - 2023-05-23 04:36:36 --> Session: Class initialized using 'CodeIgniter\Session\Handlers\FileHandler' driver.
INFO - 2023-05-23 04:36:41 --> Session: Class initialized using 'CodeIgniter\Session\Handlers\FileHandler' driver.
INFO - 2023-05-23 04:36:45 --> Session: Class initialized using 'CodeIgniter\Session\Handlers\FileHandler' driver.
INFO - 2023-05-23 04:36:48 --> Session: Class initialized using 'CodeIgniter\Session\Handlers\FileHandler' driver.
INFO - 2023-05-23 04:36:50 --> Session: Class initialized using 'CodeIgniter\Session\Handlers\FileHandler' driver.
INFO - 2023-05-23 04:43:29 --> Session: Class initialized using 'CodeIgniter\Session\Handlers\FileHandler' driver.
INFO - 2023-05-23 04:43:30 --> Session: Class initialized using 'CodeIgniter\Session\Handlers\FileHandler' driver.
INFO - 2023-05-23 04:43:35 --> Session: Class initialized using 'CodeIgniter\Session\Handlers\FileHandler' driver.
INFO - 2023-05-23 04:45:22 --> Session: Class initialized using 'CodeIgniter\Session\Handlers\FileHandler' driver.
INFO - 2023-05-23 04:46:58 --> Session: Class initialized using 'CodeIgniter\Session\Handlers\FileHandler' driver.
INFO - 2023-05-23 04:49:28 --> Session: Class initialized using 'CodeIgniter\Session\Handlers\FileHandler' driver.
INFO - 2023-05-23 04:49:39 --> Session: Class initialized using 'CodeIgniter\Session\Handlers\FileHandler' driver.
INFO - 2023-05-23 04:49:42 --> Session: Class initialized using 'CodeIgniter\Session\Handlers\FileHandler' driver.
INFO - 2023-05-23 04:51:11 --> Session: Class initialized using 'CodeIgniter\Session\Handlers\FileHandler' driver.
INFO - 2023-05-23 04:51:13 --> Session: Class initialized using 'CodeIgniter\Session\Handlers\FileHandler' driver.
CRITICAL - 2023-05-23 04:51:13 --> Invalid file: "surat_masuk/index.php"
in SYSTEMPATH\Exceptions\FrameworkException.php on line 33.
 1 SYSTEMPATH\View\View.php(201): CodeIgniter\Exceptions\FrameworkException::forInvalidFile('surat_masuk/index.php')
 2 SYSTEMPATH\Common.php(1177): CodeIgniter\View\View->render('surat_masuk/index', [], true)
 3 APPPATH\Controllers\SuratMasuk.php(18): view('surat_masuk/index', [...])
 4 SYSTEMPATH\CodeIgniter.php(934): App\Controllers\SuratMasuk->index()
 5 SYSTEMPATH\CodeIgniter.php(499): CodeIgniter\CodeIgniter->runController(Object(App\Controllers\SuratMasuk))
 6 SYSTEMPATH\CodeIgniter.php(368): CodeIgniter\CodeIgniter->handleRequest(null, Object(Config\Cache), false)
 7 FCPATH\index.php(67): CodeIgniter\CodeIgniter->run()
 8 SYSTEMPATH\Commands\Server\rewrite.php(47): require_once('FCPATH\\index.php')
INFO - 2023-05-23 04:51:54 --> Session: Class initialized using 'CodeIgniter\Session\Handlers\FileHandler' driver.
INFO - 2023-05-23 04:52:25 --> Session: Class initialized using 'CodeIgniter\Session\Handlers\FileHandler' driver.
INFO - 2023-05-23 04:55:11 --> Session: Class initialized using 'CodeIgniter\Session\Handlers\FileHandler' driver.
CRITICAL - 2023-05-23 04:55:11 --> date(): Argument #2 ($timestamp) must be of type ?int, string given
in APPPATH\Views\surat_masuk\index.php on line 31.
 1 APPPATH\Views\surat_masuk\index.php(31): date('month', '2023-05-23 11:42:16')
 2 SYSTEMPATH\View\View.php(213): include('APPPATH\\Views\\surat_masuk\\index.php')
 3 SYSTEMPATH\View\View.php(216): CodeIgniter\View\View->CodeIgniter\View\{closure}()
 4 SYSTEMPATH\Common.php(1177): CodeIgniter\View\View->render('surat_masuk/index', [], true)
 5 APPPATH\Controllers\SuratMasuk.php(18): view('surat_masuk/index', [...])
 6 SYSTEMPATH\CodeIgniter.php(934): App\Controllers\SuratMasuk->index()
 7 SYSTEMPATH\CodeIgniter.php(499): CodeIgniter\CodeIgniter->runController(Object(App\Controllers\SuratMasuk))
 8 SYSTEMPATH\CodeIgniter.php(368): CodeIgniter\CodeIgniter->handleRequest(null, Object(Config\Cache), false)
 9 FCPATH\index.php(67): CodeIgniter\CodeIgniter->run()
10 SYSTEMPATH\Commands\Server\rewrite.php(47): require_once('FCPATH\\index.php')
INFO - 2023-05-23 04:56:55 --> Session: Class initialized using 'CodeIgniter\Session\Handlers\FileHandler' driver.
CRITICAL - 2023-05-23 04:56:55 --> date(): Argument #2 ($timestamp) must be of type ?int, string given
in APPPATH\Views\surat_masuk\index.php on line 31.
 1 APPPATH\Views\surat_masuk\index.php(31): date('d-m-Y', '2023-05-23 11:42:16')
 2 SYSTEMPATH\View\View.php(213): include('APPPATH\\Views\\surat_masuk\\index.php')
 3 SYSTEMPATH\View\View.php(216): CodeIgniter\View\View->CodeIgniter\View\{closure}()
 4 SYSTEMPATH\Common.php(1177): CodeIgniter\View\View->render('surat_masuk/index', [], true)
 5 APPPATH\Controllers\SuratMasuk.php(18): view('surat_masuk/index', [...])
 6 SYSTEMPATH\CodeIgniter.php(934): App\Controllers\SuratMasuk->index()
 7 SYSTEMPATH\CodeIgniter.php(499): CodeIgniter\CodeIgniter->runController(Object(App\Controllers\SuratMasuk))
 8 SYSTEMPATH\CodeIgniter.php(368): CodeIgniter\CodeIgniter->handleRequest(null, Object(Config\Cache), false)
 9 FCPATH\index.php(67): CodeIgniter\CodeIgniter->run()
10 SYSTEMPATH\Commands\Server\rewrite.php(47): require_once('FCPATH\\index.php')
INFO - 2023-05-23 04:58:19 --> Session: Class initialized using 'CodeIgniter\Session\Handlers\FileHandler' driver.
CRITICAL - 2023-05-23 04:58:19 --> date(): Argument #2 ($timestamp) must be of type ?int, string given
in APPPATH\Views\surat_masuk\index.php on line 31.
 1 APPPATH\Views\surat_masuk\index.php(31): date('Y-m-d h:i:sa', '2023-05-23 11:42:16')
 2 SYSTEMPATH\View\View.php(213): include('APPPATH\\Views\\surat_masuk\\index.php')
 3 SYSTEMPATH\View\View.php(216): CodeIgniter\View\View->CodeIgniter\View\{closure}()
 4 SYSTEMPATH\Common.php(1177): CodeIgniter\View\View->render('surat_masuk/index', [], true)
 5 APPPATH\Controllers\SuratMasuk.php(18): view('surat_masuk/index', [...])
 6 SYSTEMPATH\CodeIgniter.php(934): App\Controllers\SuratMasuk->index()
 7 SYSTEMPATH\CodeIgniter.php(499): CodeIgniter\CodeIgniter->runController(Object(App\Controllers\SuratMasuk))
 8 SYSTEMPATH\CodeIgniter.php(368): CodeIgniter\CodeIgniter->handleRequest(null, Object(Config\Cache), false)
 9 FCPATH\index.php(67): CodeIgniter\CodeIgniter->run()
10 SYSTEMPATH\Commands\Server\rewrite.php(47): require_once('FCPATH\\index.php')
INFO - 2023-05-23 04:59:24 --> Session: Class initialized using 'CodeIgniter\Session\Handlers\FileHandler' driver.
INFO - 2023-05-23 04:59:34 --> Session: Class initialized using 'CodeIgniter\Session\Handlers\FileHandler' driver.
INFO - 2023-05-23 04:59:50 --> Session: Class initialized using 'CodeIgniter\Session\Handlers\FileHandler' driver.
INFO - 2023-05-23 05:05:11 --> Session: Class initialized using 'CodeIgniter\Session\Handlers\FileHandler' driver.
CRITICAL - 2023-05-23 05:05:11 --> Undefined array key "jenis_surat"
in APPPATH\Views\surat_masuk\index.php on line 30.
 1 APPPATH\Views\surat_masuk\index.php(30): CodeIgniter\Debug\Exceptions->errorHandler(2, 'Undefined array key "jenis_surat"', 'APPPATH\\Views\\surat_masuk\\index.php', 30)
 2 SYSTEMPATH\View\View.php(213): include('APPPATH\\Views\\surat_masuk\\index.php')
 3 SYSTEMPATH\View\View.php(216): CodeIgniter\View\View->CodeIgniter\View\{closure}()
 4 SYSTEMPATH\Common.php(1177): CodeIgniter\View\View->render('surat_masuk/index', [], true)
 5 APPPATH\Controllers\SuratMasuk.php(18): view('surat_masuk/index', [...])
 6 SYSTEMPATH\CodeIgniter.php(934): App\Controllers\SuratMasuk->index()
 7 SYSTEMPATH\CodeIgniter.php(499): CodeIgniter\CodeIgniter->runController(Object(App\Controllers\SuratMasuk))
 8 SYSTEMPATH\CodeIgniter.php(368): CodeIgniter\CodeIgniter->handleRequest(null, Object(Config\Cache), false)
 9 FCPATH\index.php(67): CodeIgniter\CodeIgniter->run()
10 SYSTEMPATH\Commands\Server\rewrite.php(47): require_once('FCPATH\\index.php')
INFO - 2023-05-23 05:23:12 --> Session: Class initialized using 'CodeIgniter\Session\Handlers\FileHandler' driver.
CRITICAL - 2023-05-23 05:23:12 --> Cannot use object of type mysqli as array
in APPPATH\Views\surat_masuk\index.php on line 28.
 1 SYSTEMPATH\View\View.php(213): include()
 2 SYSTEMPATH\View\View.php(216): CodeIgniter\View\View->CodeIgniter\View\{closure}()
 3 SYSTEMPATH\Common.php(1177): CodeIgniter\View\View->render('surat_masuk/index', [], true)
 4 APPPATH\Controllers\SuratMasuk.php(18): view('surat_masuk/index', [...])
 5 SYSTEMPATH\CodeIgniter.php(934): App\Controllers\SuratMasuk->index()
 6 SYSTEMPATH\CodeIgniter.php(499): CodeIgniter\CodeIgniter->runController(Object(App\Controllers\SuratMasuk))
 7 SYSTEMPATH\CodeIgniter.php(368): CodeIgniter\CodeIgniter->handleRequest(null, Object(Config\Cache), false)
 8 FCPATH\index.php(67): CodeIgniter\CodeIgniter->run()
 9 SYSTEMPATH\Commands\Server\rewrite.php(47): require_once('FCPATH\\index.php')
INFO - 2023-05-23 05:24:39 --> Session: Class initialized using 'CodeIgniter\Session\Handlers\FileHandler' driver.
CRITICAL - 2023-05-23 05:24:39 --> Call to undefined method CodeIgniter\Database\MySQLi\Result::getResults()
in APPPATH\Views\surat_masuk\index.php on line 25.
 1 SYSTEMPATH\View\View.php(213): include()
 2 SYSTEMPATH\View\View.php(216): CodeIgniter\View\View->CodeIgniter\View\{closure}()
 3 SYSTEMPATH\Common.php(1177): CodeIgniter\View\View->render('surat_masuk/index', [], true)
 4 APPPATH\Controllers\SuratMasuk.php(18): view('surat_masuk/index', [...])
 5 SYSTEMPATH\CodeIgniter.php(934): App\Controllers\SuratMasuk->index()
 6 SYSTEMPATH\CodeIgniter.php(499): CodeIgniter\CodeIgniter->runController(Object(App\Controllers\SuratMasuk))
 7 SYSTEMPATH\CodeIgniter.php(368): CodeIgniter\CodeIgniter->handleRequest(null, Object(Config\Cache), false)
 8 FCPATH\index.php(67): CodeIgniter\CodeIgniter->run()
 9 SYSTEMPATH\Commands\Server\rewrite.php(47): require_once('FCPATH\\index.php')
INFO - 2023-05-23 05:24:50 --> Session: Class initialized using 'CodeIgniter\Session\Handlers\FileHandler' driver.
CRITICAL - 2023-05-23 05:24:50 --> Undefined property: stdClass::$jenis_surat
in APPPATH\Views\surat_masuk\index.php on line 30.
 1 APPPATH\Views\surat_masuk\index.php(30): CodeIgniter\Debug\Exceptions->errorHandler(2, 'Undefined property: stdClass::$jenis_surat', 'APPPATH\\Views\\surat_masuk\\index.php', 30)
 2 SYSTEMPATH\View\View.php(213): include('APPPATH\\Views\\surat_masuk\\index.php')
 3 SYSTEMPATH\View\View.php(216): CodeIgniter\View\View->CodeIgniter\View\{closure}()
 4 SYSTEMPATH\Common.php(1177): CodeIgniter\View\View->render('surat_masuk/index', [], true)
 5 APPPATH\Controllers\SuratMasuk.php(18): view('surat_masuk/index', [...])
 6 SYSTEMPATH\CodeIgniter.php(934): App\Controllers\SuratMasuk->index()
 7 SYSTEMPATH\CodeIgniter.php(499): CodeIgniter\CodeIgniter->runController(Object(App\Controllers\SuratMasuk))
 8 SYSTEMPATH\CodeIgniter.php(368): CodeIgniter\CodeIgniter->handleRequest(null, Object(Config\Cache), false)
 9 FCPATH\index.php(67): CodeIgniter\CodeIgniter->run()
10 SYSTEMPATH\Commands\Server\rewrite.php(47): require_once('FCPATH\\index.php')
INFO - 2023-05-23 05:25:28 --> Session: Class initialized using 'CodeIgniter\Session\Handlers\FileHandler' driver.
INFO - 2023-05-23 05:26:54 --> Session: Class initialized using 'CodeIgniter\Session\Handlers\FileHandler' driver.
INFO - 2023-05-23 05:29:06 --> Session: Class initialized using 'CodeIgniter\Session\Handlers\FileHandler' driver.
INFO - 2023-05-23 05:31:37 --> Session: Class initialized using 'CodeIgniter\Session\Handlers\FileHandler' driver.
INFO - 2023-05-23 05:32:57 --> Session: Class initialized using 'CodeIgniter\Session\Handlers\FileHandler' driver.
CRITICAL - 2023-05-23 05:32:58 --> Undefined property: stdClass::$nama_jeni
in APPPATH\Views\surat_masuk\index.php on line 31.
 1 APPPATH\Views\surat_masuk\index.php(31): CodeIgniter\Debug\Exceptions->errorHandler(2, 'Undefined property: stdClass::$nama_jeni', 'APPPATH\\Views\\surat_masuk\\index.php', 31)
 2 SYSTEMPATH\View\View.php(213): include('APPPATH\\Views\\surat_masuk\\index.php')
 3 SYSTEMPATH\View\View.php(216): CodeIgniter\View\View->CodeIgniter\View\{closure}()
 4 SYSTEMPATH\Common.php(1177): CodeIgniter\View\View->render('surat_masuk/index', [], true)
 5 APPPATH\Controllers\SuratMasuk.php(18): view('surat_masuk/index', [...])
 6 SYSTEMPATH\CodeIgniter.php(934): App\Controllers\SuratMasuk->index()
 7 SYSTEMPATH\CodeIgniter.php(499): CodeIgniter\CodeIgniter->runController(Object(App\Controllers\SuratMasuk))
 8 SYSTEMPATH\CodeIgniter.php(368): CodeIgniter\CodeIgniter->handleRequest(null, Object(Config\Cache), false)
 9 FCPATH\index.php(67): CodeIgniter\CodeIgniter->run()
10 SYSTEMPATH\Commands\Server\rewrite.php(47): require_once('FCPATH\\index.php')
INFO - 2023-05-23 05:33:11 --> Session: Class initialized using 'CodeIgniter\Session\Handlers\FileHandler' driver.
INFO - 2023-05-23 05:33:22 --> Session: Class initialized using 'CodeIgniter\Session\Handlers\FileHandler' driver.
INFO - 2023-05-23 05:33:58 --> Session: Class initialized using 'CodeIgniter\Session\Handlers\FileHandler' driver.
INFO - 2023-05-23 05:34:02 --> Session: Class initialized using 'CodeIgniter\Session\Handlers\FileHandler' driver.
INFO - 2023-05-23 05:34:49 --> Session: Class initialized using 'CodeIgniter\Session\Handlers\FileHandler' driver.
INFO - 2023-05-23 05:34:52 --> Session: Class initialized using 'CodeIgniter\Session\Handlers\FileHandler' driver.
INFO - 2023-05-23 05:34:54 --> Session: Class initialized using 'CodeIgniter\Session\Handlers\FileHandler' driver.
INFO - 2023-05-23 05:34:56 --> Session: Class initialized using 'CodeIgniter\Session\Handlers\FileHandler' driver.
INFO - 2023-05-23 05:35:00 --> Session: Class initialized using 'CodeIgniter\Session\Handlers\FileHandler' driver.
INFO - 2023-05-23 05:35:02 --> Session: Class initialized using 'CodeIgniter\Session\Handlers\FileHandler' driver.
INFO - 2023-05-23 05:35:07 --> Session: Class initialized using 'CodeIgniter\Session\Handlers\FileHandler' driver.
INFO - 2023-05-23 05:36:01 --> Session: Class initialized using 'CodeIgniter\Session\Handlers\FileHandler' driver.
INFO - 2023-05-23 05:36:47 --> Session: Class initialized using 'CodeIgniter\Session\Handlers\FileHandler' driver.
INFO - 2023-05-23 05:36:50 --> Session: Class initialized using 'CodeIgniter\Session\Handlers\FileHandler' driver.
INFO - 2023-05-23 05:36:51 --> Session: Class initialized using 'CodeIgniter\Session\Handlers\FileHandler' driver.
INFO - 2023-05-23 05:37:29 --> Session: Class initialized using 'CodeIgniter\Session\Handlers\FileHandler' driver.
INFO - 2023-05-23 05:40:42 --> Session: Class initialized using 'CodeIgniter\Session\Handlers\FileHandler' driver.
INFO - 2023-05-23 05:41:13 --> Session: Class initialized using 'CodeIgniter\Session\Handlers\FileHandler' driver.
INFO - 2023-05-23 05:41:27 --> Session: Class initialized using 'CodeIgniter\Session\Handlers\FileHandler' driver.
INFO - 2023-05-23 05:42:11 --> Session: Class initialized using 'CodeIgniter\Session\Handlers\FileHandler' driver.
INFO - 2023-05-23 05:42:31 --> Session: Class initialized using 'CodeIgniter\Session\Handlers\FileHandler' driver.
INFO - 2023-05-23 05:43:11 --> Session: Class initialized using 'CodeIgniter\Session\Handlers\FileHandler' driver.
INFO - 2023-05-23 05:43:50 --> Session: Class initialized using 'CodeIgniter\Session\Handlers\FileHandler' driver.
INFO - 2023-05-23 05:47:34 --> Session: Class initialized using 'CodeIgniter\Session\Handlers\FileHandler' driver.
CRITICAL - 2023-05-23 05:47:34 --> Undefined variable $jenis
in APPPATH\Views\surat_masuk\create.php on line 31.
 1 APPPATH\Views\surat_masuk\create.php(31): CodeIgniter\Debug\Exceptions->errorHandler(2, 'Undefined variable $jenis', 'APPPATH\\Views\\surat_masuk\\create.php', 31)
 2 SYSTEMPATH\View\View.php(213): include('APPPATH\\Views\\surat_masuk\\create.php')
 3 SYSTEMPATH\View\View.php(216): CodeIgniter\View\View->CodeIgniter\View\{closure}()
 4 SYSTEMPATH\Common.php(1177): CodeIgniter\View\View->render('surat_masuk/create', [], true)
 5 APPPATH\Controllers\SuratMasuk.php(29): view('surat_masuk/create', [...])
 6 SYSTEMPATH\CodeIgniter.php(934): App\Controllers\SuratMasuk->create()
 7 SYSTEMPATH\CodeIgniter.php(499): CodeIgniter\CodeIgniter->runController(Object(App\Controllers\SuratMasuk))
 8 SYSTEMPATH\CodeIgniter.php(368): CodeIgniter\CodeIgniter->handleRequest(null, Object(Config\Cache), false)
 9 FCPATH\index.php(67): CodeIgniter\CodeIgniter->run()
10 SYSTEMPATH\Commands\Server\rewrite.php(47): require_once('FCPATH\\index.php')
INFO - 2023-05-23 05:48:00 --> Session: Class initialized using 'CodeIgniter\Session\Handlers\FileHandler' driver.
INFO - 2023-05-23 06:03:45 --> Session: Class initialized using 'CodeIgniter\Session\Handlers\FileHandler' driver.
INFO - 2023-05-23 06:04:34 --> Session: Class initialized using 'CodeIgniter\Session\Handlers\FileHandler' driver.
INFO - 2023-05-23 06:04:34 --> Session: Class initialized using 'CodeIgniter\Session\Handlers\FileHandler' driver.
INFO - 2023-05-23 06:05:48 --> Session: Class initialized using 'CodeIgniter\Session\Handlers\FileHandler' driver.
INFO - 2023-05-23 06:05:49 --> Session: Class initialized using 'CodeIgniter\Session\Handlers\FileHandler' driver.
INFO - 2023-05-23 06:12:50 --> Session: Class initialized using 'CodeIgniter\Session\Handlers\FileHandler' driver.
INFO - 2023-05-23 06:12:51 --> Session: Class initialized using 'CodeIgniter\Session\Handlers\FileHandler' driver.
INFO - 2023-05-23 06:15:47 --> Session: Class initialized using 'CodeIgniter\Session\Handlers\FileHandler' driver.
INFO - 2023-05-23 06:15:47 --> Session: Class initialized using 'CodeIgniter\Session\Handlers\FileHandler' driver.
INFO - 2023-05-23 06:26:51 --> Session: Class initialized using 'CodeIgniter\Session\Handlers\FileHandler' driver.
INFO - 2023-05-23 06:27:36 --> Session: Class initialized using 'CodeIgniter\Session\Handlers\FileHandler' driver.
INFO - 2023-05-23 06:27:36 --> Session: Class initialized using 'CodeIgniter\Session\Handlers\FileHandler' driver.
INFO - 2023-05-23 06:27:53 --> Session: Class initialized using 'CodeIgniter\Session\Handlers\FileHandler' driver.
INFO - 2023-05-23 06:27:54 --> Session: Class initialized using 'CodeIgniter\Session\Handlers\FileHandler' driver.
INFO - 2023-05-23 06:28:00 --> Session: Class initialized using 'CodeIgniter\Session\Handlers\FileHandler' driver.
INFO - 2023-05-23 06:28:11 --> Session: Class initialized using 'CodeIgniter\Session\Handlers\FileHandler' driver.
INFO - 2023-05-23 06:28:11 --> Session: Class initialized using 'CodeIgniter\Session\Handlers\FileHandler' driver.
INFO - 2023-05-23 07:45:41 --> Session: Class initialized using 'CodeIgniter\Session\Handlers\FileHandler' driver.
INFO - 2023-05-23 07:45:53 --> Session: Class initialized using 'CodeIgniter\Session\Handlers\FileHandler' driver.
INFO - 2023-05-23 07:45:53 --> Session: Class initialized using 'CodeIgniter\Session\Handlers\FileHandler' driver.
INFO - 2023-05-23 07:47:25 --> Session: Class initialized using 'CodeIgniter\Session\Handlers\FileHandler' driver.
INFO - 2023-05-23 07:47:37 --> Session: Class initialized using 'CodeIgniter\Session\Handlers\FileHandler' driver.
INFO - 2023-05-23 07:47:37 --> Session: Class initialized using 'CodeIgniter\Session\Handlers\FileHandler' driver.
INFO - 2023-05-23 07:48:39 --> Session: Class initialized using 'CodeIgniter\Session\Handlers\FileHandler' driver.
INFO - 2023-05-23 07:48:50 --> Session: Class initialized using 'CodeIgniter\Session\Handlers\FileHandler' driver.
INFO - 2023-05-23 07:48:50 --> Session: Class initialized using 'CodeIgniter\Session\Handlers\FileHandler' driver.
INFO - 2023-05-23 07:50:15 --> Session: Class initialized using 'CodeIgniter\Session\Handlers\FileHandler' driver.
INFO - 2023-05-23 07:50:17 --> Session: Class initialized using 'CodeIgniter\Session\Handlers\FileHandler' driver.
INFO - 2023-05-23 07:50:24 --> Session: Class initialized using 'CodeIgniter\Session\Handlers\FileHandler' driver.
INFO - 2023-05-23 08:35:30 --> Session: Class initialized using 'CodeIgniter\Session\Handlers\FileHandler' driver.
INFO - 2023-05-23 08:36:36 --> Session: Class initialized using 'CodeIgniter\Session\Handlers\FileHandler' driver.
INFO - 2023-05-23 08:36:37 --> Session: Class initialized using 'CodeIgniter\Session\Handlers\FileHandler' driver.
INFO - 2023-05-23 08:36:38 --> Session: Class initialized using 'CodeIgniter\Session\Handlers\FileHandler' driver.
INFO - 2023-05-23 08:36:41 --> Session: Class initialized using 'CodeIgniter\Session\Handlers\FileHandler' driver.
INFO - 2023-05-23 08:36:44 --> Session: Class initialized using 'CodeIgniter\Session\Handlers\FileHandler' driver.
CRITICAL - 2023-05-23 08:36:44 --> Call to undefined method App\Models\SuratModel::getMobil
in SYSTEMPATH\Model.php on line 841.
 1 APPPATH\Controllers\SuratMasuk.php(87): CodeIgniter\Model->__call('getMobil', [...])
 2 SYSTEMPATH\CodeIgniter.php(934): App\Controllers\SuratMasuk->edit('1')
 3 SYSTEMPATH\CodeIgniter.php(499): CodeIgniter\CodeIgniter->runController(Object(App\Controllers\SuratMasuk))
 4 SYSTEMPATH\CodeIgniter.php(368): CodeIgniter\CodeIgniter->handleRequest(null, Object(Config\Cache), false)
 5 FCPATH\index.php(67): CodeIgniter\CodeIgniter->run()
 6 SYSTEMPATH\Commands\Server\rewrite.php(47): require_once('FCPATH\\index.php')
INFO - 2023-05-23 08:37:13 --> Session: Class initialized using 'CodeIgniter\Session\Handlers\FileHandler' driver.
INFO - 2023-05-23 08:50:04 --> Session: Class initialized using 'CodeIgniter\Session\Handlers\FileHandler' driver.
ERROR - 2023-05-23 08:50:04 --> mysqli_sql_exception: Column 'id_jenis' in where clause is ambiguous in C:\Users\isaka\OneDrive\Dokumen\application\ci4\e-arsip\e-arsip\vendor\codeigniter4\framework\system\Database\MySQLi\Connection.php:295
Stack trace:
#0 C:\Users\isaka\OneDrive\Dokumen\application\ci4\e-arsip\e-arsip\vendor\codeigniter4\framework\system\Database\MySQLi\Connection.php(295): mysqli->query('SELECT *\nFROM `...', 0)
#1 C:\Users\isaka\OneDrive\Dokumen\application\ci4\e-arsip\e-arsip\vendor\codeigniter4\framework\system\Database\BaseConnection.php(691): CodeIgniter\Database\MySQLi\Connection->execute('SELECT *\nFROM `...')
#2 C:\Users\isaka\OneDrive\Dokumen\application\ci4\e-arsip\e-arsip\vendor\codeigniter4\framework\system\Database\BaseConnection.php(605): CodeIgniter\Database\BaseConnection->simpleQuery('SELECT *\nFROM `...')
#3 C:\Users\isaka\OneDrive\Dokumen\application\ci4\e-arsip\e-arsip\vendor\codeigniter4\framework\system\Database\BaseBuilder.php(1602): CodeIgniter\Database\BaseConnection->query('SELECT *\nFROM `...', Array, false)
#4 C:\Users\isaka\OneDrive\Dokumen\application\ci4\e-arsip\e-arsip\app\Models\SuratModel.php(39): CodeIgniter\Database\BaseBuilder->get()
#5 C:\Users\isaka\OneDrive\Dokumen\application\ci4\e-arsip\e-arsip\app\Controllers\SuratMasuk.php(98): App\Models\SuratModel->joinSuratId('1')
#6 C:\Users\isaka\OneDrive\Dokumen\application\ci4\e-arsip\e-arsip\vendor\codeigniter4\framework\system\CodeIgniter.php(934): App\Controllers\SuratMasuk->edit('1')
#7 C:\Users\isaka\OneDrive\Dokumen\application\ci4\e-arsip\e-arsip\vendor\codeigniter4\framework\system\CodeIgniter.php(499): CodeIgniter\CodeIgniter->runController(Object(App\Controllers\SuratMasuk))
#8 C:\Users\isaka\OneDrive\Dokumen\application\ci4\e-arsip\e-arsip\vendor\codeigniter4\framework\system\CodeIgniter.php(368): CodeIgniter\CodeIgniter->handleRequest(NULL, Object(Config\Cache), false)
#9 C:\Users\isaka\OneDrive\Dokumen\application\ci4\e-arsip\e-arsip\public\index.php(67): CodeIgniter\CodeIgniter->run()
#10 C:\Users\isaka\OneDrive\Dokumen\application\ci4\e-arsip\e-arsip\vendor\codeigniter4\framework\system\Commands\Server\rewrite.php(47): require_once('C:\\Users\\isaka\\...')
#11 {main}
CRITICAL - 2023-05-23 08:50:04 --> Column 'id_jenis' in where clause is ambiguous
in SYSTEMPATH\Database\BaseConnection.php on line 645.
 1 SYSTEMPATH\Database\BaseBuilder.php(1602): CodeIgniter\Database\BaseConnection->query('SELECT *
FROM `tb_surat`
JOIN `tb_jenis` ON `tb_jenis`.`id_jenis` = `tb_surat`.`id_jenis`
WHERE `id_jenis` = :id_jenis:', [...], false)
 2 APPPATH\Models\SuratModel.php(39): CodeIgniter\Database\BaseBuilder->get()
 3 APPPATH\Controllers\SuratMasuk.php(98): App\Models\SuratModel->joinSuratId('1')
 4 SYSTEMPATH\CodeIgniter.php(934): App\Controllers\SuratMasuk->edit('1')
 5 SYSTEMPATH\CodeIgniter.php(499): CodeIgniter\CodeIgniter->runController(Object(App\Controllers\SuratMasuk))
 6 SYSTEMPATH\CodeIgniter.php(368): CodeIgniter\CodeIgniter->handleRequest(null, Object(Config\Cache), false)
 7 FCPATH\index.php(67): CodeIgniter\CodeIgniter->run()
 8 SYSTEMPATH\Commands\Server\rewrite.php(47): require_once('FCPATH\\index.php')
INFO - 2023-05-23 08:50:43 --> Session: Class initialized using 'CodeIgniter\Session\Handlers\FileHandler' driver.
ERROR - 2023-05-23 08:50:43 --> mysqli_sql_exception: Column 'id_jenis' in where clause is ambiguous in C:\Users\isaka\OneDrive\Dokumen\application\ci4\e-arsip\e-arsip\vendor\codeigniter4\framework\system\Database\MySQLi\Connection.php:295
Stack trace:
#0 C:\Users\isaka\OneDrive\Dokumen\application\ci4\e-arsip\e-arsip\vendor\codeigniter4\framework\system\Database\MySQLi\Connection.php(295): mysqli->query('SELECT *\nFROM `...', 0)
#1 C:\Users\isaka\OneDrive\Dokumen\application\ci4\e-arsip\e-arsip\vendor\codeigniter4\framework\system\Database\BaseConnection.php(691): CodeIgniter\Database\MySQLi\Connection->execute('SELECT *\nFROM `...')
#2 C:\Users\isaka\OneDrive\Dokumen\application\ci4\e-arsip\e-arsip\vendor\codeigniter4\framework\system\Database\BaseConnection.php(605): CodeIgniter\Database\BaseConnection->simpleQuery('SELECT *\nFROM `...')
#3 C:\Users\isaka\OneDrive\Dokumen\application\ci4\e-arsip\e-arsip\vendor\codeigniter4\framework\system\Database\BaseBuilder.php(1602): CodeIgniter\Database\BaseConnection->query('SELECT *\nFROM `...', Array, false)
#4 C:\Users\isaka\OneDrive\Dokumen\application\ci4\e-arsip\e-arsip\app\Models\SuratModel.php(39): CodeIgniter\Database\BaseBuilder->get()
#5 C:\Users\isaka\OneDrive\Dokumen\application\ci4\e-arsip\e-arsip\app\Controllers\SuratMasuk.php(98): App\Models\SuratModel->joinSuratId('1')
#6 C:\Users\isaka\OneDrive\Dokumen\application\ci4\e-arsip\e-arsip\vendor\codeigniter4\framework\system\CodeIgniter.php(934): App\Controllers\SuratMasuk->edit('1')
#7 C:\Users\isaka\OneDrive\Dokumen\application\ci4\e-arsip\e-arsip\vendor\codeigniter4\framework\system\CodeIgniter.php(499): CodeIgniter\CodeIgniter->runController(Object(App\Controllers\SuratMasuk))
#8 C:\Users\isaka\OneDrive\Dokumen\application\ci4\e-arsip\e-arsip\vendor\codeigniter4\framework\system\CodeIgniter.php(368): CodeIgniter\CodeIgniter->handleRequest(NULL, Object(Config\Cache), false)
#9 C:\Users\isaka\OneDrive\Dokumen\application\ci4\e-arsip\e-arsip\public\index.php(67): CodeIgniter\CodeIgniter->run()
#10 C:\Users\isaka\OneDrive\Dokumen\application\ci4\e-arsip\e-arsip\vendor\codeigniter4\framework\system\Commands\Server\rewrite.php(47): require_once('C:\\Users\\isaka\\...')
#11 {main}
CRITICAL - 2023-05-23 08:50:43 --> Column 'id_jenis' in where clause is ambiguous
in SYSTEMPATH\Database\BaseConnection.php on line 645.
 1 SYSTEMPATH\Database\BaseBuilder.php(1602): CodeIgniter\Database\BaseConnection->query('SELECT *
FROM `tb_surat`
JOIN `tb_jenis` ON `tb_jenis`.`id_jenis` = `tb_surat`.`id_jenis`
WHERE `id_jenis` = :id_jenis:', [...], false)
 2 APPPATH\Models\SuratModel.php(39): CodeIgniter\Database\BaseBuilder->get()
 3 APPPATH\Controllers\SuratMasuk.php(98): App\Models\SuratModel->joinSuratId('1')
 4 SYSTEMPATH\CodeIgniter.php(934): App\Controllers\SuratMasuk->edit('1')
 5 SYSTEMPATH\CodeIgniter.php(499): CodeIgniter\CodeIgniter->runController(Object(App\Controllers\SuratMasuk))
 6 SYSTEMPATH\CodeIgniter.php(368): CodeIgniter\CodeIgniter->handleRequest(null, Object(Config\Cache), false)
 7 FCPATH\index.php(67): CodeIgniter\CodeIgniter->run()
 8 SYSTEMPATH\Commands\Server\rewrite.php(47): require_once('FCPATH\\index.php')
INFO - 2023-05-23 08:52:37 --> Session: Class initialized using 'CodeIgniter\Session\Handlers\FileHandler' driver.
ERROR - 2023-05-23 08:52:37 --> mysqli_sql_exception: Column 'id_jenis' in where clause is ambiguous in C:\Users\isaka\OneDrive\Dokumen\application\ci4\e-arsip\e-arsip\vendor\codeigniter4\framework\system\Database\MySQLi\Connection.php:295
Stack trace:
#0 C:\Users\isaka\OneDrive\Dokumen\application\ci4\e-arsip\e-arsip\vendor\codeigniter4\framework\system\Database\MySQLi\Connection.php(295): mysqli->query('SELECT *\nFROM `...', 0)
#1 C:\Users\isaka\OneDrive\Dokumen\application\ci4\e-arsip\e-arsip\vendor\codeigniter4\framework\system\Database\BaseConnection.php(691): CodeIgniter\Database\MySQLi\Connection->execute('SELECT *\nFROM `...')
#2 C:\Users\isaka\OneDrive\Dokumen\application\ci4\e-arsip\e-arsip\vendor\codeigniter4\framework\system\Database\BaseConnection.php(605): CodeIgniter\Database\BaseConnection->simpleQuery('SELECT *\nFROM `...')
#3 C:\Users\isaka\OneDrive\Dokumen\application\ci4\e-arsip\e-arsip\vendor\codeigniter4\framework\system\Database\BaseBuilder.php(1602): CodeIgniter\Database\BaseConnection->query('SELECT *\nFROM `...', Array, false)
#4 C:\Users\isaka\OneDrive\Dokumen\application\ci4\e-arsip\e-arsip\app\Models\SuratModel.php(39): CodeIgniter\Database\BaseBuilder->get()
#5 C:\Users\isaka\OneDrive\Dokumen\application\ci4\e-arsip\e-arsip\app\Controllers\SuratMasuk.php(98): App\Models\SuratModel->joinSuratId('1')
#6 C:\Users\isaka\OneDrive\Dokumen\application\ci4\e-arsip\e-arsip\vendor\codeigniter4\framework\system\CodeIgniter.php(934): App\Controllers\SuratMasuk->edit('1')
#7 C:\Users\isaka\OneDrive\Dokumen\application\ci4\e-arsip\e-arsip\vendor\codeigniter4\framework\system\CodeIgniter.php(499): CodeIgniter\CodeIgniter->runController(Object(App\Controllers\SuratMasuk))
#8 C:\Users\isaka\OneDrive\Dokumen\application\ci4\e-arsip\e-arsip\vendor\codeigniter4\framework\system\CodeIgniter.php(368): CodeIgniter\CodeIgniter->handleRequest(NULL, Object(Config\Cache), false)
#9 C:\Users\isaka\OneDrive\Dokumen\application\ci4\e-arsip\e-arsip\public\index.php(67): CodeIgniter\CodeIgniter->run()
#10 C:\Users\isaka\OneDrive\Dokumen\application\ci4\e-arsip\e-arsip\vendor\codeigniter4\framework\system\Commands\Server\rewrite.php(47): require_once('C:\\Users\\isaka\\...')
#11 {main}
CRITICAL - 2023-05-23 08:52:37 --> Column 'id_jenis' in where clause is ambiguous
in SYSTEMPATH\Database\BaseConnection.php on line 645.
 1 SYSTEMPATH\Database\BaseBuilder.php(1602): CodeIgniter\Database\BaseConnection->query('SELECT *
FROM `tb_surat`
JOIN `tb_jenis` ON `tb_jenis`.`id_jenis` = `tb_surat`.`id_jenis`
WHERE `id_jenis` = :id_jenis:', [...], false)
 2 APPPATH\Models\SuratModel.php(39): CodeIgniter\Database\BaseBuilder->get()
 3 APPPATH\Controllers\SuratMasuk.php(98): App\Models\SuratModel->joinSuratId('1')
 4 SYSTEMPATH\CodeIgniter.php(934): App\Controllers\SuratMasuk->edit('1')
 5 SYSTEMPATH\CodeIgniter.php(499): CodeIgniter\CodeIgniter->runController(Object(App\Controllers\SuratMasuk))
 6 SYSTEMPATH\CodeIgniter.php(368): CodeIgniter\CodeIgniter->handleRequest(null, Object(Config\Cache), false)
 7 FCPATH\index.php(67): CodeIgniter\CodeIgniter->run()
 8 SYSTEMPATH\Commands\Server\rewrite.php(47): require_once('FCPATH\\index.php')
INFO - 2023-05-23 08:53:13 --> Session: Class initialized using 'CodeIgniter\Session\Handlers\FileHandler' driver.
INFO - 2023-05-23 08:54:30 --> Session: Class initialized using 'CodeIgniter\Session\Handlers\FileHandler' driver.
INFO - 2023-05-23 08:56:46 --> Session: Class initialized using 'CodeIgniter\Session\Handlers\FileHandler' driver.
INFO - 2023-05-23 08:57:04 --> Session: Class initialized using 'CodeIgniter\Session\Handlers\FileHandler' driver.
INFO - 2023-05-23 09:01:45 --> Session: Class initialized using 'CodeIgniter\Session\Handlers\FileHandler' driver.
INFO - 2023-05-23 10:34:35 --> Session: Class initialized using 'CodeIgniter\Session\Handlers\FileHandler' driver.
INFO - 2023-05-23 10:34:49 --> Session: Class initialized using 'CodeIgniter\Session\Handlers\FileHandler' driver.
INFO - 2023-05-23 10:34:49 --> Session: Class initialized using 'CodeIgniter\Session\Handlers\FileHandler' driver.
INFO - 2023-05-23 10:34:53 --> Session: Class initialized using 'CodeIgniter\Session\Handlers\FileHandler' driver.
INFO - 2023-05-23 10:35:04 --> Session: Class initialized using 'CodeIgniter\Session\Handlers\FileHandler' driver.
INFO - 2023-05-23 10:43:17 --> Session: Class initialized using 'CodeIgniter\Session\Handlers\FileHandler' driver.
CRITICAL - 2023-05-23 10:43:17 --> Undefined variable $datamobil
in APPPATH\Views\surat_masuk\edit.php on line 22.
 1 APPPATH\Views\surat_masuk\edit.php(22): CodeIgniter\Debug\Exceptions->errorHandler(2, 'Undefined variable $datamobil', 'APPPATH\\Views\\surat_masuk\\edit.php', 22)
 2 SYSTEMPATH\View\View.php(213): include('APPPATH\\Views\\surat_masuk\\edit.php')
 3 SYSTEMPATH\View\View.php(216): CodeIgniter\View\View->CodeIgniter\View\{closure}()
 4 SYSTEMPATH\Common.php(1177): CodeIgniter\View\View->render('surat_masuk/edit', [], true)
 5 APPPATH\Controllers\SuratMasuk.php(101): view('surat_masuk/edit', [...])
 6 SYSTEMPATH\CodeIgniter.php(934): App\Controllers\SuratMasuk->edit('1')
 7 SYSTEMPATH\CodeIgniter.php(499): CodeIgniter\CodeIgniter->runController(Object(App\Controllers\SuratMasuk))
 8 SYSTEMPATH\CodeIgniter.php(368): CodeIgniter\CodeIgniter->handleRequest(null, Object(Config\Cache), false)
 9 FCPATH\index.php(67): CodeIgniter\CodeIgniter->run()
10 SYSTEMPATH\Commands\Server\rewrite.php(47): require_once('FCPATH\\index.php')
INFO - 2023-05-23 10:44:05 --> Session: Class initialized using 'CodeIgniter\Session\Handlers\FileHandler' driver.
INFO - 2023-05-23 10:44:20 --> Session: Class initialized using 'CodeIgniter\Session\Handlers\FileHandler' driver.
CRITICAL - 2023-05-23 10:44:20 --> unlink(img/asd): No such file or directory
in APPPATH\Controllers\SuratMasuk.php on line 148.
 1 [internal function]: CodeIgniter\Debug\Exceptions->errorHandler(2, 'unlink(img/asd): No such file or directory', 'APPPATH\\Controllers\\SuratMasuk.php', 148)
 2 APPPATH\Controllers\SuratMasuk.php(148): unlink('img/asd')
 3 SYSTEMPATH\CodeIgniter.php(934): App\Controllers\SuratMasuk->update('1')
 4 SYSTEMPATH\CodeIgniter.php(499): CodeIgniter\CodeIgniter->runController(Object(App\Controllers\SuratMasuk))
 5 SYSTEMPATH\CodeIgniter.php(368): CodeIgniter\CodeIgniter->handleRequest(null, Object(Config\Cache), false)
 6 FCPATH\index.php(67): CodeIgniter\CodeIgniter->run()
 7 SYSTEMPATH\Commands\Server\rewrite.php(47): require_once('FCPATH\\index.php')
INFO - 2023-05-23 10:45:37 --> Session: Class initialized using 'CodeIgniter\Session\Handlers\FileHandler' driver.
CRITICAL - 2023-05-23 10:45:37 --> unlink(pdf/asd): No such file or directory
in APPPATH\Controllers\SuratMasuk.php on line 148.
 1 [internal function]: CodeIgniter\Debug\Exceptions->errorHandler(2, 'unlink(pdf/asd): No such file or directory', 'APPPATH\\Controllers\\SuratMasuk.php', 148)
 2 APPPATH\Controllers\SuratMasuk.php(148): unlink('pdf/asd')
 3 SYSTEMPATH\CodeIgniter.php(934): App\Controllers\SuratMasuk->update('1')
 4 SYSTEMPATH\CodeIgniter.php(499): CodeIgniter\CodeIgniter->runController(Object(App\Controllers\SuratMasuk))
 5 SYSTEMPATH\CodeIgniter.php(368): CodeIgniter\CodeIgniter->handleRequest(null, Object(Config\Cache), false)
 6 FCPATH\index.php(67): CodeIgniter\CodeIgniter->run()
 7 SYSTEMPATH\Commands\Server\rewrite.php(47): require_once('FCPATH\\index.php')
INFO - 2023-05-23 10:46:57 --> Session: Class initialized using 'CodeIgniter\Session\Handlers\FileHandler' driver.
INFO - 2023-05-23 10:47:26 --> Session: Class initialized using 'CodeIgniter\Session\Handlers\FileHandler' driver.
INFO - 2023-05-23 10:47:29 --> Session: Class initialized using 'CodeIgniter\Session\Handlers\FileHandler' driver.
INFO - 2023-05-23 10:47:38 --> Session: Class initialized using 'CodeIgniter\Session\Handlers\FileHandler' driver.
INFO - 2023-05-23 10:47:39 --> Session: Class initialized using 'CodeIgniter\Session\Handlers\FileHandler' driver.
INFO - 2023-05-23 10:47:52 --> Session: Class initialized using 'CodeIgniter\Session\Handlers\FileHandler' driver.
CRITICAL - 2023-05-23 10:47:52 --> Undefined variable $namaFile
in APPPATH\Controllers\SuratMasuk.php on line 156.
 1 APPPATH\Controllers\SuratMasuk.php(156): CodeIgniter\Debug\Exceptions->errorHandler(2, 'Undefined variable $namaFile', 'APPPATH\\Controllers\\SuratMasuk.php', 156)
 2 SYSTEMPATH\CodeIgniter.php(934): App\Controllers\SuratMasuk->update('4')
 3 SYSTEMPATH\CodeIgniter.php(499): CodeIgniter\CodeIgniter->runController(Object(App\Controllers\SuratMasuk))
 4 SYSTEMPATH\CodeIgniter.php(368): CodeIgniter\CodeIgniter->handleRequest(null, Object(Config\Cache), false)
 5 FCPATH\index.php(67): CodeIgniter\CodeIgniter->run()
 6 SYSTEMPATH\Commands\Server\rewrite.php(47): require_once('FCPATH\\index.php')
INFO - 2023-05-23 10:48:12 --> Session: Class initialized using 'CodeIgniter\Session\Handlers\FileHandler' driver.
CRITICAL - 2023-05-23 10:48:12 --> unlink(pdf/1684827953_7b5a341ebb35d1178b39.pdf): No such file or directory
in APPPATH\Controllers\SuratMasuk.php on line 148.
 1 [internal function]: CodeIgniter\Debug\Exceptions->errorHandler(2, 'unlink(pdf/1684827953_7b5a341ebb35d1178b39.pdf): No such file or directory', 'APPPATH\\Controllers\\SuratMasuk.php', 148)
 2 APPPATH\Controllers\SuratMasuk.php(148): unlink('pdf/1684827953_7b5a341ebb35d1178b39.pdf')
 3 SYSTEMPATH\CodeIgniter.php(934): App\Controllers\SuratMasuk->update('4')
 4 SYSTEMPATH\CodeIgniter.php(499): CodeIgniter\CodeIgniter->runController(Object(App\Controllers\SuratMasuk))
 5 SYSTEMPATH\CodeIgniter.php(368): CodeIgniter\CodeIgniter->handleRequest(null, Object(Config\Cache), false)
 6 FCPATH\index.php(67): CodeIgniter\CodeIgniter->run()
 7 SYSTEMPATH\Commands\Server\rewrite.php(47): require_once('FCPATH\\index.php')
INFO - 2023-05-23 10:49:25 --> Session: Class initialized using 'CodeIgniter\Session\Handlers\FileHandler' driver.
INFO - 2023-05-23 10:49:29 --> Session: Class initialized using 'CodeIgniter\Session\Handlers\FileHandler' driver.
INFO - 2023-05-23 10:49:32 --> Session: Class initialized using 'CodeIgniter\Session\Handlers\FileHandler' driver.
INFO - 2023-05-23 10:49:35 --> Session: Class initialized using 'CodeIgniter\Session\Handlers\FileHandler' driver.
INFO - 2023-05-23 10:49:52 --> Session: Class initialized using 'CodeIgniter\Session\Handlers\FileHandler' driver.
INFO - 2023-05-23 10:49:52 --> Session: Class initialized using 'CodeIgniter\Session\Handlers\FileHandler' driver.
INFO - 2023-05-23 10:50:04 --> Session: Class initialized using 'CodeIgniter\Session\Handlers\FileHandler' driver.
INFO - 2023-05-23 10:50:04 --> Session: Class initialized using 'CodeIgniter\Session\Handlers\FileHandler' driver.
INFO - 2023-05-23 10:50:15 --> Session: Class initialized using 'CodeIgniter\Session\Handlers\FileHandler' driver.
INFO - 2023-05-23 10:50:28 --> Session: Class initialized using 'CodeIgniter\Session\Handlers\FileHandler' driver.
INFO - 2023-05-23 10:50:28 --> Session: Class initialized using 'CodeIgniter\Session\Handlers\FileHandler' driver.
INFO - 2023-05-23 10:50:46 --> Session: Class initialized using 'CodeIgniter\Session\Handlers\FileHandler' driver.
INFO - 2023-05-23 10:50:57 --> Session: Class initialized using 'CodeIgniter\Session\Handlers\FileHandler' driver.
INFO - 2023-05-23 10:50:57 --> Session: Class initialized using 'CodeIgniter\Session\Handlers\FileHandler' driver.
INFO - 2023-05-23 10:51:13 --> Session: Class initialized using 'CodeIgniter\Session\Handlers\FileHandler' driver.
INFO - 2023-05-23 10:51:14 --> Session: Class initialized using 'CodeIgniter\Session\Handlers\FileHandler' driver.
INFO - 2023-05-23 10:51:20 --> Session: Class initialized using 'CodeIgniter\Session\Handlers\FileHandler' driver.
INFO - 2023-05-23 10:55:19 --> Session: Class initialized using 'CodeIgniter\Session\Handlers\FileHandler' driver.
INFO - 2023-05-23 10:55:23 --> Session: Class initialized using 'CodeIgniter\Session\Handlers\FileHandler' driver.
INFO - 2023-05-23 10:55:23 --> Session: Class initialized using 'CodeIgniter\Session\Handlers\FileHandler' driver.
INFO - 2023-05-23 11:01:23 --> Session: Class initialized using 'CodeIgniter\Session\Handlers\FileHandler' driver.
INFO - 2023-05-23 11:01:26 --> Session: Class initialized using 'CodeIgniter\Session\Handlers\FileHandler' driver.
CRITICAL - 2023-05-23 11:01:26 --> Invalid file: "surat_masuk/show.php"
in SYSTEMPATH\Exceptions\FrameworkException.php on line 33.
 1 SYSTEMPATH\View\View.php(201): CodeIgniter\Exceptions\FrameworkException::forInvalidFile('surat_masuk/show.php')
 2 SYSTEMPATH\Common.php(1177): CodeIgniter\View\View->render('surat_masuk/show', [], true)
 3 APPPATH\Controllers\SuratMasuk.php(120): view('surat_masuk/show', [...])
 4 SYSTEMPATH\CodeIgniter.php(934): App\Controllers\SuratMasuk->show('5')
 5 SYSTEMPATH\CodeIgniter.php(499): CodeIgniter\CodeIgniter->runController(Object(App\Controllers\SuratMasuk))
 6 SYSTEMPATH\CodeIgniter.php(368): CodeIgniter\CodeIgniter->handleRequest(null, Object(Config\Cache), false)
 7 FCPATH\index.php(67): CodeIgniter\CodeIgniter->run()
 8 SYSTEMPATH\Commands\Server\rewrite.php(47): require_once('FCPATH\\index.php')
INFO - 2023-05-23 11:01:48 --> Session: Class initialized using 'CodeIgniter\Session\Handlers\FileHandler' driver.
INFO - 2023-05-23 11:03:29 --> Session: Class initialized using 'CodeIgniter\Session\Handlers\FileHandler' driver.
INFO - 2023-05-23 11:04:45 --> Session: Class initialized using 'CodeIgniter\Session\Handlers\FileHandler' driver.
INFO - 2023-05-23 11:06:00 --> Session: Class initialized using 'CodeIgniter\Session\Handlers\FileHandler' driver.
INFO - 2023-05-23 11:06:43 --> Session: Class initialized using 'CodeIgniter\Session\Handlers\FileHandler' driver.
INFO - 2023-05-23 11:30:38 --> Session: Class initialized using 'CodeIgniter\Session\Handlers\FileHandler' driver.
INFO - 2023-05-23 11:30:40 --> Session: Class initialized using 'CodeIgniter\Session\Handlers\FileHandler' driver.
CRITICAL - 2023-05-23 11:30:40 --> Cannot use object of type mysqli as array
in APPPATH\Views\surat_keluar\index.php on line 26.
 1 SYSTEMPATH\View\View.php(213): include()
 2 SYSTEMPATH\View\View.php(216): CodeIgniter\View\View->CodeIgniter\View\{closure}()
 3 SYSTEMPATH\Common.php(1177): CodeIgniter\View\View->render('surat_keluar/index', [], true)
 4 APPPATH\Controllers\SuratKeluar.php(18): view('surat_keluar/index', [...])
 5 SYSTEMPATH\CodeIgniter.php(934): App\Controllers\SuratKeluar->index()
 6 SYSTEMPATH\CodeIgniter.php(499): CodeIgniter\CodeIgniter->runController(Object(App\Controllers\SuratKeluar))
 7 SYSTEMPATH\CodeIgniter.php(368): CodeIgniter\CodeIgniter->handleRequest(null, Object(Config\Cache), false)
 8 FCPATH\index.php(67): CodeIgniter\CodeIgniter->run()
 9 SYSTEMPATH\Commands\Server\rewrite.php(47): require_once('FCPATH\\index.php')
INFO - 2023-05-23 11:31:24 --> Session: Class initialized using 'CodeIgniter\Session\Handlers\FileHandler' driver.
CRITICAL - 2023-05-23 11:31:24 --> Cannot use object of type mysqli as array
in APPPATH\Views\surat_keluar\index.php on line 26.
 1 SYSTEMPATH\View\View.php(213): include()
 2 SYSTEMPATH\View\View.php(216): CodeIgniter\View\View->CodeIgniter\View\{closure}()
 3 SYSTEMPATH\Common.php(1177): CodeIgniter\View\View->render('surat_keluar/index', [], true)
 4 APPPATH\Controllers\SuratKeluar.php(18): view('surat_keluar/index', [...])
 5 SYSTEMPATH\CodeIgniter.php(934): App\Controllers\SuratKeluar->index()
 6 SYSTEMPATH\CodeIgniter.php(499): CodeIgniter\CodeIgniter->runController(Object(App\Controllers\SuratKeluar))
 7 SYSTEMPATH\CodeIgniter.php(368): CodeIgniter\CodeIgniter->handleRequest(null, Object(Config\Cache), false)
 8 FCPATH\index.php(67): CodeIgniter\CodeIgniter->run()
 9 SYSTEMPATH\Commands\Server\rewrite.php(47): require_once('FCPATH\\index.php')
INFO - 2023-05-23 11:31:41 --> Session: Class initialized using 'CodeIgniter\Session\Handlers\FileHandler' driver.
INFO - 2023-05-23 11:31:43 --> Session: Class initialized using 'CodeIgniter\Session\Handlers\FileHandler' driver.
INFO - 2023-05-23 11:31:48 --> Session: Class initialized using 'CodeIgniter\Session\Handlers\FileHandler' driver.
CRITICAL - 2023-05-23 11:31:48 --> Cannot use object of type mysqli as array
in APPPATH\Views\surat_keluar\index.php on line 26.
 1 SYSTEMPATH\View\View.php(213): include()
 2 SYSTEMPATH\View\View.php(216): CodeIgniter\View\View->CodeIgniter\View\{closure}()
 3 SYSTEMPATH\Common.php(1177): CodeIgniter\View\View->render('surat_keluar/index', [], true)
 4 APPPATH\Controllers\SuratKeluar.php(18): view('surat_keluar/index', [...])
 5 SYSTEMPATH\CodeIgniter.php(934): App\Controllers\SuratKeluar->index()
 6 SYSTEMPATH\CodeIgniter.php(499): CodeIgniter\CodeIgniter->runController(Object(App\Controllers\SuratKeluar))
 7 SYSTEMPATH\CodeIgniter.php(368): CodeIgniter\CodeIgniter->handleRequest(null, Object(Config\Cache), false)
 8 FCPATH\index.php(67): CodeIgniter\CodeIgniter->run()
 9 SYSTEMPATH\Commands\Server\rewrite.php(47): require_once('FCPATH\\index.php')
INFO - 2023-05-23 11:32:27 --> Session: Class initialized using 'CodeIgniter\Session\Handlers\FileHandler' driver.
INFO - 2023-05-23 11:32:30 --> Session: Class initialized using 'CodeIgniter\Session\Handlers\FileHandler' driver.
INFO - 2023-05-23 11:32:39 --> Session: Class initialized using 'CodeIgniter\Session\Handlers\FileHandler' driver.
INFO - 2023-05-23 11:32:39 --> Session: Class initialized using 'CodeIgniter\Session\Handlers\FileHandler' driver.
INFO - 2023-05-23 11:34:56 --> Session: Class initialized using 'CodeIgniter\Session\Handlers\FileHandler' driver.
INFO - 2023-05-23 11:35:00 --> Session: Class initialized using 'CodeIgniter\Session\Handlers\FileHandler' driver.
INFO - 2023-05-23 11:35:02 --> Session: Class initialized using 'CodeIgniter\Session\Handlers\FileHandler' driver.
INFO - 2023-05-23 11:35:11 --> Session: Class initialized using 'CodeIgniter\Session\Handlers\FileHandler' driver.
INFO - 2023-05-23 11:35:11 --> Session: Class initialized using 'CodeIgniter\Session\Handlers\FileHandler' driver.
INFO - 2023-05-23 11:38:22 --> Session: Class initialized using 'CodeIgniter\Session\Handlers\FileHandler' driver.
INFO - 2023-05-23 11:38:30 --> Session: Class initialized using 'CodeIgniter\Session\Handlers\FileHandler' driver.
INFO - 2023-05-23 11:38:37 --> Session: Class initialized using 'CodeIgniter\Session\Handlers\FileHandler' driver.
INFO - 2023-05-23 11:38:45 --> Session: Class initialized using 'CodeIgniter\Session\Handlers\FileHandler' driver.
INFO - 2023-05-23 11:38:48 --> Session: Class initialized using 'CodeIgniter\Session\Handlers\FileHandler' driver.
INFO - 2023-05-23 11:38:49 --> Session: Class initialized using 'CodeIgniter\Session\Handlers\FileHandler' driver.
INFO - 2023-05-23 11:39:23 --> Session: Class initialized using 'CodeIgniter\Session\Handlers\FileHandler' driver.
INFO - 2023-05-23 11:39:29 --> Session: Class initialized using 'CodeIgniter\Session\Handlers\FileHandler' driver.
INFO - 2023-05-23 11:44:29 --> Session: Class initialized using 'CodeIgniter\Session\Handlers\FileHandler' driver.
INFO - 2023-05-23 11:46:21 --> Session: Class initialized using 'CodeIgniter\Session\Handlers\FileHandler' driver.
INFO - 2023-05-23 11:46:27 --> Session: Class initialized using 'CodeIgniter\Session\Handlers\FileHandler' driver.
INFO - 2023-05-23 11:46:31 --> Session: Class initialized using 'CodeIgniter\Session\Handlers\FileHandler' driver.
INFO - 2023-05-23 11:46:44 --> Session: Class initialized using 'CodeIgniter\Session\Handlers\FileHandler' driver.
INFO - 2023-05-23 11:49:41 --> Session: Class initialized using 'CodeIgniter\Session\Handlers\FileHandler' driver.
INFO - 2023-05-23 11:50:33 --> Session: Class initialized using 'CodeIgniter\Session\Handlers\FileHandler' driver.
INFO - 2023-05-23 11:50:37 --> Session: Class initialized using 'CodeIgniter\Session\Handlers\FileHandler' driver.
INFO - 2023-05-23 11:50:39 --> Session: Class initialized using 'CodeIgniter\Session\Handlers\FileHandler' driver.
INFO - 2023-05-23 11:50:43 --> Session: Class initialized using 'CodeIgniter\Session\Handlers\FileHandler' driver.
INFO - 2023-05-23 11:53:06 --> Session: Class initialized using 'CodeIgniter\Session\Handlers\FileHandler' driver.
INFO - 2023-05-23 11:53:08 --> Session: Class initialized using 'CodeIgniter\Session\Handlers\FileHandler' driver.
INFO - 2023-05-23 11:53:12 --> Session: Class initialized using 'CodeIgniter\Session\Handlers\FileHandler' driver.
INFO - 2023-05-23 11:53:18 --> Session: Class initialized using 'CodeIgniter\Session\Handlers\FileHandler' driver.
INFO - 2023-05-23 11:53:50 --> Session: Class initialized using 'CodeIgniter\Session\Handlers\FileHandler' driver.
CRITICAL - 2023-05-23 11:53:50 --> Undefined variable $dataakun
in APPPATH\Views\setting.php on line 38.
 1 APPPATH\Views\setting.php(38): CodeIgniter\Debug\Exceptions->errorHandler(2, 'Undefined variable $dataakun', 'APPPATH\\Views\\setting.php', 38)
 2 SYSTEMPATH\View\View.php(213): include('APPPATH\\Views\\setting.php')
 3 SYSTEMPATH\View\View.php(216): CodeIgniter\View\View->CodeIgniter\View\{closure}()
 4 SYSTEMPATH\Common.php(1177): CodeIgniter\View\View->render('setting', [], true)
 5 APPPATH\Controllers\Setting.php(21): view('setting', [...])
 6 SYSTEMPATH\CodeIgniter.php(934): App\Controllers\Setting->edit('4')
 7 SYSTEMPATH\CodeIgniter.php(499): CodeIgniter\CodeIgniter->runController(Object(App\Controllers\Setting))
 8 SYSTEMPATH\CodeIgniter.php(368): CodeIgniter\CodeIgniter->handleRequest(null, Object(Config\Cache), false)
 9 FCPATH\index.php(67): CodeIgniter\CodeIgniter->run()
10 SYSTEMPATH\Commands\Server\rewrite.php(47): require_once('FCPATH\\index.php')
INFO - 2023-05-23 11:56:09 --> Session: Class initialized using 'CodeIgniter\Session\Handlers\FileHandler' driver.
INFO - 2023-05-23 11:57:30 --> Session: Class initialized using 'CodeIgniter\Session\Handlers\FileHandler' driver.
INFO - 2023-05-23 11:57:40 --> Session: Class initialized using 'CodeIgniter\Session\Handlers\FileHandler' driver.
INFO - 2023-05-23 11:57:40 --> Session: Class initialized using 'CodeIgniter\Session\Handlers\FileHandler' driver.
INFO - 2023-05-23 12:02:39 --> Session: Class initialized using 'CodeIgniter\Session\Handlers\FileHandler' driver.
INFO - 2023-05-23 12:02:48 --> Session: Class initialized using 'CodeIgniter\Session\Handlers\FileHandler' driver.
CRITICAL - 2023-05-23 12:02:48 --> Undefined property: App\Controllers\Setting::$akunModel
in APPPATH\Controllers\Setting.php on line 25.
 1 APPPATH\Controllers\Setting.php(25): CodeIgniter\Debug\Exceptions->errorHandler(2, 'Undefined property: App\\Controllers\\Setting::$akunModel', 'APPPATH\\Controllers\\Setting.php', 25)
 2 SYSTEMPATH\CodeIgniter.php(934): App\Controllers\Setting->update('4')
 3 SYSTEMPATH\CodeIgniter.php(499): CodeIgniter\CodeIgniter->runController(Object(App\Controllers\Setting))
 4 SYSTEMPATH\CodeIgniter.php(368): CodeIgniter\CodeIgniter->handleRequest(null, Object(Config\Cache), false)
 5 FCPATH\index.php(67): CodeIgniter\CodeIgniter->run()
 6 SYSTEMPATH\Commands\Server\rewrite.php(47): require_once('FCPATH\\index.php')
INFO - 2023-05-23 12:02:59 --> Session: Class initialized using 'CodeIgniter\Session\Handlers\FileHandler' driver.
CRITICAL - 2023-05-23 12:02:59 --> Undefined property: App\Controllers\Setting::$userModel
in APPPATH\Controllers\Setting.php on line 25.
 1 APPPATH\Controllers\Setting.php(25): CodeIgniter\Debug\Exceptions->errorHandler(2, 'Undefined property: App\\Controllers\\Setting::$userModel', 'APPPATH\\Controllers\\Setting.php', 25)
 2 SYSTEMPATH\CodeIgniter.php(934): App\Controllers\Setting->update('4')
 3 SYSTEMPATH\CodeIgniter.php(499): CodeIgniter\CodeIgniter->runController(Object(App\Controllers\Setting))
 4 SYSTEMPATH\CodeIgniter.php(368): CodeIgniter\CodeIgniter->handleRequest(null, Object(Config\Cache), false)
 5 FCPATH\index.php(67): CodeIgniter\CodeIgniter->run()
 6 SYSTEMPATH\Commands\Server\rewrite.php(47): require_once('FCPATH\\index.php')
INFO - 2023-05-23 12:03:24 --> Session: Class initialized using 'CodeIgniter\Session\Handlers\FileHandler' driver.
CRITICAL - 2023-05-23 12:03:25 --> Undefined property: App\Controllers\Setting::$usersModel
in APPPATH\Controllers\Setting.php on line 25.
 1 APPPATH\Controllers\Setting.php(25): CodeIgniter\Debug\Exceptions->errorHandler(2, 'Undefined property: App\\Controllers\\Setting::$usersModel', 'APPPATH\\Controllers\\Setting.php', 25)
 2 SYSTEMPATH\CodeIgniter.php(934): App\Controllers\Setting->update('4')
 3 SYSTEMPATH\CodeIgniter.php(499): CodeIgniter\CodeIgniter->runController(Object(App\Controllers\Setting))
 4 SYSTEMPATH\CodeIgniter.php(368): CodeIgniter\CodeIgniter->handleRequest(null, Object(Config\Cache), false)
 5 FCPATH\index.php(67): CodeIgniter\CodeIgniter->run()
 6 SYSTEMPATH\Commands\Server\rewrite.php(47): require_once('FCPATH\\index.php')
INFO - 2023-05-23 12:03:42 --> Session: Class initialized using 'CodeIgniter\Session\Handlers\FileHandler' driver.
INFO - 2023-05-23 12:03:42 --> Session: Class initialized using 'CodeIgniter\Session\Handlers\FileHandler' driver.
INFO - 2023-05-23 12:03:48 --> Session: Class initialized using 'CodeIgniter\Session\Handlers\FileHandler' driver.
INFO - 2023-05-23 12:06:54 --> Session: Class initialized using 'CodeIgniter\Session\Handlers\FileHandler' driver.
INFO - 2023-05-23 12:06:55 --> Session: Class initialized using 'CodeIgniter\Session\Handlers\FileHandler' driver.
INFO - 2023-05-23 12:07:54 --> Session: Class initialized using 'CodeIgniter\Session\Handlers\FileHandler' driver.
INFO - 2023-05-23 12:09:43 --> Session: Class initialized using 'CodeIgniter\Session\Handlers\FileHandler' driver.
INFO - 2023-05-23 12:09:44 --> Session: Class initialized using 'CodeIgniter\Session\Handlers\FileHandler' driver.
INFO - 2023-05-23 12:09:48 --> Session: Class initialized using 'CodeIgniter\Session\Handlers\FileHandler' driver.
INFO - 2023-05-23 12:10:41 --> Session: Class initialized using 'CodeIgniter\Session\Handlers\FileHandler' driver.
INFO - 2023-05-23 12:10:44 --> Session: Class initialized using 'CodeIgniter\Session\Handlers\FileHandler' driver.
INFO - 2023-05-23 12:10:45 --> Session: Class initialized using 'CodeIgniter\Session\Handlers\FileHandler' driver.
INFO - 2023-05-23 12:10:55 --> Session: Class initialized using 'CodeIgniter\Session\Handlers\FileHandler' driver.
INFO - 2023-05-23 12:10:55 --> Session: Class initialized using 'CodeIgniter\Session\Handlers\FileHandler' driver.
INFO - 2023-05-23 12:10:57 --> Session: Class initialized using 'CodeIgniter\Session\Handlers\FileHandler' driver.
INFO - 2023-05-23 13:01:38 --> Session: Class initialized using 'CodeIgniter\Session\Handlers\FileHandler' driver.
INFO - 2023-05-23 13:01:46 --> Session: Class initialized using 'CodeIgniter\Session\Handlers\FileHandler' driver.
INFO - 2023-05-23 13:01:59 --> Session: Class initialized using 'CodeIgniter\Session\Handlers\FileHandler' driver.
INFO - 2023-05-23 13:02:01 --> Session: Class initialized using 'CodeIgniter\Session\Handlers\FileHandler' driver.
INFO - 2023-05-23 13:02:07 --> Session: Class initialized using 'CodeIgniter\Session\Handlers\FileHandler' driver.
INFO - 2023-05-23 13:06:34 --> Session: Class initialized using 'CodeIgniter\Session\Handlers\FileHandler' driver.
INFO - 2023-05-23 13:08:48 --> Session: Class initialized using 'CodeIgniter\Session\Handlers\FileHandler' driver.
INFO - 2023-05-23 13:09:20 --> Session: Class initialized using 'CodeIgniter\Session\Handlers\FileHandler' driver.
INFO - 2023-05-23 13:10:12 --> Session: Class initialized using 'CodeIgniter\Session\Handlers\FileHandler' driver.
INFO - 2023-05-23 13:10:37 --> Session: Class initialized using 'CodeIgniter\Session\Handlers\FileHandler' driver.
INFO - 2023-05-23 13:10:42 --> Session: Class initialized using 'CodeIgniter\Session\Handlers\FileHandler' driver.
INFO - 2023-05-23 13:13:45 --> Session: Class initialized using 'CodeIgniter\Session\Handlers\FileHandler' driver.
INFO - 2023-05-23 13:13:55 --> Session: Class initialized using 'CodeIgniter\Session\Handlers\FileHandler' driver.
INFO - 2023-05-23 13:15:30 --> Session: Class initialized using 'CodeIgniter\Session\Handlers\FileHandler' driver.
INFO - 2023-05-23 13:16:58 --> Session: Class initialized using 'CodeIgniter\Session\Handlers\FileHandler' driver.
CRITICAL - 2023-05-23 13:16:58 --> Undefined array key "status_disposisi"
in APPPATH\Views\pengajuan\index.php on line 142.
 1 APPPATH\Views\pengajuan\index.php(142): CodeIgniter\Debug\Exceptions->errorHandler(2, 'Undefined array key "status_disposisi"', 'APPPATH\\Views\\pengajuan\\index.php', 142)
 2 SYSTEMPATH\View\View.php(213): include('APPPATH\\Views\\pengajuan\\index.php')
 3 SYSTEMPATH\View\View.php(216): CodeIgniter\View\View->CodeIgniter\View\{closure}()
 4 SYSTEMPATH\Common.php(1177): CodeIgniter\View\View->render('pengajuan/index', [], true)
 5 APPPATH\Controllers\Pengajuan.php(20): view('pengajuan/index', [...])
 6 SYSTEMPATH\CodeIgniter.php(934): App\Controllers\Pengajuan->index()
 7 SYSTEMPATH\CodeIgniter.php(499): CodeIgniter\CodeIgniter->runController(Object(App\Controllers\Pengajuan))
 8 SYSTEMPATH\CodeIgniter.php(368): CodeIgniter\CodeIgniter->handleRequest(null, Object(Config\Cache), false)
 9 FCPATH\index.php(67): CodeIgniter\CodeIgniter->run()
10 SYSTEMPATH\Commands\Server\rewrite.php(47): require_once('FCPATH\\index.php')
INFO - 2023-05-23 13:17:59 --> Session: Class initialized using 'CodeIgniter\Session\Handlers\FileHandler' driver.
INFO - 2023-05-23 13:18:11 --> Session: Class initialized using 'CodeIgniter\Session\Handlers\FileHandler' driver.
INFO - 2023-05-23 13:18:37 --> Session: Class initialized using 'CodeIgniter\Session\Handlers\FileHandler' driver.
INFO - 2023-05-23 13:18:53 --> Session: Class initialized using 'CodeIgniter\Session\Handlers\FileHandler' driver.
INFO - 2023-05-23 13:19:32 --> Session: Class initialized using 'CodeIgniter\Session\Handlers\FileHandler' driver.
INFO - 2023-05-23 13:19:32 --> Session: Class initialized using 'CodeIgniter\Session\Handlers\FileHandler' driver.
INFO - 2023-05-23 13:19:41 --> Session: Class initialized using 'CodeIgniter\Session\Handlers\FileHandler' driver.
INFO - 2023-05-23 13:19:42 --> Session: Class initialized using 'CodeIgniter\Session\Handlers\FileHandler' driver.
INFO - 2023-05-23 13:19:47 --> Session: Class initialized using 'CodeIgniter\Session\Handlers\FileHandler' driver.
INFO - 2023-05-23 13:19:52 --> Session: Class initialized using 'CodeIgniter\Session\Handlers\FileHandler' driver.
INFO - 2023-05-23 13:19:56 --> Session: Class initialized using 'CodeIgniter\Session\Handlers\FileHandler' driver.
INFO - 2023-05-23 13:20:04 --> Session: Class initialized using 'CodeIgniter\Session\Handlers\FileHandler' driver.
INFO - 2023-05-23 13:20:09 --> Session: Class initialized using 'CodeIgniter\Session\Handlers\FileHandler' driver.
INFO - 2023-05-23 13:20:18 --> Session: Class initialized using 'CodeIgniter\Session\Handlers\FileHandler' driver.
INFO - 2023-05-23 13:21:01 --> Session: Class initialized using 'CodeIgniter\Session\Handlers\FileHandler' driver.
INFO - 2023-05-23 13:21:09 --> Session: Class initialized using 'CodeIgniter\Session\Handlers\FileHandler' driver.
INFO - 2023-05-23 13:21:39 --> Session: Class initialized using 'CodeIgniter\Session\Handlers\FileHandler' driver.
INFO - 2023-05-23 13:21:52 --> Session: Class initialized using 'CodeIgniter\Session\Handlers\FileHandler' driver.
INFO - 2023-05-23 13:22:11 --> Session: Class initialized using 'CodeIgniter\Session\Handlers\FileHandler' driver.
INFO - 2023-05-23 13:22:56 --> Session: Class initialized using 'CodeIgniter\Session\Handlers\FileHandler' driver.
INFO - 2023-05-23 13:22:58 --> Session: Class initialized using 'CodeIgniter\Session\Handlers\FileHandler' driver.
INFO - 2023-05-23 13:22:59 --> Session: Class initialized using 'CodeIgniter\Session\Handlers\FileHandler' driver.
INFO - 2023-05-23 13:23:03 --> Session: Class initialized using 'CodeIgniter\Session\Handlers\FileHandler' driver.
INFO - 2023-05-23 13:23:05 --> Session: Class initialized using 'CodeIgniter\Session\Handlers\FileHandler' driver.
INFO - 2023-05-23 13:23:07 --> Session: Class initialized using 'CodeIgniter\Session\Handlers\FileHandler' driver.
INFO - 2023-05-23 13:23:13 --> Session: Class initialized using 'CodeIgniter\Session\Handlers\FileHandler' driver.
INFO - 2023-05-23 13:26:46 --> Session: Class initialized using 'CodeIgniter\Session\Handlers\FileHandler' driver.
INFO - 2023-05-23 13:26:55 --> Session: Class initialized using 'CodeIgniter\Session\Handlers\FileHandler' driver.
INFO - 2023-05-23 13:26:57 --> Session: Class initialized using 'CodeIgniter\Session\Handlers\FileHandler' driver.
INFO - 2023-05-23 13:27:33 --> Session: Class initialized using 'CodeIgniter\Session\Handlers\FileHandler' driver.
INFO - 2023-05-23 13:27:35 --> Session: Class initialized using 'CodeIgniter\Session\Handlers\FileHandler' driver.
INFO - 2023-05-23 13:27:36 --> Session: Class initialized using 'CodeIgniter\Session\Handlers\FileHandler' driver.
INFO - 2023-05-23 13:27:38 --> Session: Class initialized using 'CodeIgniter\Session\Handlers\FileHandler' driver.
INFO - 2023-05-23 13:27:40 --> Session: Class initialized using 'CodeIgniter\Session\Handlers\FileHandler' driver.
