INFO - 2023-07-27 03:32:39 --> Session: Class initialized using 'CodeIgniter\Session\Handlers\FileHandler' driver.
INFO - 2023-07-27 03:32:40 --> Session: Class initialized using 'CodeIgniter\Session\Handlers\FileHandler' driver.
INFO - 2023-07-27 03:32:41 --> Cart Class Initialized
INFO - 2023-07-27 03:59:43 --> Session: Class initialized using 'CodeIgniter\Session\Handlers\FileHandler' driver.
INFO - 2023-07-27 03:59:43 --> Cart Class Initialized
INFO - 2023-07-27 03:59:49 --> Session: Class initialized using 'CodeIgniter\Session\Handlers\FileHandler' driver.
INFO - 2023-07-27 03:59:49 --> Cart Class Initialized
INFO - 2023-07-27 03:59:54 --> Session: Class initialized using 'CodeIgniter\Session\Handlers\FileHandler' driver.
INFO - 2023-07-27 03:59:54 --> Cart Class Initialized
INFO - 2023-07-27 04:00:07 --> Session: Class initialized using 'CodeIgniter\Session\Handlers\FileHandler' driver.
INFO - 2023-07-27 04:00:07 --> Cart Class Initialized
INFO - 2023-07-27 04:03:27 --> Session: Class initialized using 'CodeIgniter\Session\Handlers\FileHandler' driver.
INFO - 2023-07-27 04:03:27 --> Cart Class Initialized
INFO - 2023-07-27 04:03:38 --> Session: Class initialized using 'CodeIgniter\Session\Handlers\FileHandler' driver.
INFO - 2023-07-27 04:03:38 --> Cart Class Initialized
INFO - 2023-07-27 04:03:39 --> Session: Class initialized using 'CodeIgniter\Session\Handlers\FileHandler' driver.
INFO - 2023-07-27 04:03:39 --> Cart Class Initialized
INFO - 2023-07-27 04:03:46 --> Session: Class initialized using 'CodeIgniter\Session\Handlers\FileHandler' driver.
INFO - 2023-07-27 04:03:46 --> Cart Class Initialized
INFO - 2023-07-27 04:03:52 --> Session: Class initialized using 'CodeIgniter\Session\Handlers\FileHandler' driver.
INFO - 2023-07-27 04:03:52 --> Cart Class Initialized
INFO - 2023-07-27 04:03:53 --> Session: Class initialized using 'CodeIgniter\Session\Handlers\FileHandler' driver.
INFO - 2023-07-27 04:03:53 --> Cart Class Initialized
INFO - 2023-07-27 04:04:14 --> Session: Class initialized using 'CodeIgniter\Session\Handlers\FileHandler' driver.
INFO - 2023-07-27 04:04:14 --> Cart Class Initialized
INFO - 2023-07-27 04:04:19 --> Session: Class initialized using 'CodeIgniter\Session\Handlers\FileHandler' driver.
INFO - 2023-07-27 04:04:19 --> Cart Class Initialized
INFO - 2023-07-27 04:04:20 --> Session: Class initialized using 'CodeIgniter\Session\Handlers\FileHandler' driver.
INFO - 2023-07-27 04:04:20 --> Cart Class Initialized
INFO - 2023-07-27 04:04:26 --> Session: Class initialized using 'CodeIgniter\Session\Handlers\FileHandler' driver.
INFO - 2023-07-27 04:04:26 --> Cart Class Initialized
INFO - 2023-07-27 04:04:27 --> Session: Class initialized using 'CodeIgniter\Session\Handlers\FileHandler' driver.
INFO - 2023-07-27 04:04:27 --> Cart Class Initialized
INFO - 2023-07-27 04:04:31 --> Session: Class initialized using 'CodeIgniter\Session\Handlers\FileHandler' driver.
INFO - 2023-07-27 04:04:31 --> Cart Class Initialized
INFO - 2023-07-27 04:04:38 --> Session: Class initialized using 'CodeIgniter\Session\Handlers\FileHandler' driver.
INFO - 2023-07-27 04:04:38 --> Cart Class Initialized
INFO - 2023-07-27 04:04:39 --> Session: Class initialized using 'CodeIgniter\Session\Handlers\FileHandler' driver.
INFO - 2023-07-27 04:04:39 --> Cart Class Initialized
INFO - 2023-07-27 04:05:11 --> Session: Class initialized using 'CodeIgniter\Session\Handlers\FileHandler' driver.
INFO - 2023-07-27 04:05:11 --> Cart Class Initialized
INFO - 2023-07-27 04:05:17 --> Session: Class initialized using 'CodeIgniter\Session\Handlers\FileHandler' driver.
INFO - 2023-07-27 04:05:17 --> Cart Class Initialized
INFO - 2023-07-27 04:05:26 --> Session: Class initialized using 'CodeIgniter\Session\Handlers\FileHandler' driver.
INFO - 2023-07-27 04:05:26 --> Cart Class Initialized
INFO - 2023-07-27 04:05:26 --> Session: Class initialized using 'CodeIgniter\Session\Handlers\FileHandler' driver.
INFO - 2023-07-27 04:05:26 --> Cart Class Initialized
INFO - 2023-07-27 04:05:35 --> Session: Class initialized using 'CodeIgniter\Session\Handlers\FileHandler' driver.
INFO - 2023-07-27 04:05:35 --> Cart Class Initialized
INFO - 2023-07-27 04:05:45 --> Session: Class initialized using 'CodeIgniter\Session\Handlers\FileHandler' driver.
INFO - 2023-07-27 04:05:45 --> Cart Class Initialized
INFO - 2023-07-27 04:05:45 --> Session: Class initialized using 'CodeIgniter\Session\Handlers\FileHandler' driver.
INFO - 2023-07-27 04:05:45 --> Cart Class Initialized
INFO - 2023-07-27 04:06:49 --> Session: Class initialized using 'CodeIgniter\Session\Handlers\FileHandler' driver.
INFO - 2023-07-27 04:06:49 --> Cart Class Initialized
INFO - 2023-07-27 04:18:25 --> Session: Class initialized using 'CodeIgniter\Session\Handlers\FileHandler' driver.
INFO - 2023-07-27 04:18:25 --> Cart Class Initialized
INFO - 2023-07-27 04:20:26 --> Session: Class initialized using 'CodeIgniter\Session\Handlers\FileHandler' driver.
INFO - 2023-07-27 04:20:26 --> Cart Class Initialized
INFO - 2023-07-27 04:20:26 --> Session: Class initialized using 'CodeIgniter\Session\Handlers\FileHandler' driver.
INFO - 2023-07-27 04:20:26 --> Cart Class Initialized
INFO - 2023-07-27 04:20:30 --> Session: Class initialized using 'CodeIgniter\Session\Handlers\FileHandler' driver.
INFO - 2023-07-27 04:20:30 --> Cart Class Initialized
INFO - 2023-07-27 04:20:37 --> Session: Class initialized using 'CodeIgniter\Session\Handlers\FileHandler' driver.
INFO - 2023-07-27 04:20:37 --> Cart Class Initialized
INFO - 2023-07-27 04:20:38 --> Session: Class initialized using 'CodeIgniter\Session\Handlers\FileHandler' driver.
INFO - 2023-07-27 04:20:38 --> Cart Class Initialized
INFO - 2023-07-27 04:20:42 --> Session: Class initialized using 'CodeIgniter\Session\Handlers\FileHandler' driver.
INFO - 2023-07-27 04:20:42 --> Cart Class Initialized
INFO - 2023-07-27 04:20:59 --> Session: Class initialized using 'CodeIgniter\Session\Handlers\FileHandler' driver.
INFO - 2023-07-27 04:21:00 --> Cart Class Initialized
INFO - 2023-07-27 04:21:00 --> Session: Class initialized using 'CodeIgniter\Session\Handlers\FileHandler' driver.
INFO - 2023-07-27 04:21:00 --> Cart Class Initialized
INFO - 2023-07-27 04:21:06 --> Session: Class initialized using 'CodeIgniter\Session\Handlers\FileHandler' driver.
INFO - 2023-07-27 04:21:06 --> Cart Class Initialized
INFO - 2023-07-27 04:21:17 --> Session: Class initialized using 'CodeIgniter\Session\Handlers\FileHandler' driver.
INFO - 2023-07-27 04:21:17 --> Cart Class Initialized
INFO - 2023-07-27 04:21:17 --> Session: Class initialized using 'CodeIgniter\Session\Handlers\FileHandler' driver.
INFO - 2023-07-27 04:21:17 --> Cart Class Initialized
INFO - 2023-07-27 04:22:02 --> Session: Class initialized using 'CodeIgniter\Session\Handlers\FileHandler' driver.
INFO - 2023-07-27 04:22:02 --> Cart Class Initialized
INFO - 2023-07-27 04:22:10 --> Session: Class initialized using 'CodeIgniter\Session\Handlers\FileHandler' driver.
INFO - 2023-07-27 04:22:10 --> Cart Class Initialized
INFO - 2023-07-27 04:22:20 --> Session: Class initialized using 'CodeIgniter\Session\Handlers\FileHandler' driver.
INFO - 2023-07-27 04:22:20 --> Cart Class Initialized
INFO - 2023-07-27 04:22:23 --> Session: Class initialized using 'CodeIgniter\Session\Handlers\FileHandler' driver.
INFO - 2023-07-27 04:22:23 --> Cart Class Initialized
INFO - 2023-07-27 04:23:26 --> Session: Class initialized using 'CodeIgniter\Session\Handlers\FileHandler' driver.
INFO - 2023-07-27 04:23:26 --> Cart Class Initialized
INFO - 2023-07-27 04:23:30 --> Session: Class initialized using 'CodeIgniter\Session\Handlers\FileHandler' driver.
INFO - 2023-07-27 04:23:31 --> Cart Class Initialized
INFO - 2023-07-27 04:23:35 --> Session: Class initialized using 'CodeIgniter\Session\Handlers\FileHandler' driver.
INFO - 2023-07-27 04:23:35 --> Cart Class Initialized
INFO - 2023-07-27 04:23:48 --> Session: Class initialized using 'CodeIgniter\Session\Handlers\FileHandler' driver.
INFO - 2023-07-27 04:23:48 --> Cart Class Initialized
INFO - 2023-07-27 04:23:49 --> Session: Class initialized using 'CodeIgniter\Session\Handlers\FileHandler' driver.
INFO - 2023-07-27 04:23:49 --> Cart Class Initialized
INFO - 2023-07-27 04:23:55 --> Session: Class initialized using 'CodeIgniter\Session\Handlers\FileHandler' driver.
INFO - 2023-07-27 04:23:55 --> Cart Class Initialized
INFO - 2023-07-27 04:24:12 --> Session: Class initialized using 'CodeIgniter\Session\Handlers\FileHandler' driver.
INFO - 2023-07-27 04:24:12 --> Cart Class Initialized
INFO - 2023-07-27 04:24:12 --> Session: Class initialized using 'CodeIgniter\Session\Handlers\FileHandler' driver.
INFO - 2023-07-27 04:24:12 --> Cart Class Initialized
INFO - 2023-07-27 04:24:30 --> Session: Class initialized using 'CodeIgniter\Session\Handlers\FileHandler' driver.
INFO - 2023-07-27 04:24:30 --> Cart Class Initialized
ERROR - 2023-07-27 04:24:30 --> mysqli_sql_exception: Column 'foto' cannot be null in C:\Users\isaka\OneDrive\Dokumen\application\ci4\vapor\vendor\codeigniter4\framework\system\Database\MySQLi\Connection.php:295
Stack trace:
#0 C:\Users\isaka\OneDrive\Dokumen\application\ci4\vapor\vendor\codeigniter4\framework\system\Database\MySQLi\Connection.php(295): mysqli->query('INSERT INTO `ba...', 0)
#1 C:\Users\isaka\OneDrive\Dokumen\application\ci4\vapor\vendor\codeigniter4\framework\system\Database\BaseConnection.php(691): CodeIgniter\Database\MySQLi\Connection->execute('INSERT INTO `ba...')
#2 C:\Users\isaka\OneDrive\Dokumen\application\ci4\vapor\vendor\codeigniter4\framework\system\Database\BaseConnection.php(605): CodeIgniter\Database\BaseConnection->simpleQuery('INSERT INTO `ba...')
#3 C:\Users\isaka\OneDrive\Dokumen\application\ci4\vapor\vendor\codeigniter4\framework\system\Database\BaseBuilder.php(2295): CodeIgniter\Database\BaseConnection->query('INSERT INTO `ba...', Array, false)
#4 C:\Users\isaka\OneDrive\Dokumen\application\ci4\vapor\vendor\codeigniter4\framework\system\Model.php(329): CodeIgniter\Database\BaseBuilder->insert()
#5 C:\Users\isaka\OneDrive\Dokumen\application\ci4\vapor\vendor\codeigniter4\framework\system\BaseModel.php(782): CodeIgniter\Model->doInsert(Array)
#6 C:\Users\isaka\OneDrive\Dokumen\application\ci4\vapor\vendor\codeigniter4\framework\system\Model.php(729): CodeIgniter\BaseModel->insert(Array, false)
#7 C:\Users\isaka\OneDrive\Dokumen\application\ci4\vapor\vendor\codeigniter4\framework\system\BaseModel.php(692): CodeIgniter\Model->insert(Array, false)
#8 C:\Users\isaka\OneDrive\Dokumen\application\ci4\vapor\app\Controllers\Barang.php(83): CodeIgniter\BaseModel->save(Array)
#9 C:\Users\isaka\OneDrive\Dokumen\application\ci4\vapor\vendor\codeigniter4\framework\system\CodeIgniter.php(934): App\Controllers\Barang->save()
#10 C:\Users\isaka\OneDrive\Dokumen\application\ci4\vapor\vendor\codeigniter4\framework\system\CodeIgniter.php(499): CodeIgniter\CodeIgniter->runController(Object(App\Controllers\Barang))
#11 C:\Users\isaka\OneDrive\Dokumen\application\ci4\vapor\vendor\codeigniter4\framework\system\CodeIgniter.php(368): CodeIgniter\CodeIgniter->handleRequest(NULL, Object(Config\Cache), false)
#12 C:\Users\isaka\OneDrive\Dokumen\application\ci4\vapor\public\index.php(67): CodeIgniter\CodeIgniter->run()
#13 C:\Users\isaka\OneDrive\Dokumen\application\ci4\vapor\vendor\codeigniter4\framework\system\Commands\Server\rewrite.php(47): require_once('C:\\Users\\isaka\\...')
#14 {main}
CRITICAL - 2023-07-27 04:24:31 --> Column 'foto' cannot be null
in SYSTEMPATH\Database\BaseConnection.php on line 645.
 1 SYSTEMPATH\Database\BaseBuilder.php(2295): CodeIgniter\Database\BaseConnection->query('INSERT INTO `barang` (`nama_barang`, `jumlah_barang`, `harga_barang`, `id_kategori`, `foto`) VALUES (:nama_barang:, :jumlah_barang:, :harga_barang:, :id_kategori:, :foto:)', [...], false)
 2 SYSTEMPATH\Model.php(329): CodeIgniter\Database\BaseBuilder->insert()
 3 SYSTEMPATH\BaseModel.php(782): CodeIgniter\Model->doInsert([...])
 4 SYSTEMPATH\Model.php(729): CodeIgniter\BaseModel->insert([...], false)
 5 SYSTEMPATH\BaseModel.php(692): CodeIgniter\Model->insert([...], false)
 6 APPPATH\Controllers\Barang.php(83): CodeIgniter\BaseModel->save([...])
 7 SYSTEMPATH\CodeIgniter.php(934): App\Controllers\Barang->save()
 8 SYSTEMPATH\CodeIgniter.php(499): CodeIgniter\CodeIgniter->runController(Object(App\Controllers\Barang))
 9 SYSTEMPATH\CodeIgniter.php(368): CodeIgniter\CodeIgniter->handleRequest(null, Object(Config\Cache), false)
10 FCPATH\index.php(67): CodeIgniter\CodeIgniter->run()
11 SYSTEMPATH\Commands\Server\rewrite.php(47): require_once('FCPATH\\index.php')
INFO - 2023-07-27 04:29:54 --> Session: Class initialized using 'CodeIgniter\Session\Handlers\FileHandler' driver.
INFO - 2023-07-27 04:29:54 --> Cart Class Initialized
INFO - 2023-07-27 04:29:54 --> Session: Class initialized using 'CodeIgniter\Session\Handlers\FileHandler' driver.
INFO - 2023-07-27 04:29:54 --> Cart Class Initialized
INFO - 2023-07-27 04:31:42 --> Session: Class initialized using 'CodeIgniter\Session\Handlers\FileHandler' driver.
INFO - 2023-07-27 04:31:42 --> Cart Class Initialized
INFO - 2023-07-27 04:39:22 --> Session: Class initialized using 'CodeIgniter\Session\Handlers\FileHandler' driver.
INFO - 2023-07-27 04:39:22 --> Cart Class Initialized
INFO - 2023-07-27 04:39:35 --> Session: Class initialized using 'CodeIgniter\Session\Handlers\FileHandler' driver.
INFO - 2023-07-27 04:39:35 --> Cart Class Initialized
INFO - 2023-07-27 04:39:36 --> Session: Class initialized using 'CodeIgniter\Session\Handlers\FileHandler' driver.
INFO - 2023-07-27 04:39:36 --> Cart Class Initialized
INFO - 2023-07-27 04:39:57 --> Session: Class initialized using 'CodeIgniter\Session\Handlers\FileHandler' driver.
INFO - 2023-07-27 04:39:58 --> Cart Class Initialized
INFO - 2023-07-27 04:41:18 --> Session: Class initialized using 'CodeIgniter\Session\Handlers\FileHandler' driver.
INFO - 2023-07-27 04:41:18 --> Cart Class Initialized
CRITICAL - 2023-07-27 04:41:18 --> finfo_file(C:\wamp64\tmp\php1F82.tmp): Failed to open stream: No such file or directory
in SYSTEMPATH\Files\File.php on line 115.
 1 [internal function]: CodeIgniter\Debug\Exceptions->errorHandler(2, 'finfo_file(C:\\wamp64\\tmp\\php1F82.tmp): Failed to open stream: No such file or directory', 'SYSTEMPATH\\Files\\File.php', 115)
 2 SYSTEMPATH\Files\File.php(115): finfo_file(Object(finfo), 'C:\\wamp64\\tmp\\php1F82.tmp')
 3 SYSTEMPATH\HTTP\Files\UploadedFile.php(302): CodeIgniter\Files\File->getMimeType()
 4 SYSTEMPATH\HTTP\Files\UploadedFile.php(291): CodeIgniter\HTTP\Files\UploadedFile->guessExtension()
 5 SYSTEMPATH\Files\File.php(127): CodeIgniter\HTTP\Files\UploadedFile->getExtension()
 6 APPPATH\Controllers\Barang.php(173): CodeIgniter\Files\File->getRandomName()
 7 SYSTEMPATH\CodeIgniter.php(934): App\Controllers\Barang->update('4')
 8 SYSTEMPATH\CodeIgniter.php(499): CodeIgniter\CodeIgniter->runController(Object(App\Controllers\Barang))
 9 SYSTEMPATH\CodeIgniter.php(368): CodeIgniter\CodeIgniter->handleRequest(null, Object(Config\Cache), false)
10 FCPATH\index.php(67): CodeIgniter\CodeIgniter->run()
11 SYSTEMPATH\Commands\Server\rewrite.php(47): require_once('FCPATH\\index.php')
INFO - 2023-07-27 04:41:52 --> Session: Class initialized using 'CodeIgniter\Session\Handlers\FileHandler' driver.
INFO - 2023-07-27 04:41:52 --> Cart Class Initialized
INFO - 2023-07-27 04:41:53 --> Session: Class initialized using 'CodeIgniter\Session\Handlers\FileHandler' driver.
INFO - 2023-07-27 04:41:53 --> Cart Class Initialized
INFO - 2023-07-27 04:42:05 --> Session: Class initialized using 'CodeIgniter\Session\Handlers\FileHandler' driver.
INFO - 2023-07-27 04:42:05 --> Cart Class Initialized
INFO - 2023-07-27 04:42:06 --> Session: Class initialized using 'CodeIgniter\Session\Handlers\FileHandler' driver.
INFO - 2023-07-27 04:42:06 --> Cart Class Initialized
INFO - 2023-07-27 04:44:41 --> Session: Class initialized using 'CodeIgniter\Session\Handlers\FileHandler' driver.
INFO - 2023-07-27 04:44:41 --> Cart Class Initialized
INFO - 2023-07-27 04:44:42 --> Session: Class initialized using 'CodeIgniter\Session\Handlers\FileHandler' driver.
INFO - 2023-07-27 04:44:42 --> Cart Class Initialized
INFO - 2023-07-27 04:44:55 --> Session: Class initialized using 'CodeIgniter\Session\Handlers\FileHandler' driver.
INFO - 2023-07-27 04:44:55 --> Cart Class Initialized
INFO - 2023-07-27 04:44:55 --> Session: Class initialized using 'CodeIgniter\Session\Handlers\FileHandler' driver.
INFO - 2023-07-27 04:44:55 --> Cart Class Initialized
INFO - 2023-07-27 04:45:14 --> Session: Class initialized using 'CodeIgniter\Session\Handlers\FileHandler' driver.
INFO - 2023-07-27 04:45:14 --> Cart Class Initialized
INFO - 2023-07-27 04:45:14 --> Session: Class initialized using 'CodeIgniter\Session\Handlers\FileHandler' driver.
INFO - 2023-07-27 04:45:14 --> Cart Class Initialized
INFO - 2023-07-27 06:47:27 --> Session: Class initialized using 'CodeIgniter\Session\Handlers\FileHandler' driver.
INFO - 2023-07-27 06:47:28 --> Session: Class initialized using 'CodeIgniter\Session\Handlers\FileHandler' driver.
INFO - 2023-07-27 06:47:28 --> Cart Class Initialized
INFO - 2023-07-27 06:47:39 --> Session: Class initialized using 'CodeIgniter\Session\Handlers\FileHandler' driver.
INFO - 2023-07-27 06:47:39 --> Cart Class Initialized
INFO - 2023-07-27 06:47:41 --> Session: Class initialized using 'CodeIgniter\Session\Handlers\FileHandler' driver.
INFO - 2023-07-27 06:47:41 --> Cart Class Initialized
INFO - 2023-07-27 06:48:11 --> Session: Class initialized using 'CodeIgniter\Session\Handlers\FileHandler' driver.
INFO - 2023-07-27 06:48:11 --> Session: Class initialized using 'CodeIgniter\Session\Handlers\FileHandler' driver.
INFO - 2023-07-27 06:48:11 --> Cart Class Initialized
INFO - 2023-07-27 06:48:18 --> Session: Class initialized using 'CodeIgniter\Session\Handlers\FileHandler' driver.
INFO - 2023-07-27 06:48:18 --> Cart Class Initialized
INFO - 2023-07-27 06:49:08 --> Session: Class initialized using 'CodeIgniter\Session\Handlers\FileHandler' driver.
INFO - 2023-07-27 06:49:08 --> Cart Class Initialized
INFO - 2023-07-27 06:49:14 --> Session: Class initialized using 'CodeIgniter\Session\Handlers\FileHandler' driver.
INFO - 2023-07-27 06:49:14 --> Cart Class Initialized
INFO - 2023-07-27 06:49:23 --> Session: Class initialized using 'CodeIgniter\Session\Handlers\FileHandler' driver.
INFO - 2023-07-27 06:49:23 --> Cart Class Initialized
INFO - 2023-07-27 06:49:31 --> Session: Class initialized using 'CodeIgniter\Session\Handlers\FileHandler' driver.
INFO - 2023-07-27 06:49:31 --> Cart Class Initialized
INFO - 2023-07-27 06:49:37 --> Session: Class initialized using 'CodeIgniter\Session\Handlers\FileHandler' driver.
INFO - 2023-07-27 06:49:37 --> Cart Class Initialized
INFO - 2023-07-27 06:49:44 --> Session: Class initialized using 'CodeIgniter\Session\Handlers\FileHandler' driver.
INFO - 2023-07-27 06:49:44 --> Cart Class Initialized
INFO - 2023-07-27 06:49:52 --> Session: Class initialized using 'CodeIgniter\Session\Handlers\FileHandler' driver.
INFO - 2023-07-27 06:49:52 --> Cart Class Initialized
INFO - 2023-07-27 06:50:03 --> Session: Class initialized using 'CodeIgniter\Session\Handlers\FileHandler' driver.
INFO - 2023-07-27 06:50:03 --> Cart Class Initialized
INFO - 2023-07-27 06:51:27 --> Session: Class initialized using 'CodeIgniter\Session\Handlers\FileHandler' driver.
INFO - 2023-07-27 06:51:27 --> Cart Class Initialized
INFO - 2023-07-27 06:51:31 --> Session: Class initialized using 'CodeIgniter\Session\Handlers\FileHandler' driver.
INFO - 2023-07-27 06:51:31 --> Cart Class Initialized
INFO - 2023-07-27 06:51:37 --> Session: Class initialized using 'CodeIgniter\Session\Handlers\FileHandler' driver.
INFO - 2023-07-27 06:51:37 --> Cart Class Initialized
INFO - 2023-07-27 06:51:49 --> Session: Class initialized using 'CodeIgniter\Session\Handlers\FileHandler' driver.
INFO - 2023-07-27 06:51:49 --> Cart Class Initialized
INFO - 2023-07-27 06:52:04 --> Session: Class initialized using 'CodeIgniter\Session\Handlers\FileHandler' driver.
INFO - 2023-07-27 06:52:04 --> Cart Class Initialized
INFO - 2023-07-27 07:09:19 --> Session: Class initialized using 'CodeIgniter\Session\Handlers\FileHandler' driver.
INFO - 2023-07-27 07:09:19 --> Cart Class Initialized
INFO - 2023-07-27 07:09:29 --> Session: Class initialized using 'CodeIgniter\Session\Handlers\FileHandler' driver.
INFO - 2023-07-27 07:09:29 --> Cart Class Initialized
INFO - 2023-07-27 07:09:55 --> Session: Class initialized using 'CodeIgniter\Session\Handlers\FileHandler' driver.
INFO - 2023-07-27 07:09:55 --> Cart Class Initialized
INFO - 2023-07-27 07:10:18 --> Session: Class initialized using 'CodeIgniter\Session\Handlers\FileHandler' driver.
INFO - 2023-07-27 07:10:18 --> Cart Class Initialized
INFO - 2023-07-27 07:10:23 --> Session: Class initialized using 'CodeIgniter\Session\Handlers\FileHandler' driver.
INFO - 2023-07-27 07:10:23 --> Cart Class Initialized
INFO - 2023-07-27 07:10:41 --> Session: Class initialized using 'CodeIgniter\Session\Handlers\FileHandler' driver.
INFO - 2023-07-27 07:10:41 --> Cart Class Initialized
INFO - 2023-07-27 07:10:46 --> Session: Class initialized using 'CodeIgniter\Session\Handlers\FileHandler' driver.
INFO - 2023-07-27 07:10:46 --> Cart Class Initialized
INFO - 2023-07-27 07:10:50 --> Session: Class initialized using 'CodeIgniter\Session\Handlers\FileHandler' driver.
INFO - 2023-07-27 07:10:50 --> Cart Class Initialized
INFO - 2023-07-27 07:12:58 --> Session: Class initialized using 'CodeIgniter\Session\Handlers\FileHandler' driver.
INFO - 2023-07-27 07:12:58 --> Cart Class Initialized
INFO - 2023-07-27 07:13:03 --> Session: Class initialized using 'CodeIgniter\Session\Handlers\FileHandler' driver.
INFO - 2023-07-27 07:13:03 --> Cart Class Initialized
INFO - 2023-07-27 07:14:17 --> Session: Class initialized using 'CodeIgniter\Session\Handlers\FileHandler' driver.
INFO - 2023-07-27 07:14:17 --> Cart Class Initialized
INFO - 2023-07-27 07:15:51 --> Session: Class initialized using 'CodeIgniter\Session\Handlers\FileHandler' driver.
INFO - 2023-07-27 07:15:51 --> Cart Class Initialized
INFO - 2023-07-27 07:15:56 --> Session: Class initialized using 'CodeIgniter\Session\Handlers\FileHandler' driver.
INFO - 2023-07-27 07:15:56 --> Cart Class Initialized
